Copyright 1986-2021 Xilinx, Inc. All Rights Reserved.
------------------------------------------------------------------------------------
| Tool Version : Vivado v.2021.1 (win64) Build 3247384 Thu Jun 10 19:36:33 MDT 2021
| Date         : Sun Jan 16 19:09:50 2022
| Host         : Supersacris running 64-bit major release  (build 9200)
| Command      : report_control_sets -verbose -file TOP_control_sets_placed.rpt
| Design       : TOP
| Device       : xc7a100t
------------------------------------------------------------------------------------

Control Set Information

Table of Contents
-----------------
1. Summary
2. Histogram
3. Flip-Flop Distribution
4. Detailed Control Set Information

1. Summary
----------

+----------------------------------------------------------+-------+
|                          Status                          | Count |
+----------------------------------------------------------+-------+
| Total control sets                                       |    93 |
|    Minimum number of control sets                        |    93 |
|    Addition due to synthesis replication                 |     0 |
|    Addition due to physical synthesis replication        |     0 |
| Unused register locations in slices containing registers |   576 |
+----------------------------------------------------------+-------+
* Control sets can be merged at opt_design using control_set_merge or merge_equivalent_drivers
** Run report_qor_suggestions for automated merging and remapping suggestions


2. Histogram
------------

+--------------------+-------+
|       Fanout       | Count |
+--------------------+-------+
| Total control sets |    93 |
| >= 0 to < 4        |    69 |
| >= 4 to < 6        |    17 |
| >= 6 to < 8        |     0 |
| >= 8 to < 10       |     0 |
| >= 10 to < 12      |     1 |
| >= 12 to < 14      |     2 |
| >= 14 to < 16      |     0 |
| >= 16              |     4 |
+--------------------+-------+
* Control sets can be remapped at either synth_design or opt_design


3. Flip-Flop Distribution
-------------------------

+--------------+-----------------------+------------------------+-----------------+--------------+
| Clock Enable | Synchronous Set/Reset | Asynchronous Set/Reset | Total Registers | Total Slices |
+--------------+-----------------------+------------------------+-----------------+--------------+
| No           | No                    | No                     |              94 |           38 |
| No           | No                    | Yes                    |              56 |           33 |
| No           | Yes                   | No                     |              84 |           45 |
| Yes          | No                    | No                     |               0 |            0 |
| Yes          | No                    | Yes                    |              54 |           28 |
| Yes          | Yes                   | No                     |               0 |            0 |
+--------------+-----------------------+------------------------+-----------------+--------------+


4. Detailed Control Set Information
-----------------------------------

+--------------------------------------------------------------------+-----------------------------------------------+------------------------------------------------------+------------------+----------------+--------------+
|                            Clock Signal                            |                 Enable Signal                 |                   Set/Reset Signal                   | Slice Load Count | Bel Load Count | Bels / Slice |
+--------------------------------------------------------------------+-----------------------------------------------+------------------------------------------------------+------------------+----------------+--------------+
|  Control_Anodo1/Inst_clk10khz/clk_10khz                            |                                               | Control_Anodo1/flag[0]                               |                1 |              1 |         1.00 |
|  CLK_IBUF_BUFG                                                     | Modo_Temp1/Cuenta_atras1/dec_min0             | Modo_Temp1/Cuenta_atras1/dec_min_reg[3]_LDC_i_1_n_1  |                1 |              1 |         1.00 |
|  CLK_IBUF_BUFG                                                     | Modo_Temp1/Cuenta_atras1/dec_min0             | Modo_Temp1/Cuenta_atras1/dec_min_reg[0]_LDC_i_1_n_1  |                1 |              1 |         1.00 |
|  CLK_IBUF_BUFG                                                     | Modo_Temp1/Cuenta_atras1/led0                 | Modo_Temp1/Cuenta_atras1/Reset_s                     |                1 |              1 |         1.00 |
|  CLK_IBUF_BUFG                                                     | Modo_Temp1/Cuenta_atras1/unit_min0            | Modo_Temp1/Cuenta_atras1/unit_min_reg[3]_LDC_i_1_n_1 |                1 |              1 |         1.00 |
|  Ajedrez1/Reset_aux_B                                              |                                               | Ajedrez1/JugadorB/Reset_s_reg_i_1__2_n_1             |                1 |              1 |         1.00 |
|  Ajedrez1/Reset_aux_B                                              |                                               | Ajedrez1/JugadorA/Reset_s_reg_i_1__1_n_1             |                1 |              1 |         1.00 |
| ~Ajedrez1/Reset_aux_B                                              |                                               | Ajedrez1/Enable_count_B                              |                1 |              1 |         1.00 |
| ~Ajedrez1/Reset_aux_B                                              |                                               | Ajedrez1/Enable_count_A_reg/Q                        |                1 |              1 |         1.00 |
|  CLK_IBUF_BUFG                                                     | Modo_Temp1/Cuenta_atras1/unit_min0            | Modo_Temp1/Cuenta_atras1/unit_min_reg[2]_LDC_i_1_n_1 |                1 |              1 |         1.00 |
|  Control_Anodo1/Inst_clk10khz/clk_10khz                            |                                               | Control_Anodo1/refrescar_anodo[7]_i_1_n_1            |                1 |              1 |         1.00 |
|  CLK_IBUF_BUFG                                                     |                                               | Modo_Temp1/Cuenta_atras1/unit_sec_reg[0]_LDC_i_2_n_1 |                1 |              1 |         1.00 |
|  CLK_IBUF_BUFG                                                     | Modo_Temp1/Cuenta_atras1/unit_min0            | Modo_Temp1/Cuenta_atras1/unit_min_reg[1]_LDC_i_1_n_1 |                1 |              1 |         1.00 |
|  CLK_IBUF_BUFG                                                     | Modo_Temp1/Cuenta_atras1/unit_sec0            | Modo_Temp1/Cuenta_atras1/unit_sec_reg[0]_LDC_i_1_n_1 |                1 |              1 |         1.00 |
|  GestorEntradas1/DetectorFlanco/B_L_aux                            |                                               | GestorEntradas1/DetectorFlanco5/sreg_reg[0]_4        |                1 |              1 |         1.00 |
|  CLK_IBUF_BUFG                                                     | Modo_Temp1/Cuenta_atras1/unit_sec0            | Modo_Temp1/Cuenta_atras1/unit_sec_reg[2]_LDC_i_1_n_1 |                1 |              1 |         1.00 |
|  CLK_IBUF_BUFG                                                     | Modo_Temp1/Cuenta_atras1/unit_sec0            | Modo_Temp1/Cuenta_atras1/unit_sec_reg[1]_LDC_i_1_n_1 |                1 |              1 |         1.00 |
|  CLK_IBUF_BUFG                                                     | Modo_Temp1/Cuenta_atras1/unit_sec0            | Modo_Temp1/Cuenta_atras1/unit_sec_reg[3]_LDC_i_1_n_1 |                1 |              1 |         1.00 |
|  GestorEntradas1/DetectorFlanco2/B_R_aux                           |                                               | GestorEntradas1/DetectorFlanco/sreg_reg[1]_0         |                1 |              1 |         1.00 |
|  GestorEntradas1/DetectorFlanco3/sreg_reg[1]_0                     |                                               |                                                      |                1 |              1 |         1.00 |
|  GestorEntradas1/DetectorFlanco5/sreg_reg[0]_0                     |                                               | reset_IBUF                                           |                1 |              1 |         1.00 |
|  GestorEntradas1/DetectorFlanco4/B_D_aux                           |                                               | GestorEntradas1/DetectorFlanco5/sreg_reg[0]_3        |                1 |              1 |         1.00 |
|  Enable_A_BUFG                                                     |                                               |                                                      |                1 |              1 |         1.00 |
|  GestorEntradas1/DetectorFlanco5/Sel_modo06_out                    |                                               | MaquinaEstados1/Enable_C_reg_i_1_n_1                 |                1 |              1 |         1.00 |
|  Modo_Temp1/Cuenta_atras1/Start_s_reg_i_1__0_n_1                   |                                               | Modo_Temp1/FSM_onehot_estadoActual_reg[4]_0[1]       |                1 |              1 |         1.00 |
|  Modo_Temp1/Cuenta_atras1/dec_min_reg[1]_LDC_i_1_n_1               |                                               | Modo_Temp1/Cuenta_atras1/dec_min_reg[1]_LDC_i_2_n_1  |                1 |              1 |         1.00 |
|  Modo_Temp1/Cuenta_atras1/dec_min_reg[2]_LDC_i_1_n_1               |                                               | Modo_Temp1/Cuenta_atras1/dec_min_reg[2]_LDC_i_2_n_1  |                1 |              1 |         1.00 |
|  Modo_Temp1/Cuenta_atras1/dec_sec_reg[1]_LDC_i_1_n_1               |                                               | Modo_Temp1/Cuenta_atras1/dec_sec_reg[1]_LDC_i_2_n_1  |                1 |              1 |         1.00 |
|  Modo_Temp1/Cuenta_atras1/dec_min_reg[3]_LDC_i_1_n_1               |                                               | Modo_Temp1/Cuenta_atras1/dec_min_reg[3]_LDC_i_2_n_1  |                1 |              1 |         1.00 |
|  Modo_Temp1/Cuenta_atras1/dec_min_reg[0]_LDC_i_1_n_1               |                                               | Modo_Temp1/Cuenta_atras1/dec_min_reg[0]_LDC_i_2_n_1  |                1 |              1 |         1.00 |
|  Modo_Temp1/Cuenta_atras1/dec_sec_reg[0]_LDC_i_1_n_1               |                                               | Modo_Temp1/Cuenta_atras1/dec_sec_reg[0]_LDC_i_2_n_1  |                1 |              1 |         1.00 |
|  Modo_Temp1/Cuenta_atras1/Reset_aux                                |                                               | Modo_Temp1/Cuenta_atras1/Reset_s_reg_i_2_n_1         |                1 |              1 |         1.00 |
|  Modo_Temp1/Cuenta_atras1/unit_min_reg[3]_LDC_i_1_n_1              |                                               | Modo_Temp1/Cuenta_atras1/unit_min_reg[3]_LDC_i_2_n_1 |                1 |              1 |         1.00 |
|  Modo_Temp1/Cuenta_atras1/dec_sec_reg[3]_LDC_i_1_n_1               |                                               | Modo_Temp1/Cuenta_atras1/dec_sec_reg[3]_LDC_i_2_n_1  |                1 |              1 |         1.00 |
|  Modo_Temp1/Cuenta_atras1/unit_sec_reg[0]_LDC_i_1_n_1              |                                               | Modo_Temp1/Cuenta_atras1/unit_sec_reg[0]_LDC_i_2_n_1 |                1 |              1 |         1.00 |
|  Modo_Temp1/Cuenta_atras1/unit_min_reg[2]_LDC_i_1_n_1              |                                               | Modo_Temp1/Cuenta_atras1/unit_min_reg[2]_LDC_i_2_n_1 |                1 |              1 |         1.00 |
|  Modo_Temp1/Cuenta_atras1/unit_min_reg[1]_LDC_i_1_n_1              |                                               | Modo_Temp1/Cuenta_atras1/unit_min_reg[1]_LDC_i_2_n_1 |                1 |              1 |         1.00 |
|  Modo_Temp1/Cuenta_atras1/dec_sec_reg[2]_LDC_i_1_n_1               |                                               | Modo_Temp1/Cuenta_atras1/dec_sec_reg[2]_LDC_i_2_n_1  |                1 |              1 |         1.00 |
|  Modo_Temp1/Cuenta_atras1/unit_min_reg[0]_LDC_i_1_n_1              |                                               | Modo_Temp1/Cuenta_atras1/unit_min_reg[0]_LDC_i_2_n_1 |                1 |              1 |         1.00 |
|  Modo_Temp1/Cuenta_atras1/unit_sec_reg[2]_LDC_i_1_n_1              |                                               | Modo_Temp1/Cuenta_atras1/unit_sec_reg[2]_LDC_i_2_n_1 |                1 |              1 |         1.00 |
|  Modo_Temp1/Cuenta_atras1/unit_sec_reg[1]_LDC_i_1_n_1              |                                               | Modo_Temp1/Cuenta_atras1/unit_sec_reg[1]_LDC_i_2_n_1 |                1 |              1 |         1.00 |
|  Modo_Temp1/Cuenta_atras1/unit_sec_reg[3]_LDC_i_1_n_1              |                                               | Modo_Temp1/Cuenta_atras1/unit_sec_reg[3]_LDC_i_2_n_1 |                1 |              1 |         1.00 |
|  Enable_B_BUFG                                                     |                                               |                                                      |                1 |              1 |         1.00 |
|  MaquinaEstados1/Enable_B_reg/G0                                   |                                               |                                                      |                1 |              1 |         1.00 |
|  Ajedrez1/Enable_count_A_reg/G0                                    |                                               |                                                      |                1 |              1 |         1.00 |
|  MaquinaEstados1/Sel_modo_reg/G0                                   |                                               |                                                      |                1 |              1 |         1.00 |
|  CLK_IBUF_BUFG                                                     | Modo_Temp1/Cuenta_atras1/unit_min0            | Modo_Temp1/Cuenta_atras1/unit_min_reg[0]_LDC_i_1_n_1 |                1 |              1 |         1.00 |
|  CLK_IBUF_BUFG                                                     |                                               | Modo_Temp1/Cuenta_atras1/dec_min_reg[2]_LDC_i_2_n_1  |                1 |              1 |         1.00 |
|  CLK_IBUF_BUFG                                                     |                                               | Modo_Temp1/Cuenta_atras1/dec_min_reg[0]_LDC_i_2_n_1  |                1 |              1 |         1.00 |
|  CLK_IBUF_BUFG                                                     |                                               | Modo_Temp1/Cuenta_atras1/dec_min_reg[3]_LDC_i_2_n_1  |                1 |              1 |         1.00 |
|  CLK_IBUF_BUFG                                                     |                                               | Modo_Temp1/Cuenta_atras1/dec_sec_reg[0]_LDC_i_2_n_1  |                1 |              1 |         1.00 |
|  CLK_IBUF_BUFG                                                     |                                               | Modo_Temp1/Cuenta_atras1/dec_sec_reg[1]_LDC_i_2_n_1  |                1 |              1 |         1.00 |
|  CLK_IBUF_BUFG                                                     |                                               | Modo_Temp1/Cuenta_atras1/dec_min_reg[1]_LDC_i_2_n_1  |                1 |              1 |         1.00 |
|  CLK_IBUF_BUFG                                                     |                                               | Modo_Temp1/Cuenta_atras1/dec_sec_reg[2]_LDC_i_2_n_1  |                1 |              1 |         1.00 |
|  CLK_IBUF_BUFG                                                     |                                               | Modo_Temp1/Cuenta_atras1/unit_min_reg[1]_LDC_i_2_n_1 |                1 |              1 |         1.00 |
|  CLK_IBUF_BUFG                                                     |                                               | Modo_Temp1/Cuenta_atras1/unit_min_reg[0]_LDC_i_2_n_1 |                1 |              1 |         1.00 |
|  CLK_IBUF_BUFG                                                     |                                               | Modo_Temp1/Cuenta_atras1/unit_min_reg[2]_LDC_i_2_n_1 |                1 |              1 |         1.00 |
|  CLK_IBUF_BUFG                                                     |                                               | Modo_Temp1/Cuenta_atras1/dec_sec_reg[3]_LDC_i_2_n_1  |                1 |              1 |         1.00 |
|  CLK_IBUF_BUFG                                                     |                                               | Modo_Temp1/Cuenta_atras1/unit_min_reg[3]_LDC_i_2_n_1 |                1 |              1 |         1.00 |
|  CLK_IBUF_BUFG                                                     |                                               | Modo_Temp1/Cuenta_atras1/unit_sec_reg[2]_LDC_i_2_n_1 |                1 |              1 |         1.00 |
|  CLK_IBUF_BUFG                                                     |                                               | Modo_Temp1/Cuenta_atras1/unit_sec_reg[3]_LDC_i_2_n_1 |                1 |              1 |         1.00 |
|  CLK_IBUF_BUFG                                                     |                                               | Modo_Temp1/Cuenta_atras1/unit_sec_reg[1]_LDC_i_2_n_1 |                1 |              1 |         1.00 |
|  CLK_IBUF_BUFG                                                     | Modo_Temp1/Cuenta_atras1/dec_sec0             | Modo_Temp1/Cuenta_atras1/dec_sec_reg[1]_LDC_i_1_n_1  |                1 |              1 |         1.00 |
|  CLK_IBUF_BUFG                                                     | Modo_Temp1/Cuenta_atras1/dec_sec0             | Modo_Temp1/Cuenta_atras1/dec_sec_reg[0]_LDC_i_1_n_1  |                1 |              1 |         1.00 |
|  CLK_IBUF_BUFG                                                     | Modo_Temp1/Cuenta_atras1/dec_sec0             | Modo_Temp1/Cuenta_atras1/dec_sec_reg[3]_LDC_i_1_n_1  |                1 |              1 |         1.00 |
|  CLK_IBUF_BUFG                                                     | Modo_Temp1/Cuenta_atras1/dec_sec0             | Modo_Temp1/Cuenta_atras1/dec_sec_reg[2]_LDC_i_1_n_1  |                1 |              1 |         1.00 |
|  CLK_IBUF_BUFG                                                     | Modo_Temp1/Cuenta_atras1/dec_min0             | Modo_Temp1/Cuenta_atras1/dec_min_reg[1]_LDC_i_1_n_1  |                1 |              1 |         1.00 |
|  CLK_IBUF_BUFG                                                     | Modo_Temp1/Cuenta_atras1/dec_min0             | Modo_Temp1/Cuenta_atras1/dec_min_reg[2]_LDC_i_1_n_1  |                1 |              1 |         1.00 |
|  Control_Anodo1/Inst_clk10khz/clk_10khz                            |                                               | Control_Anodo1/flag[2]                               |                1 |              2 |         2.00 |
|  Modo_Crono1/Inst_clk1hz/CLK                                       | Modo_Crono1/dec_min0                          | Modo_Crono1/Reset_s                                  |                1 |              4 |         4.00 |
|  Modo_Crono1/Inst_clk1hz/CLK                                       | Modo_Crono1/Start_s                           | Modo_Crono1/Reset_s                                  |                1 |              4 |         4.00 |
|  Modo_Crono1/Inst_clk1hz/CLK                                       | Modo_Crono1/dec_sec0                          | Modo_Crono1/Reset_s                                  |                1 |              4 |         4.00 |
|  Modo_Crono1/Inst_clk1hz/CLK                                       | Modo_Crono1/unit_min0                         | Modo_Crono1/Reset_s                                  |                1 |              4 |         4.00 |
|  Control_Anodo1/Inst_clk10khz/clk_10khz                            |                                               | Control_Anodo1/flag[1]                               |                2 |              4 |         2.00 |
|  GestorEntradas1/DetectorFlanco/FSM_onehot_estadoActual_reg[1][0]  |                                               |                                                      |                1 |              4 |         4.00 |
|  GestorEntradas1/DetectorFlanco3/FSM_onehot_estadoActual_reg[1][0] |                                               |                                                      |                1 |              4 |         4.00 |
|  GestorEntradas1/DetectorFlanco2/FSM_onehot_estadoActual_reg[1][0] |                                               |                                                      |                1 |              4 |         4.00 |
|  GestorEntradas1/DetectorFlanco4/E[0]                              |                                               |                                                      |                1 |              4 |         4.00 |
|  CLK_IBUF_BUFG                                                     |                                               | Ajedrez1/JugadorB/Reset_s                            |                2 |              4 |         2.00 |
|  CLK_IBUF_BUFG                                                     | Ajedrez1/JugadorA/unit_min[3]_i_1__0_n_1      | Ajedrez1/JugadorA/Reset_s                            |                2 |              4 |         2.00 |
|  CLK_IBUF_BUFG                                                     | Ajedrez1/JugadorA/unit_sec0                   | Ajedrez1/JugadorA/Reset_s                            |                1 |              4 |         4.00 |
|  CLK_IBUF_BUFG                                                     |                                               | Ajedrez1/JugadorA/Reset_s                            |                2 |              4 |         2.00 |
|  CLK_IBUF_BUFG                                                     | Ajedrez1/JugadorB/unit_min[3]_i_1__1_n_1      | Ajedrez1/JugadorB/Reset_s                            |                2 |              4 |         2.00 |
|  CLK_IBUF_BUFG                                                     | Ajedrez1/JugadorB/unit_sec0                   | Ajedrez1/JugadorB/Reset_s                            |                1 |              4 |         4.00 |
|  MaquinaEstados1/code1_reg[3]_i_1__0_n_1                           |                                               |                                                      |                1 |              4 |         4.00 |
|  CLK_IBUF_BUFG                                                     | Modo_Temp1/FSM_onehot_estadoActual[4]_i_1_n_1 | MaquinaEstados1/Enable_B_reg_0                       |                1 |              5 |         5.00 |
|  Control_Anodo1/Inst_clk10khz/clk_10khz                            |                                               |                                                      |                5 |             10 |         2.00 |
|  CLK_IBUF_BUFG                                                     |                                               | MaquinaEstados1/Inst_clk10khz/temporal               |                3 |             12 |         4.00 |
|  CLK_IBUF_BUFG                                                     |                                               | Control_Anodo1/Inst_clk10khz/temporal                |                3 |             12 |         4.00 |
|  CLK_IBUF_BUFG                                                     |                                               | Modo_Crono1/Inst_clk1hz/temporal                     |                7 |             25 |         3.57 |
|  CLK_IBUF_BUFG                                                     |                                               |                                                      |               12 |             31 |         2.58 |
|  n_0_342_BUFG                                                      |                                               |                                                      |               10 |             32 |         3.20 |
|  temporal                                                          |                                               | MaquinaEstados1/submaquina1.Modo_aux[31]_i_3_n_1     |               13 |             32 |         2.46 |
+--------------------------------------------------------------------+-----------------------------------------------+------------------------------------------------------+------------------+----------------+--------------+


