Copyright 1986-2021 Xilinx, Inc. All Rights Reserved.
--------------------------------------------------------------------------------------------------------------------------------------------------------------------------------
| Tool Version : Vivado v.2021.1 (win64) Build 3247384 Thu Jun 10 19:36:33 MDT 2021
| Date         : Sun Jan 16 19:10:33 2022
| Host         : Supersacris running 64-bit major release  (build 9200)
| Command      : report_timing_summary -max_paths 10 -file TOP_timing_summary_routed.rpt -pb TOP_timing_summary_routed.pb -rpx TOP_timing_summary_routed.rpx -warn_on_violation
| Design       : TOP
| Device       : 7a100t-csg324
| Speed File   : -1  PRODUCTION 1.23 2018-06-13
--------------------------------------------------------------------------------------------------------------------------------------------------------------------------------

Timing Summary Report

------------------------------------------------------------------------------------------------
| Timer Settings
| --------------
------------------------------------------------------------------------------------------------

  Enable Multi Corner Analysis               :  Yes
  Enable Pessimism Removal                   :  Yes
  Pessimism Removal Resolution               :  Nearest Common Node
  Enable Input Delay Default Clock           :  No
  Enable Preset / Clear Arcs                 :  No
  Disable Flight Delays                      :  No
  Ignore I/O Paths                           :  No
  Timing Early Launch at Borrowing Latches   :  No
  Borrow Time for Max Delay Exceptions       :  Yes
  Merge Timing Exceptions                    :  Yes

  Corner  Analyze    Analyze    
  Name    Max Paths  Min Paths  
  ------  ---------  ---------  
  Slow    Yes        Yes        
  Fast    Yes        Yes        


------------------------------------------------------------------------------------------------
| Report Methodology
| ------------------
------------------------------------------------------------------------------------------------

Rule       Severity          Description                   Violations  
---------  ----------------  ----------------------------  ----------  
TIMING-17  Critical Warning  Non-clocked sequential cell   208         
LUTAR-1    Warning           LUT drives async reset alert  44          
TIMING-20  Warning           Non-clocked latch             85          

Note: This report is based on the most recent report_methodology run and may not be up-to-date. Run report_methodology on the current design for the latest report.



check_timing report

Table of Contents
-----------------
1. checking no_clock (499)
2. checking constant_clock (0)
3. checking pulse_width_clock (0)
4. checking unconstrained_internal_endpoints (523)
5. checking no_input_delay (6)
6. checking no_output_delay (16)
7. checking multiple_clock (0)
8. checking generated_clocks (0)
9. checking loops (0)
10. checking partial_input_delay (0)
11. checking partial_output_delay (0)
12. checking latch_loops (16)

1. checking no_clock (499)
--------------------------
 There are 142 register/latch pins with no clock driven by root clock pin: CLK (HIGH)

 There are 2 register/latch pins with no clock driven by root clock pin: reset (HIGH)

 There are 4 register/latch pins with no clock driven by root clock pin: Ajedrez1/Reset_aux_A_reg/Q (HIGH)

 There are 18 register/latch pins with no clock driven by root clock pin: Control_Anodo1/Inst_clk10khz/temporal_reg/Q (HIGH)

 There are 6 register/latch pins with no clock driven by root clock pin: GestorEntradas1/DetectorFlanco/sreg_reg[0]/Q (HIGH)

 There are 6 register/latch pins with no clock driven by root clock pin: GestorEntradas1/DetectorFlanco/sreg_reg[1]/Q (HIGH)

 There are 6 register/latch pins with no clock driven by root clock pin: GestorEntradas1/DetectorFlanco/sreg_reg[2]/Q (HIGH)

 There are 6 register/latch pins with no clock driven by root clock pin: GestorEntradas1/DetectorFlanco2/sreg_reg[0]/Q (HIGH)

 There are 6 register/latch pins with no clock driven by root clock pin: GestorEntradas1/DetectorFlanco2/sreg_reg[1]/Q (HIGH)

 There are 6 register/latch pins with no clock driven by root clock pin: GestorEntradas1/DetectorFlanco2/sreg_reg[2]/Q (HIGH)

 There are 6 register/latch pins with no clock driven by root clock pin: GestorEntradas1/DetectorFlanco3/sreg_reg[0]/Q (HIGH)

 There are 6 register/latch pins with no clock driven by root clock pin: GestorEntradas1/DetectorFlanco3/sreg_reg[1]/Q (HIGH)

 There are 6 register/latch pins with no clock driven by root clock pin: GestorEntradas1/DetectorFlanco3/sreg_reg[2]/Q (HIGH)

 There are 5 register/latch pins with no clock driven by root clock pin: GestorEntradas1/DetectorFlanco4/sreg_reg[0]/Q (HIGH)

 There are 5 register/latch pins with no clock driven by root clock pin: GestorEntradas1/DetectorFlanco4/sreg_reg[1]/Q (HIGH)

 There are 5 register/latch pins with no clock driven by root clock pin: GestorEntradas1/DetectorFlanco4/sreg_reg[2]/Q (HIGH)

 There are 3 register/latch pins with no clock driven by root clock pin: GestorEntradas1/DetectorFlanco5/sreg_reg[0]/Q (HIGH)

 There are 3 register/latch pins with no clock driven by root clock pin: GestorEntradas1/DetectorFlanco5/sreg_reg[1]/Q (HIGH)

 There are 3 register/latch pins with no clock driven by root clock pin: GestorEntradas1/DetectorFlanco5/sreg_reg[2]/Q (HIGH)

 There are 33 register/latch pins with no clock driven by root clock pin: MaquinaEstados1/Enable_A_reg/Q (HIGH)

 There are 33 register/latch pins with no clock driven by root clock pin: MaquinaEstados1/Enable_B_reg/L7/Q (HIGH)

 There are 34 register/latch pins with no clock driven by root clock pin: MaquinaEstados1/Enable_C_reg/Q (HIGH)

 There are 32 register/latch pins with no clock driven by root clock pin: MaquinaEstados1/Inst_clk10khz/temporal_reg/Q (HIGH)

 There are 39 register/latch pins with no clock driven by root clock pin: MaquinaEstados1/Sel_modo_reg/L7/Q (HIGH)

 There are 8 register/latch pins with no clock driven by root clock pin: MaquinaEstados1/submaquina1.Modo_aux_reg[0]/Q (HIGH)

 There are 8 register/latch pins with no clock driven by root clock pin: MaquinaEstados1/submaquina1.Modo_aux_reg[1]/Q (HIGH)

 There are 16 register/latch pins with no clock driven by root clock pin: Modo_Crono1/Inst_clk1hz/temporal_reg/Q (HIGH)

 There are 16 register/latch pins with no clock driven by root clock pin: Modo_Temp1/Cuenta_atras1/Reset_s_reg/Q (HIGH)

 There are 18 register/latch pins with no clock driven by root clock pin: Modo_Temp1/FSM_onehot_estadoActual_reg[1]/Q (HIGH)

 There are 2 register/latch pins with no clock driven by root clock pin: Modo_Temp1/FSM_onehot_estadoActual_reg[4]/Q (HIGH)

 There is 1 register/latch pin with no clock driven by root clock pin: Modo_Temp1/Sel_Cuenta1/dec_min_aux_reg[0]/Q (HIGH)

 There is 1 register/latch pin with no clock driven by root clock pin: Modo_Temp1/Sel_Cuenta1/dec_min_aux_reg[1]/Q (HIGH)

 There is 1 register/latch pin with no clock driven by root clock pin: Modo_Temp1/Sel_Cuenta1/dec_min_aux_reg[2]/Q (HIGH)

 There is 1 register/latch pin with no clock driven by root clock pin: Modo_Temp1/Sel_Cuenta1/dec_min_aux_reg[3]/Q (HIGH)

 There is 1 register/latch pin with no clock driven by root clock pin: Modo_Temp1/Sel_Cuenta1/dec_sec_aux_reg[0]/Q (HIGH)

 There is 1 register/latch pin with no clock driven by root clock pin: Modo_Temp1/Sel_Cuenta1/dec_sec_aux_reg[1]/Q (HIGH)

 There is 1 register/latch pin with no clock driven by root clock pin: Modo_Temp1/Sel_Cuenta1/dec_sec_aux_reg[2]/Q (HIGH)

 There is 1 register/latch pin with no clock driven by root clock pin: Modo_Temp1/Sel_Cuenta1/dec_sec_aux_reg[3]/Q (HIGH)

 There is 1 register/latch pin with no clock driven by root clock pin: Modo_Temp1/Sel_Cuenta1/unit_min_aux_reg[0]/Q (HIGH)

 There is 1 register/latch pin with no clock driven by root clock pin: Modo_Temp1/Sel_Cuenta1/unit_min_aux_reg[1]/Q (HIGH)

 There is 1 register/latch pin with no clock driven by root clock pin: Modo_Temp1/Sel_Cuenta1/unit_min_aux_reg[2]/Q (HIGH)

 There is 1 register/latch pin with no clock driven by root clock pin: Modo_Temp1/Sel_Cuenta1/unit_min_aux_reg[3]/Q (HIGH)

 There is 1 register/latch pin with no clock driven by root clock pin: Modo_Temp1/Sel_Cuenta1/unit_sec_aux_reg[0]/Q (HIGH)

 There is 1 register/latch pin with no clock driven by root clock pin: Modo_Temp1/Sel_Cuenta1/unit_sec_aux_reg[1]/Q (HIGH)

 There is 1 register/latch pin with no clock driven by root clock pin: Modo_Temp1/Sel_Cuenta1/unit_sec_aux_reg[2]/Q (HIGH)

 There is 1 register/latch pin with no clock driven by root clock pin: Modo_Temp1/Sel_Cuenta1/unit_sec_aux_reg[3]/Q (HIGH)


2. checking constant_clock (0)
------------------------------
 There are 0 register/latch pins with constant_clock.


3. checking pulse_width_clock (0)
---------------------------------
 There are 0 register/latch pins which need pulse_width check


4. checking unconstrained_internal_endpoints (523)
--------------------------------------------------
 There are 523 pins that are not constrained for maximum delay. (HIGH)

 There are 0 pins that are not constrained for maximum delay due to constant clock.


5. checking no_input_delay (6)
------------------------------
 There are 6 input ports with no input delay specified. (HIGH)

 There are 0 input ports with no input delay but user has a false path constraint.


6. checking no_output_delay (16)
--------------------------------
 There are 16 ports with no output delay specified. (HIGH)

 There are 0 ports with no output delay but user has a false path constraint

 There are 0 ports with no output delay but with a timing clock defined on it or propagating through it


7. checking multiple_clock (0)
------------------------------
 There are 0 register/latch pins with multiple clocks.


8. checking generated_clocks (0)
--------------------------------
 There are 0 generated clocks that are not connected to a clock source.


9. checking loops (0)
---------------------
 There are 0 combinational loops in the design.


10. checking partial_input_delay (0)
------------------------------------
 There are 0 input ports with partial input delay specified.


11. checking partial_output_delay (0)
-------------------------------------
 There are 0 ports with partial output delay specified.


12. checking latch_loops (16)
-----------------------------
 There are 16 combinational latch loops in the design through latch input (HIGH)



------------------------------------------------------------------------------------------------
| Design Timing Summary
| ---------------------
------------------------------------------------------------------------------------------------

    WNS(ns)      TNS(ns)  TNS Failing Endpoints  TNS Total Endpoints      WHS(ns)      THS(ns)  THS Failing Endpoints  THS Total Endpoints     WPWS(ns)     TPWS(ns)  TPWS Failing Endpoints  TPWS Total Endpoints  
    -------      -------  ---------------------  -------------------      -------      -------  ---------------------  -------------------     --------     --------  ----------------------  --------------------  
         NA           NA                     NA                   NA           NA           NA                     NA                   NA           NA           NA                      NA                    NA  


There are no user specified timing constraints.


------------------------------------------------------------------------------------------------
| Clock Summary
| -------------
------------------------------------------------------------------------------------------------


------------------------------------------------------------------------------------------------
| Intra Clock Table
| -----------------
------------------------------------------------------------------------------------------------

Clock             WNS(ns)      TNS(ns)  TNS Failing Endpoints  TNS Total Endpoints      WHS(ns)      THS(ns)  THS Failing Endpoints  THS Total Endpoints     WPWS(ns)     TPWS(ns)  TPWS Failing Endpoints  TPWS Total Endpoints  
-----             -------      -------  ---------------------  -------------------      -------      -------  ---------------------  -------------------     --------     --------  ----------------------  --------------------  


------------------------------------------------------------------------------------------------
| Inter Clock Table
| -----------------
------------------------------------------------------------------------------------------------

From Clock    To Clock          WNS(ns)      TNS(ns)  TNS Failing Endpoints  TNS Total Endpoints      WHS(ns)      THS(ns)  THS Failing Endpoints  THS Total Endpoints  
----------    --------          -------      -------  ---------------------  -------------------      -------      -------  ---------------------  -------------------  


------------------------------------------------------------------------------------------------
| Other Path Groups Table
| -----------------------
------------------------------------------------------------------------------------------------

Path Group    From Clock    To Clock          WNS(ns)      TNS(ns)  TNS Failing Endpoints  TNS Total Endpoints      WHS(ns)      THS(ns)  THS Failing Endpoints  THS Total Endpoints  
----------    ----------    --------          -------      -------  ---------------------  -------------------      -------      -------  ---------------------  -------------------  


------------------------------------------------------------------------------------------------
| Timing Details
| --------------
------------------------------------------------------------------------------------------------


