INFO: [VRFC 10-163] Analyzing VHDL file "C:/Users/alejandro/Documents/GitHub/Cronometro-VHDL-Trabajo-SED-2021-/project_1/project_1.srcs/sources_1/new/Ajedrez.vhd" into library xil_defaultlib
INFO: [VRFC 10-3107] analyzing entity 'Ajedrez'
INFO: [VRFC 10-163] Analyzing VHDL file "C:/Users/alejandro/Documents/GitHub/Cronometro-VHDL-Trabajo-SED-2021-/project_1/project_1.srcs/sources_1/new/CLK1hz.vhd" into library xil_defaultlib
INFO: [VRFC 10-3107] analyzing entity 'clk1Hz'
INFO: [VRFC 10-163] Analyzing VHDL file "C:/Users/alejandro/Documents/GitHub/Cronometro-VHDL-Trabajo-SED-2021-/project_1/project_1.srcs/sources_1/new/Cuenta_atras.vhd" into library xil_defaultlib
INFO: [VRFC 10-3107] analyzing entity 'Cuenta_atras'
INFO: [VRFC 10-163] Analyzing VHDL file "C:/Users/alejandro/Documents/GitHub/Cronometro-VHDL-Trabajo-SED-2021-/project_1/project_1.srcs/sources_1/new/EDGEDTCTR.vhd" into library xil_defaultlib
INFO: [VRFC 10-3107] analyzing entity 'EDGEDTCTR'
INFO: [VRFC 10-163] Analyzing VHDL file "C:/Users/alejandro/Documents/GitHub/Cronometro-VHDL-Trabajo-SED-2021-/project_1/project_1.srcs/sources_1/new/GestorEntradas.vhd" into library xil_defaultlib
INFO: [VRFC 10-3107] analyzing entity 'GestorEntradas'
INFO: [VRFC 10-163] Analyzing VHDL file "C:/Users/alejandro/Documents/GitHub/Cronometro-VHDL-Trabajo-SED-2021-/project_1/project_1.srcs/sources_1/new/Gestor_Display.vhd" into library xil_defaultlib
INFO: [VRFC 10-3107] analyzing entity 'Control_Anodo'
INFO: [VRFC 10-163] Analyzing VHDL file "C:/Users/alejandro/Documents/GitHub/Cronometro-VHDL-Trabajo-SED-2021-/project_1/project_1.srcs/sources_1/new/MaquinaEstados.vhd" into library xil_defaultlib
INFO: [VRFC 10-3107] analyzing entity 'MaquinaEstados'
INFO: [VRFC 10-163] Analyzing VHDL file "C:/Users/alejandro/Documents/GitHub/Cronometro-VHDL-Trabajo-SED-2021-/project_1/project_1.srcs/sources_1/new/Modo_Crono.vhd" into library xil_defaultlib
INFO: [VRFC 10-3107] analyzing entity 'Modo_Crono'
INFO: [VRFC 10-163] Analyzing VHDL file "C:/Users/alejandro/Documents/GitHub/Cronometro-VHDL-Trabajo-SED-2021-/project_1/project_1.srcs/sources_1/new/Modo_Temp.vhd" into library xil_defaultlib
INFO: [VRFC 10-3107] analyzing entity 'Modo_Temp'
INFO: [VRFC 10-163] Analyzing VHDL file "C:/Users/alejandro/Documents/GitHub/Cronometro-VHDL-Trabajo-SED-2021-/project_1/project_1.srcs/sources_1/new/Mux_Temp.vhd" into library xil_defaultlib
INFO: [VRFC 10-3107] analyzing entity 'Mux_Temp'
INFO: [VRFC 10-163] Analyzing VHDL file "C:/Users/alejandro/Documents/GitHub/Cronometro-VHDL-Trabajo-SED-2021-/project_1/project_1.srcs/sources_1/new/SYNCHRNZR.vhd" into library xil_defaultlib
INFO: [VRFC 10-3107] analyzing entity 'SYNCHRNZR'
INFO: [VRFC 10-163] Analyzing VHDL file "C:/Users/alejandro/Documents/GitHub/Cronometro-VHDL-Trabajo-SED-2021-/project_1/project_1.srcs/sources_1/new/Sel_Cuenta.vhd" into library xil_defaultlib
INFO: [VRFC 10-3107] analyzing entity 'Sel_Cuenta'
INFO: [VRFC 10-163] Analyzing VHDL file "C:/Users/alejandro/Documents/GitHub/Cronometro-VHDL-Trabajo-SED-2021-/project_1/project_1.srcs/sources_1/new/SuperMux.vhd" into library xil_defaultlib
INFO: [VRFC 10-3107] analyzing entity 'SuperMux'
INFO: [VRFC 10-163] Analyzing VHDL file "C:/Users/alejandro/Documents/GitHub/Cronometro-VHDL-Trabajo-SED-2021-/project_1/project_1.srcs/sources_1/new/clk10khz.vhd" into library xil_defaultlib
INFO: [VRFC 10-3107] analyzing entity 'clk10kHz'
INFO: [VRFC 10-163] Analyzing VHDL file "C:/Users/alejandro/Documents/GitHub/Cronometro-VHDL-Trabajo-SED-2021-/project_1/project_1.srcs/sources_1/new/deco.vhd" into library xil_defaultlib
INFO: [VRFC 10-3107] analyzing entity 'deco1'
INFO: [VRFC 10-163] Analyzing VHDL file "C:/Users/alejandro/Documents/GitHub/Cronometro-VHDL-Trabajo-SED-2021-/project_1/project_1.srcs/sources_1/new/TOP.vhd" into library xil_defaultlib
INFO: [VRFC 10-3107] analyzing entity 'TOP'
