#-----------------------------------------------------------
# Vivado v2021.1 (64-bit)
# SW Build 3247384 on Thu Jun 10 19:36:33 MDT 2021
# IP Build 3246043 on Fri Jun 11 00:30:35 MDT 2021
# Start of session at: Tue Dec 14 14:19:28 2021
# Process ID: 8272
# Current directory: C:/Users/Carlos/Documents/GitHub/Cronometro-VHDL-Trabajo-SED-2021-/project_1
# Command line: vivado.exe -gui_launcher_event rodinguilauncherevent5164 C:\Users\Carlos\Documents\GitHub\Cronometro-VHDL-Trabajo-SED-2021-\project_1\project_1.xpr
# Log file: C:/Users/Carlos/Documents/GitHub/Cronometro-VHDL-Trabajo-SED-2021-/project_1/vivado.log
# Journal file: C:/Users/Carlos/Documents/GitHub/Cronometro-VHDL-Trabajo-SED-2021-/project_1\vivado.jou
#-----------------------------------------------------------
start_gui
open_project C:/Users/Carlos/Documents/GitHub/Cronometro-VHDL-Trabajo-SED-2021-/project_1/project_1.xpr
WARNING: [filemgmt 56-3] Default IP Output Path : Could not find the directory 'C:/Users/Carlos/Documents/GitHub/Cronometro-VHDL-Trabajo-SED-2021-/project_1/project_1.gen/sources_1'.
Scanning sources...
Finished scanning sources
INFO: [IP_Flow 19-234] Refreshing IP repositories
INFO: [IP_Flow 19-1704] No user IP repositories specified
INFO: [IP_Flow 19-2313] Loaded Vivado IP repository 'E:/Vivado/2021.1/data/ip'.
open_project: Time (s): cpu = 00:00:15 ; elapsed = 00:00:06 . Memory (MB): peak = 1478.289 ; gain = 0.000
update_compile_order -fileset sources_1
exit
INFO: [Common 17-206] Exiting Vivado at Tue Dec 14 15:33:07 2021...
