#-----------------------------------------------------------
# Vivado v2021.1 (64-bit)
# SW Build 3247384 on Thu Jun 10 19:36:33 MDT 2021
# IP Build 3246043 on Fri Jun 11 00:30:35 MDT 2021
# Start of session at: Sun Jan 16 16:24:09 2022
# Process ID: 20440
# Current directory: C:/Users/alejandro/Documents/GitHub/Cronometro-VHDL-Trabajo-SED-2021-/project_1
# Command line: vivado.exe -gui_launcher_event rodinguilauncherevent16152 C:\Users\alejandro\Documents\GitHub\Cronometro-VHDL-Trabajo-SED-2021-\project_1\project_1.xpr
# Log file: C:/Users/alejandro/Documents/GitHub/Cronometro-VHDL-Trabajo-SED-2021-/project_1/vivado.log
# Journal file: C:/Users/alejandro/Documents/GitHub/Cronometro-VHDL-Trabajo-SED-2021-/project_1\vivado.jou
#-----------------------------------------------------------
start_gui
open_project C:/Users/alejandro/Documents/GitHub/Cronometro-VHDL-Trabajo-SED-2021-/project_1/project_1.xpr
INFO: [Project 1-313] Project file moved from 'C:/Users/Carlos/Documents/GitHub/Cronometro-VHDL-Trabajo-SED-2021-/project_1' since last save.
WARNING: [filemgmt 56-2] Default IP Output Path : Could not find the directory 'C:/Users/alejandro/Documents/GitHub/Cronometro-VHDL-Trabajo-SED-2021-/project_1/project_1.gen/sources_1', nor could it be found using path 'C:/Users/Carlos/Documents/GitHub/Cronometro-VHDL-Trabajo-SED-2021-/project_1/project_1.gen/sources_1'.
Scanning sources...
Finished scanning sources
INFO: [IP_Flow 19-234] Refreshing IP repositories
INFO: [IP_Flow 19-1704] No user IP repositories specified
INFO: [IP_Flow 19-2313] Loaded Vivado IP repository 'C:/Xilinx/Vivado/2021.1/data/ip'.
open_project: Time (s): cpu = 00:00:20 ; elapsed = 00:00:09 . Memory (MB): peak = 1105.230 ; gain = 0.000
update_compile_order -fileset sources_1
reset_run synth_1
launch_runs impl_1 -to_step write_bitstream -jobs 4
[Sun Jan 16 16:37:37 2022] Launched synth_1...
Run output will be captured here: C:/Users/alejandro/Documents/GitHub/Cronometro-VHDL-Trabajo-SED-2021-/project_1/project_1.runs/synth_1/runme.log
[Sun Jan 16 16:37:37 2022] Launched impl_1...
Run output will be captured here: C:/Users/alejandro/Documents/GitHub/Cronometro-VHDL-Trabajo-SED-2021-/project_1/project_1.runs/impl_1/runme.log
update_compile_order -fileset sim_1
update_compile_order -fileset sim_1
launch_simulation
Command: launch_simulation 
INFO: [Vivado 12-12493] Simulation top is 'Cuenta_atras_tb'
INFO: [Vivado 12-5682] Launching behavioral simulation in 'C:/Users/alejandro/Documents/GitHub/Cronometro-VHDL-Trabajo-SED-2021-/project_1/project_1.sim/sim_1/behav/xsim'
INFO: [SIM-utils-51] Simulation object is 'sim_1'
INFO: [SIM-utils-72] Using boost library from 'C:/Xilinx/Vivado/2021.1/tps/boost_1_72_0'
INFO: [SIM-utils-54] Inspecting design source files for 'Cuenta_atras_tb' in fileset 'sim_1'...
INFO: [USF-XSim-97] Finding global include files...
INFO: [USF-XSim-98] Fetching design files from 'sim_1'...
INFO: [USF-XSim-2] XSim::Compile design
INFO: [USF-XSim-61] Executing 'COMPILE and ANALYZE' step in 'C:/Users/alejandro/Documents/GitHub/Cronometro-VHDL-Trabajo-SED-2021-/project_1/project_1.sim/sim_1/behav/xsim'
"xvhdl --incr --relax -prj Cuenta_atras_tb_vhdl.prj"
INFO: [VRFC 10-163] Analyzing VHDL file "C:/Users/alejandro/Documents/GitHub/Cronometro-VHDL-Trabajo-SED-2021-/project_1/project_1.srcs/sources_1/new/Cuenta_atras.vhd" into library xil_defaultlib
INFO: [VRFC 10-3107] analyzing entity 'Cuenta_atras'
INFO: [VRFC 10-163] Analyzing VHDL file "C:/Users/alejandro/Documents/GitHub/Cronometro-VHDL-Trabajo-SED-2021-/project_1/project_1.srcs/sim_1/new/Cuenta_atras_tb.vhd" into library xil_defaultlib
INFO: [VRFC 10-3107] analyzing entity 'Cuenta_atras_tb'
INFO: [USF-XSim-69] 'compile' step finished in '2' seconds
INFO: [USF-XSim-3] XSim::Elaborate design
INFO: [USF-XSim-61] Executing 'ELABORATE' step in 'C:/Users/alejandro/Documents/GitHub/Cronometro-VHDL-Trabajo-SED-2021-/project_1/project_1.sim/sim_1/behav/xsim'
"xelab -wto 2dc3eae9aa8849d6b9bafb2639e9c63f --incr --debug typical --relax --mt 2 -L xil_defaultlib -L secureip --snapshot Cuenta_atras_tb_behav xil_defaultlib.Cuenta_atras_tb -log elaborate.log"
Vivado Simulator v2021.1
Copyright 1986-1999, 2001-2021 Xilinx, Inc. All Rights Reserved.
Running: C:/Xilinx/Vivado/2021.1/bin/unwrapped/win64.o/xelab.exe -wto 2dc3eae9aa8849d6b9bafb2639e9c63f --incr --debug typical --relax --mt 2 -L xil_defaultlib -L secureip --snapshot Cuenta_atras_tb_behav xil_defaultlib.Cuenta_atras_tb -log elaborate.log 
Using 2 slave threads.
Starting static elaboration
Completed static elaboration
Starting simulation data flow analysis
Completed simulation data flow analysis
Time Resolution for simulation is 1ps
Compiling package std.standard
Compiling package std.textio
Compiling package ieee.std_logic_1164
Compiling package ieee.numeric_std
Compiling package ieee.std_logic_arith
Compiling package ieee.std_logic_unsigned
Compiling package ieee.std_logic_signed
Compiling architecture behavioral of entity xil_defaultlib.clk1Hz [clk1hz_default]
Compiling architecture behavioral of entity xil_defaultlib.Cuenta_atras [cuenta_atras_default]
Compiling architecture tb of entity xil_defaultlib.cuenta_atras_tb
Built simulation snapshot Cuenta_atras_tb_behav

****** Webtalk v2021.1 (64-bit)
  **** SW Build 3247384 on Thu Jun 10 19:36:33 MDT 2021
  **** IP Build 3246043 on Fri Jun 11 00:30:35 MDT 2021
    ** Copyright 1986-2021 Xilinx, Inc. All Rights Reserved.

source C:/Users/alejandro/Documents/GitHub/Cronometro-VHDL-Trabajo-SED-2021-/project_1/project_1.sim/sim_1/behav/xsim/xsim.dir/Cuenta_atras_tb_behav/webtalk/xsim_webtalk.tcl -notrace
INFO: [Common 17-186] 'C:/Users/alejandro/Documents/GitHub/Cronometro-VHDL-Trabajo-SED-2021-/project_1/project_1.sim/sim_1/behav/xsim/xsim.dir/Cuenta_atras_tb_behav/webtalk/usage_statistics_ext_xsim.xml' has been successfully sent to Xilinx on Sun Jan 16 16:44:10 2022. For additional details about this file, please refer to the WebTalk help file at C:/Xilinx/Vivado/2021.1/doc/webtalk_introduction.html.
INFO: [Common 17-206] Exiting Webtalk at Sun Jan 16 16:44:10 2022...
run_program: Time (s): cpu = 00:00:00 ; elapsed = 00:00:10 . Memory (MB): peak = 1105.230 ; gain = 0.000
INFO: [USF-XSim-69] 'elaborate' step finished in '10' seconds
INFO: [USF-XSim-4] XSim::Simulate design
INFO: [USF-XSim-61] Executing 'SIMULATE' step in 'C:/Users/alejandro/Documents/GitHub/Cronometro-VHDL-Trabajo-SED-2021-/project_1/project_1.sim/sim_1/behav/xsim'
INFO: [USF-XSim-98] *** Running xsim
   with args "Cuenta_atras_tb_behav -key {Behavioral:sim_1:Functional:Cuenta_atras_tb} -tclbatch {Cuenta_atras_tb.tcl} -log {simulate.log}"
INFO: [USF-XSim-8] Loading simulator feature
Time resolution is 1 ps
source Cuenta_atras_tb.tcl
# set curr_wave [current_wave_config]
# if { [string length $curr_wave] == 0 } {
#   if { [llength [get_objects]] > 0} {
#     add_wave /
#     set_property needs_save false [current_wave_config]
#   } else {
#      send_msg_id Add_Wave-1 WARNING "No top level signals found. Simulator will start without a wave window. If you want to open a wave window go to 'File->New Waveform Configuration' or type 'create_wave_config' in the TCL console."
#   }
# }
# run 1000ns
xsim: Time (s): cpu = 00:00:11 ; elapsed = 00:00:10 . Memory (MB): peak = 1105.230 ; gain = 0.000
INFO: [USF-XSim-96] XSim completed. Design snapshot 'Cuenta_atras_tb_behav' loaded.
INFO: [USF-XSim-97] XSim simulation ran for 1000ns
launch_simulation: Time (s): cpu = 00:00:13 ; elapsed = 00:00:24 . Memory (MB): peak = 1105.230 ; gain = 0.000
run all
close_sim
INFO: [Simtcl 6-16] Simulation closed
close_sim: Time (s): cpu = 00:00:03 ; elapsed = 00:00:10 . Memory (MB): peak = 1105.230 ; gain = 0.000
set_property top Modo_Temp_tb [get_filesets sim_1]
set_property top_lib xil_defaultlib [get_filesets sim_1]
update_compile_order -fileset sim_1
launch_simulation
Command: launch_simulation 
INFO: [Vivado 12-12493] Simulation top is 'Modo_Temp_tb'
INFO: [Vivado 12-5682] Launching behavioral simulation in 'C:/Users/alejandro/Documents/GitHub/Cronometro-VHDL-Trabajo-SED-2021-/project_1/project_1.sim/sim_1/behav/xsim'
INFO: [SIM-utils-51] Simulation object is 'sim_1'
INFO: [SIM-utils-72] Using boost library from 'C:/Xilinx/Vivado/2021.1/tps/boost_1_72_0'
INFO: [SIM-utils-54] Inspecting design source files for 'Modo_Temp_tb' in fileset 'sim_1'...
INFO: [USF-XSim-97] Finding global include files...
INFO: [USF-XSim-98] Fetching design files from 'sim_1'...
INFO: [USF-XSim-2] XSim::Compile design
INFO: [USF-XSim-61] Executing 'COMPILE and ANALYZE' step in 'C:/Users/alejandro/Documents/GitHub/Cronometro-VHDL-Trabajo-SED-2021-/project_1/project_1.sim/sim_1/behav/xsim'
"xvhdl --incr --relax -prj Modo_Temp_tb_vhdl.prj"
INFO: [VRFC 10-163] Analyzing VHDL file "C:/Users/alejandro/Documents/GitHub/Cronometro-VHDL-Trabajo-SED-2021-/project_1/project_1.srcs/sources_1/new/Modo_Temp.vhd" into library xil_defaultlib
INFO: [VRFC 10-3107] analyzing entity 'Modo_Temp'
INFO: [VRFC 10-163] Analyzing VHDL file "C:/Users/alejandro/Documents/GitHub/Cronometro-VHDL-Trabajo-SED-2021-/project_1/project_1.srcs/sources_1/new/Sel_Cuenta.vhd" into library xil_defaultlib
INFO: [VRFC 10-3107] analyzing entity 'Sel_Cuenta'
INFO: [VRFC 10-163] Analyzing VHDL file "C:/Users/alejandro/Documents/GitHub/Cronometro-VHDL-Trabajo-SED-2021-/project_1/project_1.srcs/sim_1/new/Modo_Temp_tb.vhd" into library xil_defaultlib
INFO: [VRFC 10-3107] analyzing entity 'Modo_Temp_tb'
INFO: [USF-XSim-69] 'compile' step finished in '3' seconds
INFO: [USF-XSim-3] XSim::Elaborate design
INFO: [USF-XSim-61] Executing 'ELABORATE' step in 'C:/Users/alejandro/Documents/GitHub/Cronometro-VHDL-Trabajo-SED-2021-/project_1/project_1.sim/sim_1/behav/xsim'
"xelab -wto 2dc3eae9aa8849d6b9bafb2639e9c63f --incr --debug typical --relax --mt 2 -L xil_defaultlib -L secureip --snapshot Modo_Temp_tb_behav xil_defaultlib.Modo_Temp_tb -log elaborate.log"
Vivado Simulator v2021.1
Copyright 1986-1999, 2001-2021 Xilinx, Inc. All Rights Reserved.
Running: C:/Xilinx/Vivado/2021.1/bin/unwrapped/win64.o/xelab.exe -wto 2dc3eae9aa8849d6b9bafb2639e9c63f --incr --debug typical --relax --mt 2 -L xil_defaultlib -L secureip --snapshot Modo_Temp_tb_behav xil_defaultlib.Modo_Temp_tb -log elaborate.log 
Using 2 slave threads.
Starting static elaboration
Completed static elaboration
Starting simulation data flow analysis
Completed simulation data flow analysis
Time Resolution for simulation is 1ps
Compiling package std.standard
Compiling package std.textio
Compiling package ieee.std_logic_1164
Compiling package ieee.numeric_std
Compiling package ieee.std_logic_arith
Compiling package ieee.std_logic_unsigned
Compiling package ieee.std_logic_signed
Compiling architecture behavioral of entity xil_defaultlib.clk10kHz [clk10khz_default]
Compiling architecture behavioral of entity xil_defaultlib.Sel_Cuenta [sel_cuenta_default]
Compiling architecture behavioral of entity xil_defaultlib.clk1Hz [clk1hz_default]
Compiling architecture behavioral of entity xil_defaultlib.Cuenta_atras [cuenta_atras_default]
Compiling architecture behavioral of entity xil_defaultlib.Mux_Temp [mux_temp_default]
Compiling architecture behavioral of entity xil_defaultlib.Modo_Temp [modo_temp_default]
Compiling architecture tb of entity xil_defaultlib.modo_temp_tb
Built simulation snapshot Modo_Temp_tb_behav

****** Webtalk v2021.1 (64-bit)
  **** SW Build 3247384 on Thu Jun 10 19:36:33 MDT 2021
  **** IP Build 3246043 on Fri Jun 11 00:30:35 MDT 2021
    ** Copyright 1986-2021 Xilinx, Inc. All Rights Reserved.

source C:/Users/alejandro/Documents/GitHub/Cronometro-VHDL-Trabajo-SED-2021-/project_1/project_1.sim/sim_1/behav/xsim/xsim.dir/Modo_Temp_tb_behav/webtalk/xsim_webtalk.tcl -notrace
INFO: [Common 17-186] 'C:/Users/alejandro/Documents/GitHub/Cronometro-VHDL-Trabajo-SED-2021-/project_1/project_1.sim/sim_1/behav/xsim/xsim.dir/Modo_Temp_tb_behav/webtalk/usage_statistics_ext_xsim.xml' has been successfully sent to Xilinx on Sun Jan 16 16:56:08 2022. For additional details about this file, please refer to the WebTalk help file at C:/Xilinx/Vivado/2021.1/doc/webtalk_introduction.html.
INFO: [Common 17-206] Exiting Webtalk at Sun Jan 16 16:56:08 2022...
run_program: Time (s): cpu = 00:00:00 ; elapsed = 00:00:09 . Memory (MB): peak = 1105.230 ; gain = 0.000
INFO: [USF-XSim-69] 'elaborate' step finished in '9' seconds
INFO: [USF-XSim-4] XSim::Simulate design
INFO: [USF-XSim-61] Executing 'SIMULATE' step in 'C:/Users/alejandro/Documents/GitHub/Cronometro-VHDL-Trabajo-SED-2021-/project_1/project_1.sim/sim_1/behav/xsim'
INFO: [USF-XSim-98] *** Running xsim
   with args "Modo_Temp_tb_behav -key {Behavioral:sim_1:Functional:Modo_Temp_tb} -tclbatch {Modo_Temp_tb.tcl} -log {simulate.log}"
INFO: [USF-XSim-8] Loading simulator feature
Time resolution is 1 ps
source Modo_Temp_tb.tcl
# set curr_wave [current_wave_config]
# if { [string length $curr_wave] == 0 } {
#   if { [llength [get_objects]] > 0} {
#     add_wave /
#     set_property needs_save false [current_wave_config]
#   } else {
#      send_msg_id Add_Wave-1 WARNING "No top level signals found. Simulator will start without a wave window. If you want to open a wave window go to 'File->New Waveform Configuration' or type 'create_wave_config' in the TCL console."
#   }
# }
# run 1000ns
xsim: Time (s): cpu = 00:00:05 ; elapsed = 00:00:09 . Memory (MB): peak = 1105.230 ; gain = 0.000
INFO: [USF-XSim-96] XSim completed. Design snapshot 'Modo_Temp_tb_behav' loaded.
INFO: [USF-XSim-97] XSim simulation ran for 1000ns
launch_simulation: Time (s): cpu = 00:00:06 ; elapsed = 00:00:21 . Memory (MB): peak = 1105.230 ; gain = 0.000
run all
close_sim
INFO: [Simtcl 6-16] Simulation closed
close_sim: Time (s): cpu = 00:00:02 ; elapsed = 00:00:09 . Memory (MB): peak = 1105.230 ; gain = 0.000
launch_simulation
Command: launch_simulation 
INFO: [Vivado 12-12493] Simulation top is 'Modo_Temp_tb'
INFO: [Vivado 12-5682] Launching behavioral simulation in 'C:/Users/alejandro/Documents/GitHub/Cronometro-VHDL-Trabajo-SED-2021-/project_1/project_1.sim/sim_1/behav/xsim'
INFO: [SIM-utils-51] Simulation object is 'sim_1'
INFO: [SIM-utils-72] Using boost library from 'C:/Xilinx/Vivado/2021.1/tps/boost_1_72_0'
INFO: [SIM-utils-54] Inspecting design source files for 'Modo_Temp_tb' in fileset 'sim_1'...
INFO: [USF-XSim-97] Finding global include files...
INFO: [USF-XSim-98] Fetching design files from 'sim_1'...
INFO: [USF-XSim-2] XSim::Compile design
INFO: [USF-XSim-61] Executing 'COMPILE and ANALYZE' step in 'C:/Users/alejandro/Documents/GitHub/Cronometro-VHDL-Trabajo-SED-2021-/project_1/project_1.sim/sim_1/behav/xsim'
"xvhdl --incr --relax -prj Modo_Temp_tb_vhdl.prj"
INFO: [VRFC 10-163] Analyzing VHDL file "C:/Users/alejandro/Documents/GitHub/Cronometro-VHDL-Trabajo-SED-2021-/project_1/project_1.srcs/sim_1/new/Modo_Temp_tb.vhd" into library xil_defaultlib
INFO: [VRFC 10-3107] analyzing entity 'Modo_Temp_tb'
INFO: [USF-XSim-69] 'compile' step finished in '2' seconds
INFO: [USF-XSim-3] XSim::Elaborate design
INFO: [USF-XSim-61] Executing 'ELABORATE' step in 'C:/Users/alejandro/Documents/GitHub/Cronometro-VHDL-Trabajo-SED-2021-/project_1/project_1.sim/sim_1/behav/xsim'
"xelab -wto 2dc3eae9aa8849d6b9bafb2639e9c63f --incr --debug typical --relax --mt 2 -L xil_defaultlib -L secureip --snapshot Modo_Temp_tb_behav xil_defaultlib.Modo_Temp_tb -log elaborate.log"
Vivado Simulator v2021.1
Copyright 1986-1999, 2001-2021 Xilinx, Inc. All Rights Reserved.
Running: C:/Xilinx/Vivado/2021.1/bin/unwrapped/win64.o/xelab.exe -wto 2dc3eae9aa8849d6b9bafb2639e9c63f --incr --debug typical --relax --mt 2 -L xil_defaultlib -L secureip --snapshot Modo_Temp_tb_behav xil_defaultlib.Modo_Temp_tb -log elaborate.log 
Using 2 slave threads.
Starting static elaboration
Completed static elaboration
Starting simulation data flow analysis
Completed simulation data flow analysis
Time Resolution for simulation is 1ps
Compiling package std.standard
Compiling package std.textio
Compiling package ieee.std_logic_1164
Compiling package ieee.numeric_std
Compiling package ieee.std_logic_arith
Compiling package ieee.std_logic_unsigned
Compiling package ieee.std_logic_signed
Compiling architecture behavioral of entity xil_defaultlib.clk10kHz [clk10khz_default]
Compiling architecture behavioral of entity xil_defaultlib.Sel_Cuenta [sel_cuenta_default]
Compiling architecture behavioral of entity xil_defaultlib.clk1Hz [clk1hz_default]
Compiling architecture behavioral of entity xil_defaultlib.Cuenta_atras [cuenta_atras_default]
Compiling architecture behavioral of entity xil_defaultlib.Mux_Temp [mux_temp_default]
Compiling architecture behavioral of entity xil_defaultlib.Modo_Temp [modo_temp_default]
Compiling architecture tb of entity xil_defaultlib.modo_temp_tb
Built simulation snapshot Modo_Temp_tb_behav
INFO: [USF-XSim-69] 'elaborate' step finished in '3' seconds
INFO: [USF-XSim-4] XSim::Simulate design
INFO: [USF-XSim-61] Executing 'SIMULATE' step in 'C:/Users/alejandro/Documents/GitHub/Cronometro-VHDL-Trabajo-SED-2021-/project_1/project_1.sim/sim_1/behav/xsim'
INFO: [USF-XSim-98] *** Running xsim
   with args "Modo_Temp_tb_behav -key {Behavioral:sim_1:Functional:Modo_Temp_tb} -tclbatch {Modo_Temp_tb.tcl} -log {simulate.log}"
INFO: [USF-XSim-8] Loading simulator feature
Time resolution is 1 ps
source Modo_Temp_tb.tcl
# set curr_wave [current_wave_config]
# if { [string length $curr_wave] == 0 } {
#   if { [llength [get_objects]] > 0} {
#     add_wave /
#     set_property needs_save false [current_wave_config]
#   } else {
#      send_msg_id Add_Wave-1 WARNING "No top level signals found. Simulator will start without a wave window. If you want to open a wave window go to 'File->New Waveform Configuration' or type 'create_wave_config' in the TCL console."
#   }
# }
# run 1000ns
xsim: Time (s): cpu = 00:00:05 ; elapsed = 00:00:09 . Memory (MB): peak = 1105.230 ; gain = 0.000
INFO: [USF-XSim-96] XSim completed. Design snapshot 'Modo_Temp_tb_behav' loaded.
INFO: [USF-XSim-97] XSim simulation ran for 1000ns
launch_simulation: Time (s): cpu = 00:00:05 ; elapsed = 00:00:14 . Memory (MB): peak = 1105.230 ; gain = 0.000
run all
close_sim
INFO: [Simtcl 6-16] Simulation closed
launch_simulation
Command: launch_simulation 
INFO: [Vivado 12-12493] Simulation top is 'Modo_Temp_tb'
INFO: [Vivado 12-5682] Launching behavioral simulation in 'C:/Users/alejandro/Documents/GitHub/Cronometro-VHDL-Trabajo-SED-2021-/project_1/project_1.sim/sim_1/behav/xsim'
INFO: [SIM-utils-51] Simulation object is 'sim_1'
INFO: [SIM-utils-72] Using boost library from 'C:/Xilinx/Vivado/2021.1/tps/boost_1_72_0'
INFO: [SIM-utils-54] Inspecting design source files for 'Modo_Temp_tb' in fileset 'sim_1'...
INFO: [USF-XSim-97] Finding global include files...
INFO: [USF-XSim-98] Fetching design files from 'sim_1'...
INFO: [USF-XSim-2] XSim::Compile design
INFO: [USF-XSim-61] Executing 'COMPILE and ANALYZE' step in 'C:/Users/alejandro/Documents/GitHub/Cronometro-VHDL-Trabajo-SED-2021-/project_1/project_1.sim/sim_1/behav/xsim'
"xvhdl --incr --relax -prj Modo_Temp_tb_vhdl.prj"
INFO: [VRFC 10-163] Analyzing VHDL file "C:/Users/alejandro/Documents/GitHub/Cronometro-VHDL-Trabajo-SED-2021-/project_1/project_1.srcs/sources_1/new/Sel_Cuenta.vhd" into library xil_defaultlib
INFO: [VRFC 10-3107] analyzing entity 'Sel_Cuenta'
INFO: [USF-XSim-69] 'compile' step finished in '2' seconds
INFO: [USF-XSim-3] XSim::Elaborate design
INFO: [USF-XSim-61] Executing 'ELABORATE' step in 'C:/Users/alejandro/Documents/GitHub/Cronometro-VHDL-Trabajo-SED-2021-/project_1/project_1.sim/sim_1/behav/xsim'
"xelab -wto 2dc3eae9aa8849d6b9bafb2639e9c63f --incr --debug typical --relax --mt 2 -L xil_defaultlib -L secureip --snapshot Modo_Temp_tb_behav xil_defaultlib.Modo_Temp_tb -log elaborate.log"
Vivado Simulator v2021.1
Copyright 1986-1999, 2001-2021 Xilinx, Inc. All Rights Reserved.
Running: C:/Xilinx/Vivado/2021.1/bin/unwrapped/win64.o/xelab.exe -wto 2dc3eae9aa8849d6b9bafb2639e9c63f --incr --debug typical --relax --mt 2 -L xil_defaultlib -L secureip --snapshot Modo_Temp_tb_behav xil_defaultlib.Modo_Temp_tb -log elaborate.log 
Using 2 slave threads.
Starting static elaboration
Completed static elaboration
Starting simulation data flow analysis
Completed simulation data flow analysis
Time Resolution for simulation is 1ps
Compiling package std.standard
Compiling package std.textio
Compiling package ieee.std_logic_1164
Compiling package ieee.numeric_std
Compiling package ieee.std_logic_arith
Compiling package ieee.std_logic_unsigned
Compiling package ieee.std_logic_signed
Compiling architecture behavioral of entity xil_defaultlib.clk10kHz [clk10khz_default]
Compiling architecture behavioral of entity xil_defaultlib.Sel_Cuenta [sel_cuenta_default]
Compiling architecture behavioral of entity xil_defaultlib.clk1Hz [clk1hz_default]
Compiling architecture behavioral of entity xil_defaultlib.Cuenta_atras [cuenta_atras_default]
Compiling architecture behavioral of entity xil_defaultlib.Mux_Temp [mux_temp_default]
Compiling architecture behavioral of entity xil_defaultlib.Modo_Temp [modo_temp_default]
Compiling architecture tb of entity xil_defaultlib.modo_temp_tb
Built simulation snapshot Modo_Temp_tb_behav
INFO: [USF-XSim-69] 'elaborate' step finished in '3' seconds
INFO: [USF-XSim-4] XSim::Simulate design
INFO: [USF-XSim-61] Executing 'SIMULATE' step in 'C:/Users/alejandro/Documents/GitHub/Cronometro-VHDL-Trabajo-SED-2021-/project_1/project_1.sim/sim_1/behav/xsim'
INFO: [USF-XSim-98] *** Running xsim
   with args "Modo_Temp_tb_behav -key {Behavioral:sim_1:Functional:Modo_Temp_tb} -tclbatch {Modo_Temp_tb.tcl} -log {simulate.log}"
INFO: [USF-XSim-8] Loading simulator feature
Time resolution is 1 ps
source Modo_Temp_tb.tcl
# set curr_wave [current_wave_config]
# if { [string length $curr_wave] == 0 } {
#   if { [llength [get_objects]] > 0} {
#     add_wave /
#     set_property needs_save false [current_wave_config]
#   } else {
#      send_msg_id Add_Wave-1 WARNING "No top level signals found. Simulator will start without a wave window. If you want to open a wave window go to 'File->New Waveform Configuration' or type 'create_wave_config' in the TCL console."
#   }
# }
# run 1000ns
xsim: Time (s): cpu = 00:00:05 ; elapsed = 00:00:08 . Memory (MB): peak = 1105.230 ; gain = 0.000
INFO: [USF-XSim-96] XSim completed. Design snapshot 'Modo_Temp_tb_behav' loaded.
INFO: [USF-XSim-97] XSim simulation ran for 1000ns
launch_simulation: Time (s): cpu = 00:00:06 ; elapsed = 00:00:14 . Memory (MB): peak = 1105.230 ; gain = 0.000
run all
close_sim
INFO: [Simtcl 6-16] Simulation closed
launch_simulation
Command: launch_simulation 
INFO: [Vivado 12-12493] Simulation top is 'Modo_Temp_tb'
INFO: [Vivado 12-5682] Launching behavioral simulation in 'C:/Users/alejandro/Documents/GitHub/Cronometro-VHDL-Trabajo-SED-2021-/project_1/project_1.sim/sim_1/behav/xsim'
INFO: [SIM-utils-51] Simulation object is 'sim_1'
INFO: [SIM-utils-72] Using boost library from 'C:/Xilinx/Vivado/2021.1/tps/boost_1_72_0'
INFO: [SIM-utils-54] Inspecting design source files for 'Modo_Temp_tb' in fileset 'sim_1'...
INFO: [USF-XSim-97] Finding global include files...
INFO: [USF-XSim-98] Fetching design files from 'sim_1'...
INFO: [USF-XSim-2] XSim::Compile design
INFO: [USF-XSim-61] Executing 'COMPILE and ANALYZE' step in 'C:/Users/alejandro/Documents/GitHub/Cronometro-VHDL-Trabajo-SED-2021-/project_1/project_1.sim/sim_1/behav/xsim'
"xvhdl --incr --relax -prj Modo_Temp_tb_vhdl.prj"
INFO: [VRFC 10-163] Analyzing VHDL file "C:/Users/alejandro/Documents/GitHub/Cronometro-VHDL-Trabajo-SED-2021-/project_1/project_1.srcs/sources_1/new/Sel_Cuenta.vhd" into library xil_defaultlib
INFO: [VRFC 10-3107] analyzing entity 'Sel_Cuenta'
INFO: [USF-XSim-69] 'compile' step finished in '2' seconds
INFO: [USF-XSim-3] XSim::Elaborate design
INFO: [USF-XSim-61] Executing 'ELABORATE' step in 'C:/Users/alejandro/Documents/GitHub/Cronometro-VHDL-Trabajo-SED-2021-/project_1/project_1.sim/sim_1/behav/xsim'
"xelab -wto 2dc3eae9aa8849d6b9bafb2639e9c63f --incr --debug typical --relax --mt 2 -L xil_defaultlib -L secureip --snapshot Modo_Temp_tb_behav xil_defaultlib.Modo_Temp_tb -log elaborate.log"
Vivado Simulator v2021.1
Copyright 1986-1999, 2001-2021 Xilinx, Inc. All Rights Reserved.
Running: C:/Xilinx/Vivado/2021.1/bin/unwrapped/win64.o/xelab.exe -wto 2dc3eae9aa8849d6b9bafb2639e9c63f --incr --debug typical --relax --mt 2 -L xil_defaultlib -L secureip --snapshot Modo_Temp_tb_behav xil_defaultlib.Modo_Temp_tb -log elaborate.log 
Using 2 slave threads.
Starting static elaboration
Completed static elaboration
Starting simulation data flow analysis
Completed simulation data flow analysis
Time Resolution for simulation is 1ps
Compiling package std.standard
Compiling package std.textio
Compiling package ieee.std_logic_1164
Compiling package ieee.numeric_std
Compiling package ieee.std_logic_arith
Compiling package ieee.std_logic_unsigned
Compiling package ieee.std_logic_signed
Compiling architecture behavioral of entity xil_defaultlib.clk10kHz [clk10khz_default]
Compiling architecture behavioral of entity xil_defaultlib.Sel_Cuenta [sel_cuenta_default]
Compiling architecture behavioral of entity xil_defaultlib.clk1Hz [clk1hz_default]
Compiling architecture behavioral of entity xil_defaultlib.Cuenta_atras [cuenta_atras_default]
Compiling architecture behavioral of entity xil_defaultlib.Mux_Temp [mux_temp_default]
Compiling architecture behavioral of entity xil_defaultlib.Modo_Temp [modo_temp_default]
Compiling architecture tb of entity xil_defaultlib.modo_temp_tb
Built simulation snapshot Modo_Temp_tb_behav
INFO: [USF-XSim-69] 'elaborate' step finished in '3' seconds
INFO: [USF-XSim-4] XSim::Simulate design
INFO: [USF-XSim-61] Executing 'SIMULATE' step in 'C:/Users/alejandro/Documents/GitHub/Cronometro-VHDL-Trabajo-SED-2021-/project_1/project_1.sim/sim_1/behav/xsim'
INFO: [USF-XSim-98] *** Running xsim
   with args "Modo_Temp_tb_behav -key {Behavioral:sim_1:Functional:Modo_Temp_tb} -tclbatch {Modo_Temp_tb.tcl} -log {simulate.log}"
INFO: [USF-XSim-8] Loading simulator feature
Time resolution is 1 ps
source Modo_Temp_tb.tcl
# set curr_wave [current_wave_config]
# if { [string length $curr_wave] == 0 } {
#   if { [llength [get_objects]] > 0} {
#     add_wave /
#     set_property needs_save false [current_wave_config]
#   } else {
#      send_msg_id Add_Wave-1 WARNING "No top level signals found. Simulator will start without a wave window. If you want to open a wave window go to 'File->New Waveform Configuration' or type 'create_wave_config' in the TCL console."
#   }
# }
# run 1000ns
xsim: Time (s): cpu = 00:00:04 ; elapsed = 00:00:08 . Memory (MB): peak = 1105.230 ; gain = 0.000
INFO: [USF-XSim-96] XSim completed. Design snapshot 'Modo_Temp_tb_behav' loaded.
INFO: [USF-XSim-97] XSim simulation ran for 1000ns
launch_simulation: Time (s): cpu = 00:00:04 ; elapsed = 00:00:14 . Memory (MB): peak = 1105.230 ; gain = 0.000
close_sim
INFO: [Simtcl 6-16] Simulation closed
launch_simulation
Command: launch_simulation 
INFO: [Vivado 12-12493] Simulation top is 'Modo_Temp_tb'
INFO: [Vivado 12-5682] Launching behavioral simulation in 'C:/Users/alejandro/Documents/GitHub/Cronometro-VHDL-Trabajo-SED-2021-/project_1/project_1.sim/sim_1/behav/xsim'
INFO: [SIM-utils-51] Simulation object is 'sim_1'
INFO: [SIM-utils-72] Using boost library from 'C:/Xilinx/Vivado/2021.1/tps/boost_1_72_0'
INFO: [SIM-utils-54] Inspecting design source files for 'Modo_Temp_tb' in fileset 'sim_1'...
INFO: [USF-XSim-97] Finding global include files...
INFO: [USF-XSim-98] Fetching design files from 'sim_1'...
INFO: [USF-XSim-2] XSim::Compile design
INFO: [USF-XSim-61] Executing 'COMPILE and ANALYZE' step in 'C:/Users/alejandro/Documents/GitHub/Cronometro-VHDL-Trabajo-SED-2021-/project_1/project_1.sim/sim_1/behav/xsim'
"xvhdl --incr --relax -prj Modo_Temp_tb_vhdl.prj"
INFO: [VRFC 10-163] Analyzing VHDL file "C:/Users/alejandro/Documents/GitHub/Cronometro-VHDL-Trabajo-SED-2021-/project_1/project_1.srcs/sources_1/new/Sel_Cuenta.vhd" into library xil_defaultlib
INFO: [VRFC 10-3107] analyzing entity 'Sel_Cuenta'
INFO: [VRFC 10-163] Analyzing VHDL file "C:/Users/alejandro/Documents/GitHub/Cronometro-VHDL-Trabajo-SED-2021-/project_1/project_1.srcs/sim_1/new/Modo_Temp_tb.vhd" into library xil_defaultlib
INFO: [VRFC 10-3107] analyzing entity 'Modo_Temp_tb'
INFO: [USF-XSim-69] 'compile' step finished in '2' seconds
INFO: [USF-XSim-3] XSim::Elaborate design
INFO: [USF-XSim-61] Executing 'ELABORATE' step in 'C:/Users/alejandro/Documents/GitHub/Cronometro-VHDL-Trabajo-SED-2021-/project_1/project_1.sim/sim_1/behav/xsim'
"xelab -wto 2dc3eae9aa8849d6b9bafb2639e9c63f --incr --debug typical --relax --mt 2 -L xil_defaultlib -L secureip --snapshot Modo_Temp_tb_behav xil_defaultlib.Modo_Temp_tb -log elaborate.log"
Vivado Simulator v2021.1
Copyright 1986-1999, 2001-2021 Xilinx, Inc. All Rights Reserved.
Running: C:/Xilinx/Vivado/2021.1/bin/unwrapped/win64.o/xelab.exe -wto 2dc3eae9aa8849d6b9bafb2639e9c63f --incr --debug typical --relax --mt 2 -L xil_defaultlib -L secureip --snapshot Modo_Temp_tb_behav xil_defaultlib.Modo_Temp_tb -log elaborate.log 
Using 2 slave threads.
Starting static elaboration
Completed static elaboration
Starting simulation data flow analysis
Completed simulation data flow analysis
Time Resolution for simulation is 1ps
Compiling package std.standard
Compiling package std.textio
Compiling package ieee.std_logic_1164
Compiling package ieee.numeric_std
Compiling package ieee.std_logic_arith
Compiling package ieee.std_logic_unsigned
Compiling package ieee.std_logic_signed
Compiling architecture behavioral of entity xil_defaultlib.clk10kHz [clk10khz_default]
Compiling architecture behavioral of entity xil_defaultlib.Sel_Cuenta [sel_cuenta_default]
Compiling architecture behavioral of entity xil_defaultlib.clk1Hz [clk1hz_default]
Compiling architecture behavioral of entity xil_defaultlib.Cuenta_atras [cuenta_atras_default]
Compiling architecture behavioral of entity xil_defaultlib.Mux_Temp [mux_temp_default]
Compiling architecture behavioral of entity xil_defaultlib.Modo_Temp [modo_temp_default]
Compiling architecture tb of entity xil_defaultlib.modo_temp_tb
Built simulation snapshot Modo_Temp_tb_behav
INFO: [USF-XSim-69] 'elaborate' step finished in '3' seconds
INFO: [USF-XSim-4] XSim::Simulate design
INFO: [USF-XSim-61] Executing 'SIMULATE' step in 'C:/Users/alejandro/Documents/GitHub/Cronometro-VHDL-Trabajo-SED-2021-/project_1/project_1.sim/sim_1/behav/xsim'
INFO: [USF-XSim-98] *** Running xsim
   with args "Modo_Temp_tb_behav -key {Behavioral:sim_1:Functional:Modo_Temp_tb} -tclbatch {Modo_Temp_tb.tcl} -log {simulate.log}"
INFO: [USF-XSim-8] Loading simulator feature
Time resolution is 1 ps
source Modo_Temp_tb.tcl
# set curr_wave [current_wave_config]
# if { [string length $curr_wave] == 0 } {
#   if { [llength [get_objects]] > 0} {
#     add_wave /
#     set_property needs_save false [current_wave_config]
#   } else {
#      send_msg_id Add_Wave-1 WARNING "No top level signals found. Simulator will start without a wave window. If you want to open a wave window go to 'File->New Waveform Configuration' or type 'create_wave_config' in the TCL console."
#   }
# }
# run 1000ns
xsim: Time (s): cpu = 00:00:04 ; elapsed = 00:00:16 . Memory (MB): peak = 1105.230 ; gain = 0.000
INFO: [USF-XSim-96] XSim completed. Design snapshot 'Modo_Temp_tb_behav' loaded.
INFO: [USF-XSim-97] XSim simulation ran for 1000ns
launch_simulation: Time (s): cpu = 00:00:05 ; elapsed = 00:00:21 . Memory (MB): peak = 1105.230 ; gain = 0.000
run all
close_sim
INFO: [Simtcl 6-16] Simulation closed
set_property SOURCE_SET sources_1 [get_filesets sim_1]
close [ open C:/Users/alejandro/Documents/GitHub/Cronometro-VHDL-Trabajo-SED-2021-/project_1/project_1.srcs/sim_1/new/Sel_Cuenta_tb.vhd w ]
add_files -fileset sim_1 C:/Users/alejandro/Documents/GitHub/Cronometro-VHDL-Trabajo-SED-2021-/project_1/project_1.srcs/sim_1/new/Sel_Cuenta_tb.vhd
update_compile_order -fileset sim_1
set_property top Sel_Cuenta_tb [get_filesets sim_1]
set_property top_lib xil_defaultlib [get_filesets sim_1]
update_compile_order -fileset sim_1
launch_simulation
Command: launch_simulation 
INFO: [Vivado 12-12493] Simulation top is 'Sel_Cuenta_tb'
INFO: [Vivado 12-5682] Launching behavioral simulation in 'C:/Users/alejandro/Documents/GitHub/Cronometro-VHDL-Trabajo-SED-2021-/project_1/project_1.sim/sim_1/behav/xsim'
INFO: [SIM-utils-51] Simulation object is 'sim_1'
INFO: [SIM-utils-72] Using boost library from 'C:/Xilinx/Vivado/2021.1/tps/boost_1_72_0'
INFO: [SIM-utils-54] Inspecting design source files for 'Sel_Cuenta_tb' in fileset 'sim_1'...
INFO: [USF-XSim-97] Finding global include files...
INFO: [USF-XSim-98] Fetching design files from 'sim_1'...
INFO: [USF-XSim-2] XSim::Compile design
INFO: [USF-XSim-61] Executing 'COMPILE and ANALYZE' step in 'C:/Users/alejandro/Documents/GitHub/Cronometro-VHDL-Trabajo-SED-2021-/project_1/project_1.sim/sim_1/behav/xsim'
"xvhdl --incr --relax -prj Sel_Cuenta_tb_vhdl.prj"
INFO: [VRFC 10-163] Analyzing VHDL file "C:/Users/alejandro/Documents/GitHub/Cronometro-VHDL-Trabajo-SED-2021-/project_1/project_1.srcs/sim_1/new/Sel_Cuenta_tb.vhd" into library xil_defaultlib
INFO: [VRFC 10-3107] analyzing entity 'Sel_Cuenta_tb'
INFO: [USF-XSim-69] 'compile' step finished in '2' seconds
INFO: [USF-XSim-3] XSim::Elaborate design
INFO: [USF-XSim-61] Executing 'ELABORATE' step in 'C:/Users/alejandro/Documents/GitHub/Cronometro-VHDL-Trabajo-SED-2021-/project_1/project_1.sim/sim_1/behav/xsim'
"xelab -wto 2dc3eae9aa8849d6b9bafb2639e9c63f --incr --debug typical --relax --mt 2 -L xil_defaultlib -L secureip --snapshot Sel_Cuenta_tb_behav xil_defaultlib.Sel_Cuenta_tb -log elaborate.log"
Vivado Simulator v2021.1
Copyright 1986-1999, 2001-2021 Xilinx, Inc. All Rights Reserved.
Running: C:/Xilinx/Vivado/2021.1/bin/unwrapped/win64.o/xelab.exe -wto 2dc3eae9aa8849d6b9bafb2639e9c63f --incr --debug typical --relax --mt 2 -L xil_defaultlib -L secureip --snapshot Sel_Cuenta_tb_behav xil_defaultlib.Sel_Cuenta_tb -log elaborate.log 
Using 2 slave threads.
Starting static elaboration
Completed static elaboration
Starting simulation data flow analysis
Completed simulation data flow analysis
Time Resolution for simulation is 1ps
Compiling package std.standard
Compiling package std.textio
Compiling package ieee.std_logic_1164
Compiling package ieee.numeric_std
Compiling architecture behavioral of entity xil_defaultlib.clk10kHz [clk10khz_default]
Compiling architecture behavioral of entity xil_defaultlib.Sel_Cuenta [sel_cuenta_default]
Compiling architecture tb of entity xil_defaultlib.sel_cuenta_tb
Built simulation snapshot Sel_Cuenta_tb_behav

****** Webtalk v2021.1 (64-bit)
  **** SW Build 3247384 on Thu Jun 10 19:36:33 MDT 2021
  **** IP Build 3246043 on Fri Jun 11 00:30:35 MDT 2021
    ** Copyright 1986-2021 Xilinx, Inc. All Rights Reserved.

source C:/Users/alejandro/Documents/GitHub/Cronometro-VHDL-Trabajo-SED-2021-/project_1/project_1.sim/sim_1/behav/xsim/xsim.dir/Sel_Cuenta_tb_behav/webtalk/xsim_webtalk.tcl -notrace
INFO: [Common 17-186] 'C:/Users/alejandro/Documents/GitHub/Cronometro-VHDL-Trabajo-SED-2021-/project_1/project_1.sim/sim_1/behav/xsim/xsim.dir/Sel_Cuenta_tb_behav/webtalk/usage_statistics_ext_xsim.xml' has been successfully sent to Xilinx on Sun Jan 16 17:15:30 2022. For additional details about this file, please refer to the WebTalk help file at C:/Xilinx/Vivado/2021.1/doc/webtalk_introduction.html.
INFO: [Common 17-206] Exiting Webtalk at Sun Jan 16 17:15:30 2022...
run_program: Time (s): cpu = 00:00:00 ; elapsed = 00:00:09 . Memory (MB): peak = 2068.719 ; gain = 0.000
INFO: [USF-XSim-69] 'elaborate' step finished in '9' seconds
INFO: [USF-XSim-4] XSim::Simulate design
INFO: [USF-XSim-61] Executing 'SIMULATE' step in 'C:/Users/alejandro/Documents/GitHub/Cronometro-VHDL-Trabajo-SED-2021-/project_1/project_1.sim/sim_1/behav/xsim'
INFO: [USF-XSim-98] *** Running xsim
   with args "Sel_Cuenta_tb_behav -key {Behavioral:sim_1:Functional:Sel_Cuenta_tb} -tclbatch {Sel_Cuenta_tb.tcl} -log {simulate.log}"
INFO: [USF-XSim-8] Loading simulator feature
Time resolution is 1 ps
source Sel_Cuenta_tb.tcl
# set curr_wave [current_wave_config]
# if { [string length $curr_wave] == 0 } {
#   if { [llength [get_objects]] > 0} {
#     add_wave /
#     set_property needs_save false [current_wave_config]
#   } else {
#      send_msg_id Add_Wave-1 WARNING "No top level signals found. Simulator will start without a wave window. If you want to open a wave window go to 'File->New Waveform Configuration' or type 'create_wave_config' in the TCL console."
#   }
# }
# run 1000ns
xsim: Time (s): cpu = 00:00:05 ; elapsed = 00:00:12 . Memory (MB): peak = 2068.719 ; gain = 0.000
INFO: [USF-XSim-96] XSim completed. Design snapshot 'Sel_Cuenta_tb_behav' loaded.
INFO: [USF-XSim-97] XSim simulation ran for 1000ns
launch_simulation: Time (s): cpu = 00:00:05 ; elapsed = 00:00:24 . Memory (MB): peak = 2068.719 ; gain = 0.000
close_sim
INFO: [Simtcl 6-16] Simulation closed
close_sim: Time (s): cpu = 00:00:02 ; elapsed = 00:00:09 . Memory (MB): peak = 2068.719 ; gain = 0.000
launch_simulation
Command: launch_simulation 
INFO: [Vivado 12-12493] Simulation top is 'Sel_Cuenta_tb'
INFO: [Vivado 12-5682] Launching behavioral simulation in 'C:/Users/alejandro/Documents/GitHub/Cronometro-VHDL-Trabajo-SED-2021-/project_1/project_1.sim/sim_1/behav/xsim'
INFO: [SIM-utils-51] Simulation object is 'sim_1'
INFO: [SIM-utils-72] Using boost library from 'C:/Xilinx/Vivado/2021.1/tps/boost_1_72_0'
INFO: [SIM-utils-54] Inspecting design source files for 'Sel_Cuenta_tb' in fileset 'sim_1'...
INFO: [USF-XSim-97] Finding global include files...
INFO: [USF-XSim-98] Fetching design files from 'sim_1'...
INFO: [USF-XSim-2] XSim::Compile design
INFO: [USF-XSim-61] Executing 'COMPILE and ANALYZE' step in 'C:/Users/alejandro/Documents/GitHub/Cronometro-VHDL-Trabajo-SED-2021-/project_1/project_1.sim/sim_1/behav/xsim'
"xvhdl --incr --relax -prj Sel_Cuenta_tb_vhdl.prj"
INFO: [VRFC 10-163] Analyzing VHDL file "C:/Users/alejandro/Documents/GitHub/Cronometro-VHDL-Trabajo-SED-2021-/project_1/project_1.srcs/sources_1/new/Sel_Cuenta.vhd" into library xil_defaultlib
INFO: [VRFC 10-3107] analyzing entity 'Sel_Cuenta'
INFO: [USF-XSim-69] 'compile' step finished in '3' seconds
INFO: [USF-XSim-3] XSim::Elaborate design
INFO: [USF-XSim-61] Executing 'ELABORATE' step in 'C:/Users/alejandro/Documents/GitHub/Cronometro-VHDL-Trabajo-SED-2021-/project_1/project_1.sim/sim_1/behav/xsim'
"xelab -wto 2dc3eae9aa8849d6b9bafb2639e9c63f --incr --debug typical --relax --mt 2 -L xil_defaultlib -L secureip --snapshot Sel_Cuenta_tb_behav xil_defaultlib.Sel_Cuenta_tb -log elaborate.log"
Vivado Simulator v2021.1
Copyright 1986-1999, 2001-2021 Xilinx, Inc. All Rights Reserved.
Running: C:/Xilinx/Vivado/2021.1/bin/unwrapped/win64.o/xelab.exe -wto 2dc3eae9aa8849d6b9bafb2639e9c63f --incr --debug typical --relax --mt 2 -L xil_defaultlib -L secureip --snapshot Sel_Cuenta_tb_behav xil_defaultlib.Sel_Cuenta_tb -log elaborate.log 
Using 2 slave threads.
Starting static elaboration
Completed static elaboration
Starting simulation data flow analysis
Completed simulation data flow analysis
Time Resolution for simulation is 1ps
Compiling package std.standard
Compiling package std.textio
Compiling package ieee.std_logic_1164
Compiling package ieee.numeric_std
Compiling architecture behavioral of entity xil_defaultlib.clk10kHz [clk10khz_default]
Compiling architecture behavioral of entity xil_defaultlib.Sel_Cuenta [sel_cuenta_default]
Compiling architecture tb of entity xil_defaultlib.sel_cuenta_tb
Built simulation snapshot Sel_Cuenta_tb_behav
INFO: [USF-XSim-69] 'elaborate' step finished in '3' seconds
INFO: [USF-XSim-4] XSim::Simulate design
INFO: [USF-XSim-61] Executing 'SIMULATE' step in 'C:/Users/alejandro/Documents/GitHub/Cronometro-VHDL-Trabajo-SED-2021-/project_1/project_1.sim/sim_1/behav/xsim'
INFO: [USF-XSim-98] *** Running xsim
   with args "Sel_Cuenta_tb_behav -key {Behavioral:sim_1:Functional:Sel_Cuenta_tb} -tclbatch {Sel_Cuenta_tb.tcl} -log {simulate.log}"
INFO: [USF-XSim-8] Loading simulator feature
Time resolution is 1 ps
source Sel_Cuenta_tb.tcl
# set curr_wave [current_wave_config]
# if { [string length $curr_wave] == 0 } {
#   if { [llength [get_objects]] > 0} {
#     add_wave /
#     set_property needs_save false [current_wave_config]
#   } else {
#      send_msg_id Add_Wave-1 WARNING "No top level signals found. Simulator will start without a wave window. If you want to open a wave window go to 'File->New Waveform Configuration' or type 'create_wave_config' in the TCL console."
#   }
# }
# run 1000ns
xsim: Time (s): cpu = 00:00:04 ; elapsed = 00:00:12 . Memory (MB): peak = 2068.719 ; gain = 0.000
INFO: [USF-XSim-96] XSim completed. Design snapshot 'Sel_Cuenta_tb_behav' loaded.
INFO: [USF-XSim-97] XSim simulation ran for 1000ns
launch_simulation: Time (s): cpu = 00:00:05 ; elapsed = 00:00:17 . Memory (MB): peak = 2068.719 ; gain = 0.000
add_bp {C:/Users/alejandro/Documents/GitHub/Cronometro-VHDL-Trabajo-SED-2021-/project_1/project_1.srcs/sim_1/new/Sel_Cuenta_tb.vhd} 81
remove_bps -file {C:/Users/alejandro/Documents/GitHub/Cronometro-VHDL-Trabajo-SED-2021-/project_1/project_1.srcs/sim_1/new/Sel_Cuenta_tb.vhd} -line 81
close_sim
INFO: [Simtcl 6-16] Simulation closed
launch_simulation
Command: launch_simulation 
INFO: [Vivado 12-12493] Simulation top is 'Sel_Cuenta_tb'
INFO: [Vivado 12-5682] Launching behavioral simulation in 'C:/Users/alejandro/Documents/GitHub/Cronometro-VHDL-Trabajo-SED-2021-/project_1/project_1.sim/sim_1/behav/xsim'
INFO: [SIM-utils-51] Simulation object is 'sim_1'
INFO: [SIM-utils-72] Using boost library from 'C:/Xilinx/Vivado/2021.1/tps/boost_1_72_0'
INFO: [SIM-utils-54] Inspecting design source files for 'Sel_Cuenta_tb' in fileset 'sim_1'...
INFO: [USF-XSim-97] Finding global include files...
INFO: [USF-XSim-98] Fetching design files from 'sim_1'...
INFO: [USF-XSim-2] XSim::Compile design
INFO: [USF-XSim-61] Executing 'COMPILE and ANALYZE' step in 'C:/Users/alejandro/Documents/GitHub/Cronometro-VHDL-Trabajo-SED-2021-/project_1/project_1.sim/sim_1/behav/xsim'
"xvhdl --incr --relax -prj Sel_Cuenta_tb_vhdl.prj"
INFO: [VRFC 10-163] Analyzing VHDL file "C:/Users/alejandro/Documents/GitHub/Cronometro-VHDL-Trabajo-SED-2021-/project_1/project_1.srcs/sim_1/new/Sel_Cuenta_tb.vhd" into library xil_defaultlib
INFO: [VRFC 10-3107] analyzing entity 'Sel_Cuenta_tb'
INFO: [USF-XSim-69] 'compile' step finished in '2' seconds
INFO: [USF-XSim-3] XSim::Elaborate design
INFO: [USF-XSim-61] Executing 'ELABORATE' step in 'C:/Users/alejandro/Documents/GitHub/Cronometro-VHDL-Trabajo-SED-2021-/project_1/project_1.sim/sim_1/behav/xsim'
"xelab -wto 2dc3eae9aa8849d6b9bafb2639e9c63f --incr --debug typical --relax --mt 2 -L xil_defaultlib -L secureip --snapshot Sel_Cuenta_tb_behav xil_defaultlib.Sel_Cuenta_tb -log elaborate.log"
Vivado Simulator v2021.1
Copyright 1986-1999, 2001-2021 Xilinx, Inc. All Rights Reserved.
Running: C:/Xilinx/Vivado/2021.1/bin/unwrapped/win64.o/xelab.exe -wto 2dc3eae9aa8849d6b9bafb2639e9c63f --incr --debug typical --relax --mt 2 -L xil_defaultlib -L secureip --snapshot Sel_Cuenta_tb_behav xil_defaultlib.Sel_Cuenta_tb -log elaborate.log 
Using 2 slave threads.
Starting static elaboration
Completed static elaboration
Starting simulation data flow analysis
Completed simulation data flow analysis
Time Resolution for simulation is 1ps
Compiling package std.standard
Compiling package std.textio
Compiling package ieee.std_logic_1164
Compiling package ieee.numeric_std
Compiling architecture behavioral of entity xil_defaultlib.clk10kHz [clk10khz_default]
Compiling architecture behavioral of entity xil_defaultlib.Sel_Cuenta [sel_cuenta_default]
Compiling architecture tb of entity xil_defaultlib.sel_cuenta_tb
Built simulation snapshot Sel_Cuenta_tb_behav
INFO: [USF-XSim-69] 'elaborate' step finished in '3' seconds
INFO: [USF-XSim-4] XSim::Simulate design
INFO: [USF-XSim-61] Executing 'SIMULATE' step in 'C:/Users/alejandro/Documents/GitHub/Cronometro-VHDL-Trabajo-SED-2021-/project_1/project_1.sim/sim_1/behav/xsim'
INFO: [USF-XSim-98] *** Running xsim
   with args "Sel_Cuenta_tb_behav -key {Behavioral:sim_1:Functional:Sel_Cuenta_tb} -tclbatch {Sel_Cuenta_tb.tcl} -log {simulate.log}"
INFO: [USF-XSim-8] Loading simulator feature
Time resolution is 1 ps
source Sel_Cuenta_tb.tcl
# set curr_wave [current_wave_config]
# if { [string length $curr_wave] == 0 } {
#   if { [llength [get_objects]] > 0} {
#     add_wave /
#     set_property needs_save false [current_wave_config]
#   } else {
#      send_msg_id Add_Wave-1 WARNING "No top level signals found. Simulator will start without a wave window. If you want to open a wave window go to 'File->New Waveform Configuration' or type 'create_wave_config' in the TCL console."
#   }
# }
# run 1000ns
xsim: Time (s): cpu = 00:00:05 ; elapsed = 00:00:11 . Memory (MB): peak = 2068.719 ; gain = 0.000
INFO: [USF-XSim-96] XSim completed. Design snapshot 'Sel_Cuenta_tb_behav' loaded.
INFO: [USF-XSim-97] XSim simulation ran for 1000ns
launch_simulation: Time (s): cpu = 00:00:05 ; elapsed = 00:00:17 . Memory (MB): peak = 2068.719 ; gain = 0.000
close_sim
INFO: [Simtcl 6-16] Simulation closed
set_property top Modo_Temp_tb [get_filesets sim_1]
set_property top_lib xil_defaultlib [get_filesets sim_1]
update_compile_order -fileset sim_1
launch_simulation
Command: launch_simulation 
INFO: [Vivado 12-12493] Simulation top is 'Modo_Temp_tb'
INFO: [Vivado 12-5682] Launching behavioral simulation in 'C:/Users/alejandro/Documents/GitHub/Cronometro-VHDL-Trabajo-SED-2021-/project_1/project_1.sim/sim_1/behav/xsim'
INFO: [SIM-utils-51] Simulation object is 'sim_1'
INFO: [SIM-utils-72] Using boost library from 'C:/Xilinx/Vivado/2021.1/tps/boost_1_72_0'
INFO: [SIM-utils-54] Inspecting design source files for 'Modo_Temp_tb' in fileset 'sim_1'...
INFO: [USF-XSim-97] Finding global include files...
INFO: [USF-XSim-98] Fetching design files from 'sim_1'...
INFO: [USF-XSim-2] XSim::Compile design
INFO: [USF-XSim-61] Executing 'COMPILE and ANALYZE' step in 'C:/Users/alejandro/Documents/GitHub/Cronometro-VHDL-Trabajo-SED-2021-/project_1/project_1.sim/sim_1/behav/xsim'
"xvhdl --incr --relax -prj Modo_Temp_tb_vhdl.prj"
INFO: [VRFC 10-163] Analyzing VHDL file "C:/Users/alejandro/Documents/GitHub/Cronometro-VHDL-Trabajo-SED-2021-/project_1/project_1.srcs/sim_1/new/Modo_Temp_tb.vhd" into library xil_defaultlib
INFO: [VRFC 10-3107] analyzing entity 'Modo_Temp_tb'
INFO: [USF-XSim-69] 'compile' step finished in '3' seconds
INFO: [USF-XSim-3] XSim::Elaborate design
INFO: [USF-XSim-61] Executing 'ELABORATE' step in 'C:/Users/alejandro/Documents/GitHub/Cronometro-VHDL-Trabajo-SED-2021-/project_1/project_1.sim/sim_1/behav/xsim'
"xelab -wto 2dc3eae9aa8849d6b9bafb2639e9c63f --incr --debug typical --relax --mt 2 -L xil_defaultlib -L secureip --snapshot Modo_Temp_tb_behav xil_defaultlib.Modo_Temp_tb -log elaborate.log"
Vivado Simulator v2021.1
Copyright 1986-1999, 2001-2021 Xilinx, Inc. All Rights Reserved.
Running: C:/Xilinx/Vivado/2021.1/bin/unwrapped/win64.o/xelab.exe -wto 2dc3eae9aa8849d6b9bafb2639e9c63f --incr --debug typical --relax --mt 2 -L xil_defaultlib -L secureip --snapshot Modo_Temp_tb_behav xil_defaultlib.Modo_Temp_tb -log elaborate.log 
Using 2 slave threads.
Starting static elaboration
Completed static elaboration
Starting simulation data flow analysis
Completed simulation data flow analysis
Time Resolution for simulation is 1ps
Compiling package std.standard
Compiling package std.textio
Compiling package ieee.std_logic_1164
Compiling package ieee.numeric_std
Compiling package ieee.std_logic_arith
Compiling package ieee.std_logic_unsigned
Compiling package ieee.std_logic_signed
Compiling architecture behavioral of entity xil_defaultlib.clk10kHz [clk10khz_default]
Compiling architecture behavioral of entity xil_defaultlib.Sel_Cuenta [sel_cuenta_default]
Compiling architecture behavioral of entity xil_defaultlib.clk1Hz [clk1hz_default]
Compiling architecture behavioral of entity xil_defaultlib.Cuenta_atras [cuenta_atras_default]
Compiling architecture behavioral of entity xil_defaultlib.Mux_Temp [mux_temp_default]
Compiling architecture behavioral of entity xil_defaultlib.Modo_Temp [modo_temp_default]
Compiling architecture tb of entity xil_defaultlib.modo_temp_tb
Built simulation snapshot Modo_Temp_tb_behav
INFO: [USF-XSim-69] 'elaborate' step finished in '3' seconds
INFO: [USF-XSim-4] XSim::Simulate design
INFO: [USF-XSim-61] Executing 'SIMULATE' step in 'C:/Users/alejandro/Documents/GitHub/Cronometro-VHDL-Trabajo-SED-2021-/project_1/project_1.sim/sim_1/behav/xsim'
INFO: [USF-XSim-98] *** Running xsim
   with args "Modo_Temp_tb_behav -key {Behavioral:sim_1:Functional:Modo_Temp_tb} -tclbatch {Modo_Temp_tb.tcl} -log {simulate.log}"
INFO: [USF-XSim-8] Loading simulator feature
Time resolution is 1 ps
source Modo_Temp_tb.tcl
# set curr_wave [current_wave_config]
# if { [string length $curr_wave] == 0 } {
#   if { [llength [get_objects]] > 0} {
#     add_wave /
#     set_property needs_save false [current_wave_config]
#   } else {
#      send_msg_id Add_Wave-1 WARNING "No top level signals found. Simulator will start without a wave window. If you want to open a wave window go to 'File->New Waveform Configuration' or type 'create_wave_config' in the TCL console."
#   }
# }
# run 1000ns
xsim: Time (s): cpu = 00:00:04 ; elapsed = 00:00:12 . Memory (MB): peak = 2068.719 ; gain = 0.000
INFO: [USF-XSim-96] XSim completed. Design snapshot 'Modo_Temp_tb_behav' loaded.
INFO: [USF-XSim-97] XSim simulation ran for 1000ns
launch_simulation: Time (s): cpu = 00:00:04 ; elapsed = 00:00:17 . Memory (MB): peak = 2068.719 ; gain = 0.000
close_sim
INFO: [Simtcl 6-16] Simulation closed
launch_simulation
Command: launch_simulation 
INFO: [Vivado 12-12493] Simulation top is 'Modo_Temp_tb'
INFO: [Vivado 12-5682] Launching behavioral simulation in 'C:/Users/alejandro/Documents/GitHub/Cronometro-VHDL-Trabajo-SED-2021-/project_1/project_1.sim/sim_1/behav/xsim'
INFO: [SIM-utils-51] Simulation object is 'sim_1'
INFO: [SIM-utils-72] Using boost library from 'C:/Xilinx/Vivado/2021.1/tps/boost_1_72_0'
INFO: [SIM-utils-54] Inspecting design source files for 'Modo_Temp_tb' in fileset 'sim_1'...
INFO: [USF-XSim-97] Finding global include files...
INFO: [USF-XSim-98] Fetching design files from 'sim_1'...
INFO: [USF-XSim-2] XSim::Compile design
INFO: [USF-XSim-61] Executing 'COMPILE and ANALYZE' step in 'C:/Users/alejandro/Documents/GitHub/Cronometro-VHDL-Trabajo-SED-2021-/project_1/project_1.sim/sim_1/behav/xsim'
"xvhdl --incr --relax -prj Modo_Temp_tb_vhdl.prj"
INFO: [VRFC 10-163] Analyzing VHDL file "C:/Users/alejandro/Documents/GitHub/Cronometro-VHDL-Trabajo-SED-2021-/project_1/project_1.srcs/sources_1/new/Modo_Temp.vhd" into library xil_defaultlib
INFO: [VRFC 10-3107] analyzing entity 'Modo_Temp'
INFO: [USF-XSim-69] 'compile' step finished in '3' seconds
INFO: [USF-XSim-3] XSim::Elaborate design
INFO: [USF-XSim-61] Executing 'ELABORATE' step in 'C:/Users/alejandro/Documents/GitHub/Cronometro-VHDL-Trabajo-SED-2021-/project_1/project_1.sim/sim_1/behav/xsim'
"xelab -wto 2dc3eae9aa8849d6b9bafb2639e9c63f --incr --debug typical --relax --mt 2 -L xil_defaultlib -L secureip --snapshot Modo_Temp_tb_behav xil_defaultlib.Modo_Temp_tb -log elaborate.log"
Vivado Simulator v2021.1
Copyright 1986-1999, 2001-2021 Xilinx, Inc. All Rights Reserved.
Running: C:/Xilinx/Vivado/2021.1/bin/unwrapped/win64.o/xelab.exe -wto 2dc3eae9aa8849d6b9bafb2639e9c63f --incr --debug typical --relax --mt 2 -L xil_defaultlib -L secureip --snapshot Modo_Temp_tb_behav xil_defaultlib.Modo_Temp_tb -log elaborate.log 
Using 2 slave threads.
Starting static elaboration
Completed static elaboration
Starting simulation data flow analysis
Completed simulation data flow analysis
Time Resolution for simulation is 1ps
Compiling package std.standard
Compiling package std.textio
Compiling package ieee.std_logic_1164
Compiling package ieee.numeric_std
Compiling package ieee.std_logic_arith
Compiling package ieee.std_logic_unsigned
Compiling package ieee.std_logic_signed
Compiling architecture behavioral of entity xil_defaultlib.clk10kHz [clk10khz_default]
Compiling architecture behavioral of entity xil_defaultlib.Sel_Cuenta [sel_cuenta_default]
Compiling architecture behavioral of entity xil_defaultlib.clk1Hz [clk1hz_default]
Compiling architecture behavioral of entity xil_defaultlib.Cuenta_atras [cuenta_atras_default]
Compiling architecture behavioral of entity xil_defaultlib.Mux_Temp [mux_temp_default]
Compiling architecture behavioral of entity xil_defaultlib.Modo_Temp [modo_temp_default]
Compiling architecture tb of entity xil_defaultlib.modo_temp_tb
Built simulation snapshot Modo_Temp_tb_behav
INFO: [USF-XSim-69] 'elaborate' step finished in '3' seconds
INFO: [USF-XSim-4] XSim::Simulate design
INFO: [USF-XSim-61] Executing 'SIMULATE' step in 'C:/Users/alejandro/Documents/GitHub/Cronometro-VHDL-Trabajo-SED-2021-/project_1/project_1.sim/sim_1/behav/xsim'
INFO: [USF-XSim-98] *** Running xsim
   with args "Modo_Temp_tb_behav -key {Behavioral:sim_1:Functional:Modo_Temp_tb} -tclbatch {Modo_Temp_tb.tcl} -log {simulate.log}"
INFO: [USF-XSim-8] Loading simulator feature
Time resolution is 1 ps
source Modo_Temp_tb.tcl
# set curr_wave [current_wave_config]
# if { [string length $curr_wave] == 0 } {
#   if { [llength [get_objects]] > 0} {
#     add_wave /
#     set_property needs_save false [current_wave_config]
#   } else {
#      send_msg_id Add_Wave-1 WARNING "No top level signals found. Simulator will start without a wave window. If you want to open a wave window go to 'File->New Waveform Configuration' or type 'create_wave_config' in the TCL console."
#   }
# }
# run 1000ns
xsim: Time (s): cpu = 00:00:04 ; elapsed = 00:00:09 . Memory (MB): peak = 2068.719 ; gain = 0.000
INFO: [USF-XSim-96] XSim completed. Design snapshot 'Modo_Temp_tb_behav' loaded.
INFO: [USF-XSim-97] XSim simulation ran for 1000ns
launch_simulation: Time (s): cpu = 00:00:04 ; elapsed = 00:00:14 . Memory (MB): peak = 2068.719 ; gain = 0.000
run all
close_sim
INFO: [Simtcl 6-16] Simulation closed
launch_simulation
Command: launch_simulation 
INFO: [Vivado 12-12493] Simulation top is 'Modo_Temp_tb'
INFO: [Vivado 12-5682] Launching behavioral simulation in 'C:/Users/alejandro/Documents/GitHub/Cronometro-VHDL-Trabajo-SED-2021-/project_1/project_1.sim/sim_1/behav/xsim'
INFO: [SIM-utils-51] Simulation object is 'sim_1'
INFO: [SIM-utils-72] Using boost library from 'C:/Xilinx/Vivado/2021.1/tps/boost_1_72_0'
INFO: [SIM-utils-54] Inspecting design source files for 'Modo_Temp_tb' in fileset 'sim_1'...
INFO: [USF-XSim-97] Finding global include files...
INFO: [USF-XSim-98] Fetching design files from 'sim_1'...
INFO: [USF-XSim-2] XSim::Compile design
INFO: [USF-XSim-61] Executing 'COMPILE and ANALYZE' step in 'C:/Users/alejandro/Documents/GitHub/Cronometro-VHDL-Trabajo-SED-2021-/project_1/project_1.sim/sim_1/behav/xsim'
"xvhdl --incr --relax -prj Modo_Temp_tb_vhdl.prj"
INFO: [VRFC 10-163] Analyzing VHDL file "C:/Users/alejandro/Documents/GitHub/Cronometro-VHDL-Trabajo-SED-2021-/project_1/project_1.srcs/sources_1/new/Modo_Temp.vhd" into library xil_defaultlib
INFO: [VRFC 10-3107] analyzing entity 'Modo_Temp'
INFO: [VRFC 10-163] Analyzing VHDL file "C:/Users/alejandro/Documents/GitHub/Cronometro-VHDL-Trabajo-SED-2021-/project_1/project_1.srcs/sources_1/new/Mux_Temp.vhd" into library xil_defaultlib
INFO: [VRFC 10-3107] analyzing entity 'Mux_Temp'
INFO: [USF-XSim-69] 'compile' step finished in '2' seconds
INFO: [USF-XSim-3] XSim::Elaborate design
INFO: [USF-XSim-61] Executing 'ELABORATE' step in 'C:/Users/alejandro/Documents/GitHub/Cronometro-VHDL-Trabajo-SED-2021-/project_1/project_1.sim/sim_1/behav/xsim'
"xelab -wto 2dc3eae9aa8849d6b9bafb2639e9c63f --incr --debug typical --relax --mt 2 -L xil_defaultlib -L secureip --snapshot Modo_Temp_tb_behav xil_defaultlib.Modo_Temp_tb -log elaborate.log"
Vivado Simulator v2021.1
Copyright 1986-1999, 2001-2021 Xilinx, Inc. All Rights Reserved.
Running: C:/Xilinx/Vivado/2021.1/bin/unwrapped/win64.o/xelab.exe -wto 2dc3eae9aa8849d6b9bafb2639e9c63f --incr --debug typical --relax --mt 2 -L xil_defaultlib -L secureip --snapshot Modo_Temp_tb_behav xil_defaultlib.Modo_Temp_tb -log elaborate.log 
Using 2 slave threads.
Starting static elaboration
Completed static elaboration
Starting simulation data flow analysis
Completed simulation data flow analysis
Time Resolution for simulation is 1ps
Compiling package std.standard
Compiling package std.textio
Compiling package ieee.std_logic_1164
Compiling package ieee.numeric_std
Compiling package ieee.std_logic_arith
Compiling package ieee.std_logic_unsigned
Compiling package ieee.std_logic_signed
Compiling architecture behavioral of entity xil_defaultlib.clk10kHz [clk10khz_default]
Compiling architecture behavioral of entity xil_defaultlib.Sel_Cuenta [sel_cuenta_default]
Compiling architecture behavioral of entity xil_defaultlib.clk1Hz [clk1hz_default]
Compiling architecture behavioral of entity xil_defaultlib.Cuenta_atras [cuenta_atras_default]
Compiling architecture behavioral of entity xil_defaultlib.Mux_Temp [mux_temp_default]
Compiling architecture behavioral of entity xil_defaultlib.Modo_Temp [modo_temp_default]
Compiling architecture tb of entity xil_defaultlib.modo_temp_tb
Built simulation snapshot Modo_Temp_tb_behav
INFO: [USF-XSim-69] 'elaborate' step finished in '3' seconds
INFO: [USF-XSim-4] XSim::Simulate design
INFO: [USF-XSim-61] Executing 'SIMULATE' step in 'C:/Users/alejandro/Documents/GitHub/Cronometro-VHDL-Trabajo-SED-2021-/project_1/project_1.sim/sim_1/behav/xsim'
INFO: [USF-XSim-98] *** Running xsim
   with args "Modo_Temp_tb_behav -key {Behavioral:sim_1:Functional:Modo_Temp_tb} -tclbatch {Modo_Temp_tb.tcl} -log {simulate.log}"
INFO: [USF-XSim-8] Loading simulator feature
Time resolution is 1 ps
source Modo_Temp_tb.tcl
# set curr_wave [current_wave_config]
# if { [string length $curr_wave] == 0 } {
#   if { [llength [get_objects]] > 0} {
#     add_wave /
#     set_property needs_save false [current_wave_config]
#   } else {
#      send_msg_id Add_Wave-1 WARNING "No top level signals found. Simulator will start without a wave window. If you want to open a wave window go to 'File->New Waveform Configuration' or type 'create_wave_config' in the TCL console."
#   }
# }
# run 1000ns
xsim: Time (s): cpu = 00:00:04 ; elapsed = 00:00:08 . Memory (MB): peak = 2068.719 ; gain = 0.000
INFO: [USF-XSim-96] XSim completed. Design snapshot 'Modo_Temp_tb_behav' loaded.
INFO: [USF-XSim-97] XSim simulation ran for 1000ns
launch_simulation: Time (s): cpu = 00:00:04 ; elapsed = 00:00:13 . Memory (MB): peak = 2068.719 ; gain = 0.000
run all
run all
run all
run 1 s
close_sim
INFO: [Simtcl 6-16] Simulation closed
launch_simulation
Command: launch_simulation 
INFO: [Vivado 12-12493] Simulation top is 'Modo_Temp_tb'
INFO: [Vivado 12-5682] Launching behavioral simulation in 'C:/Users/alejandro/Documents/GitHub/Cronometro-VHDL-Trabajo-SED-2021-/project_1/project_1.sim/sim_1/behav/xsim'
INFO: [SIM-utils-51] Simulation object is 'sim_1'
INFO: [SIM-utils-72] Using boost library from 'C:/Xilinx/Vivado/2021.1/tps/boost_1_72_0'
INFO: [SIM-utils-54] Inspecting design source files for 'Modo_Temp_tb' in fileset 'sim_1'...
INFO: [USF-XSim-97] Finding global include files...
INFO: [USF-XSim-98] Fetching design files from 'sim_1'...
INFO: [USF-XSim-2] XSim::Compile design
INFO: [USF-XSim-61] Executing 'COMPILE and ANALYZE' step in 'C:/Users/alejandro/Documents/GitHub/Cronometro-VHDL-Trabajo-SED-2021-/project_1/project_1.sim/sim_1/behav/xsim'
"xvhdl --incr --relax -prj Modo_Temp_tb_vhdl.prj"
INFO: [VRFC 10-163] Analyzing VHDL file "C:/Users/alejandro/Documents/GitHub/Cronometro-VHDL-Trabajo-SED-2021-/project_1/project_1.srcs/sim_1/new/Modo_Temp_tb.vhd" into library xil_defaultlib
INFO: [VRFC 10-3107] analyzing entity 'Modo_Temp_tb'
INFO: [USF-XSim-69] 'compile' step finished in '2' seconds
INFO: [USF-XSim-3] XSim::Elaborate design
INFO: [USF-XSim-61] Executing 'ELABORATE' step in 'C:/Users/alejandro/Documents/GitHub/Cronometro-VHDL-Trabajo-SED-2021-/project_1/project_1.sim/sim_1/behav/xsim'
"xelab -wto 2dc3eae9aa8849d6b9bafb2639e9c63f --incr --debug typical --relax --mt 2 -L xil_defaultlib -L secureip --snapshot Modo_Temp_tb_behav xil_defaultlib.Modo_Temp_tb -log elaborate.log"
Vivado Simulator v2021.1
Copyright 1986-1999, 2001-2021 Xilinx, Inc. All Rights Reserved.
Running: C:/Xilinx/Vivado/2021.1/bin/unwrapped/win64.o/xelab.exe -wto 2dc3eae9aa8849d6b9bafb2639e9c63f --incr --debug typical --relax --mt 2 -L xil_defaultlib -L secureip --snapshot Modo_Temp_tb_behav xil_defaultlib.Modo_Temp_tb -log elaborate.log 
Using 2 slave threads.
Starting static elaboration
Completed static elaboration
Starting simulation data flow analysis
Completed simulation data flow analysis
Time Resolution for simulation is 1ps
Compiling package std.standard
Compiling package std.textio
Compiling package ieee.std_logic_1164
Compiling package ieee.numeric_std
Compiling package ieee.std_logic_arith
Compiling package ieee.std_logic_unsigned
Compiling package ieee.std_logic_signed
Compiling architecture behavioral of entity xil_defaultlib.clk10kHz [clk10khz_default]
Compiling architecture behavioral of entity xil_defaultlib.Sel_Cuenta [sel_cuenta_default]
Compiling architecture behavioral of entity xil_defaultlib.clk1Hz [clk1hz_default]
Compiling architecture behavioral of entity xil_defaultlib.Cuenta_atras [cuenta_atras_default]
Compiling architecture behavioral of entity xil_defaultlib.Mux_Temp [mux_temp_default]
Compiling architecture behavioral of entity xil_defaultlib.Modo_Temp [modo_temp_default]
Compiling architecture tb of entity xil_defaultlib.modo_temp_tb
Built simulation snapshot Modo_Temp_tb_behav
INFO: [USF-XSim-69] 'elaborate' step finished in '3' seconds
INFO: [USF-XSim-4] XSim::Simulate design
INFO: [USF-XSim-61] Executing 'SIMULATE' step in 'C:/Users/alejandro/Documents/GitHub/Cronometro-VHDL-Trabajo-SED-2021-/project_1/project_1.sim/sim_1/behav/xsim'
INFO: [USF-XSim-98] *** Running xsim
   with args "Modo_Temp_tb_behav -key {Behavioral:sim_1:Functional:Modo_Temp_tb} -tclbatch {Modo_Temp_tb.tcl} -log {simulate.log}"
INFO: [USF-XSim-8] Loading simulator feature
Time resolution is 1 ps
source Modo_Temp_tb.tcl
# set curr_wave [current_wave_config]
# if { [string length $curr_wave] == 0 } {
#   if { [llength [get_objects]] > 0} {
#     add_wave /
#     set_property needs_save false [current_wave_config]
#   } else {
#      send_msg_id Add_Wave-1 WARNING "No top level signals found. Simulator will start without a wave window. If you want to open a wave window go to 'File->New Waveform Configuration' or type 'create_wave_config' in the TCL console."
#   }
# }
# run 1000ns
xsim: Time (s): cpu = 00:00:04 ; elapsed = 00:00:16 . Memory (MB): peak = 2068.719 ; gain = 0.000
INFO: [USF-XSim-96] XSim completed. Design snapshot 'Modo_Temp_tb_behav' loaded.
INFO: [USF-XSim-97] XSim simulation ran for 1000ns
launch_simulation: Time (s): cpu = 00:00:04 ; elapsed = 00:00:21 . Memory (MB): peak = 2068.719 ; gain = 0.000
run 1 s
close_sim
INFO: [Simtcl 6-16] Simulation closed
launch_simulation
Command: launch_simulation 
INFO: [Vivado 12-12493] Simulation top is 'Modo_Temp_tb'
INFO: [Vivado 12-5682] Launching behavioral simulation in 'C:/Users/alejandro/Documents/GitHub/Cronometro-VHDL-Trabajo-SED-2021-/project_1/project_1.sim/sim_1/behav/xsim'
INFO: [SIM-utils-51] Simulation object is 'sim_1'
INFO: [SIM-utils-72] Using boost library from 'C:/Xilinx/Vivado/2021.1/tps/boost_1_72_0'
INFO: [SIM-utils-54] Inspecting design source files for 'Modo_Temp_tb' in fileset 'sim_1'...
INFO: [USF-XSim-97] Finding global include files...
INFO: [USF-XSim-98] Fetching design files from 'sim_1'...
INFO: [USF-XSim-2] XSim::Compile design
INFO: [USF-XSim-61] Executing 'COMPILE and ANALYZE' step in 'C:/Users/alejandro/Documents/GitHub/Cronometro-VHDL-Trabajo-SED-2021-/project_1/project_1.sim/sim_1/behav/xsim'
"xvhdl --incr --relax -prj Modo_Temp_tb_vhdl.prj"
INFO: [VRFC 10-163] Analyzing VHDL file "C:/Users/alejandro/Documents/GitHub/Cronometro-VHDL-Trabajo-SED-2021-/project_1/project_1.srcs/sim_1/new/Modo_Temp_tb.vhd" into library xil_defaultlib
INFO: [VRFC 10-3107] analyzing entity 'Modo_Temp_tb'
INFO: [USF-XSim-69] 'compile' step finished in '2' seconds
INFO: [USF-XSim-3] XSim::Elaborate design
INFO: [USF-XSim-61] Executing 'ELABORATE' step in 'C:/Users/alejandro/Documents/GitHub/Cronometro-VHDL-Trabajo-SED-2021-/project_1/project_1.sim/sim_1/behav/xsim'
"xelab -wto 2dc3eae9aa8849d6b9bafb2639e9c63f --incr --debug typical --relax --mt 2 -L xil_defaultlib -L secureip --snapshot Modo_Temp_tb_behav xil_defaultlib.Modo_Temp_tb -log elaborate.log"
Vivado Simulator v2021.1
Copyright 1986-1999, 2001-2021 Xilinx, Inc. All Rights Reserved.
Running: C:/Xilinx/Vivado/2021.1/bin/unwrapped/win64.o/xelab.exe -wto 2dc3eae9aa8849d6b9bafb2639e9c63f --incr --debug typical --relax --mt 2 -L xil_defaultlib -L secureip --snapshot Modo_Temp_tb_behav xil_defaultlib.Modo_Temp_tb -log elaborate.log 
Using 2 slave threads.
Starting static elaboration
Completed static elaboration
Starting simulation data flow analysis
Completed simulation data flow analysis
Time Resolution for simulation is 1ps
Compiling package std.standard
Compiling package std.textio
Compiling package ieee.std_logic_1164
Compiling package ieee.numeric_std
Compiling package ieee.std_logic_arith
Compiling package ieee.std_logic_unsigned
Compiling package ieee.std_logic_signed
Compiling architecture behavioral of entity xil_defaultlib.clk10kHz [clk10khz_default]
Compiling architecture behavioral of entity xil_defaultlib.Sel_Cuenta [sel_cuenta_default]
Compiling architecture behavioral of entity xil_defaultlib.clk1Hz [clk1hz_default]
Compiling architecture behavioral of entity xil_defaultlib.Cuenta_atras [cuenta_atras_default]
Compiling architecture behavioral of entity xil_defaultlib.Mux_Temp [mux_temp_default]
Compiling architecture behavioral of entity xil_defaultlib.Modo_Temp [modo_temp_default]
Compiling architecture tb of entity xil_defaultlib.modo_temp_tb
Built simulation snapshot Modo_Temp_tb_behav
INFO: [USF-XSim-69] 'elaborate' step finished in '3' seconds
INFO: [USF-XSim-4] XSim::Simulate design
INFO: [USF-XSim-61] Executing 'SIMULATE' step in 'C:/Users/alejandro/Documents/GitHub/Cronometro-VHDL-Trabajo-SED-2021-/project_1/project_1.sim/sim_1/behav/xsim'
INFO: [USF-XSim-98] *** Running xsim
   with args "Modo_Temp_tb_behav -key {Behavioral:sim_1:Functional:Modo_Temp_tb} -tclbatch {Modo_Temp_tb.tcl} -log {simulate.log}"
INFO: [USF-XSim-8] Loading simulator feature
Time resolution is 1 ps
source Modo_Temp_tb.tcl
# set curr_wave [current_wave_config]
# if { [string length $curr_wave] == 0 } {
#   if { [llength [get_objects]] > 0} {
#     add_wave /
#     set_property needs_save false [current_wave_config]
#   } else {
#      send_msg_id Add_Wave-1 WARNING "No top level signals found. Simulator will start without a wave window. If you want to open a wave window go to 'File->New Waveform Configuration' or type 'create_wave_config' in the TCL console."
#   }
# }
# run 1000ns
xsim: Time (s): cpu = 00:00:03 ; elapsed = 00:00:09 . Memory (MB): peak = 2068.719 ; gain = 0.000
INFO: [USF-XSim-96] XSim completed. Design snapshot 'Modo_Temp_tb_behav' loaded.
INFO: [USF-XSim-97] XSim simulation ran for 1000ns
launch_simulation: Time (s): cpu = 00:00:04 ; elapsed = 00:00:14 . Memory (MB): peak = 2068.719 ; gain = 0.000
run 1 s
close_sim
INFO: [Simtcl 6-16] Simulation closed
launch_simulation
Command: launch_simulation 
INFO: [Vivado 12-12493] Simulation top is 'Modo_Temp_tb'
INFO: [Vivado 12-5682] Launching behavioral simulation in 'C:/Users/alejandro/Documents/GitHub/Cronometro-VHDL-Trabajo-SED-2021-/project_1/project_1.sim/sim_1/behav/xsim'
INFO: [SIM-utils-51] Simulation object is 'sim_1'
INFO: [SIM-utils-72] Using boost library from 'C:/Xilinx/Vivado/2021.1/tps/boost_1_72_0'
INFO: [SIM-utils-54] Inspecting design source files for 'Modo_Temp_tb' in fileset 'sim_1'...
INFO: [USF-XSim-97] Finding global include files...
INFO: [USF-XSim-98] Fetching design files from 'sim_1'...
INFO: [USF-XSim-2] XSim::Compile design
INFO: [USF-XSim-61] Executing 'COMPILE and ANALYZE' step in 'C:/Users/alejandro/Documents/GitHub/Cronometro-VHDL-Trabajo-SED-2021-/project_1/project_1.sim/sim_1/behav/xsim'
"xvhdl --incr --relax -prj Modo_Temp_tb_vhdl.prj"
INFO: [VRFC 10-163] Analyzing VHDL file "C:/Users/alejandro/Documents/GitHub/Cronometro-VHDL-Trabajo-SED-2021-/project_1/project_1.srcs/sources_1/new/Cuenta_atras.vhd" into library xil_defaultlib
INFO: [VRFC 10-3107] analyzing entity 'Cuenta_atras'
INFO: [USF-XSim-69] 'compile' step finished in '3' seconds
INFO: [USF-XSim-3] XSim::Elaborate design
INFO: [USF-XSim-61] Executing 'ELABORATE' step in 'C:/Users/alejandro/Documents/GitHub/Cronometro-VHDL-Trabajo-SED-2021-/project_1/project_1.sim/sim_1/behav/xsim'
"xelab -wto 2dc3eae9aa8849d6b9bafb2639e9c63f --incr --debug typical --relax --mt 2 -L xil_defaultlib -L secureip --snapshot Modo_Temp_tb_behav xil_defaultlib.Modo_Temp_tb -log elaborate.log"
Vivado Simulator v2021.1
Copyright 1986-1999, 2001-2021 Xilinx, Inc. All Rights Reserved.
Running: C:/Xilinx/Vivado/2021.1/bin/unwrapped/win64.o/xelab.exe -wto 2dc3eae9aa8849d6b9bafb2639e9c63f --incr --debug typical --relax --mt 2 -L xil_defaultlib -L secureip --snapshot Modo_Temp_tb_behav xil_defaultlib.Modo_Temp_tb -log elaborate.log 
Using 2 slave threads.
Starting static elaboration
Completed static elaboration
Starting simulation data flow analysis
Completed simulation data flow analysis
Time Resolution for simulation is 1ps
Compiling package std.standard
Compiling package std.textio
Compiling package ieee.std_logic_1164
Compiling package ieee.numeric_std
Compiling package ieee.std_logic_arith
Compiling package ieee.std_logic_unsigned
Compiling package ieee.std_logic_signed
Compiling architecture behavioral of entity xil_defaultlib.clk10kHz [clk10khz_default]
Compiling architecture behavioral of entity xil_defaultlib.Sel_Cuenta [sel_cuenta_default]
Compiling architecture behavioral of entity xil_defaultlib.clk1Hz [clk1hz_default]
Compiling architecture behavioral of entity xil_defaultlib.Cuenta_atras [cuenta_atras_default]
Compiling architecture behavioral of entity xil_defaultlib.Mux_Temp [mux_temp_default]
Compiling architecture behavioral of entity xil_defaultlib.Modo_Temp [modo_temp_default]
Compiling architecture tb of entity xil_defaultlib.modo_temp_tb
Built simulation snapshot Modo_Temp_tb_behav
INFO: [USF-XSim-69] 'elaborate' step finished in '3' seconds
INFO: [USF-XSim-4] XSim::Simulate design
INFO: [USF-XSim-61] Executing 'SIMULATE' step in 'C:/Users/alejandro/Documents/GitHub/Cronometro-VHDL-Trabajo-SED-2021-/project_1/project_1.sim/sim_1/behav/xsim'
INFO: [USF-XSim-98] *** Running xsim
   with args "Modo_Temp_tb_behav -key {Behavioral:sim_1:Functional:Modo_Temp_tb} -tclbatch {Modo_Temp_tb.tcl} -log {simulate.log}"
INFO: [USF-XSim-8] Loading simulator feature
Time resolution is 1 ps
source Modo_Temp_tb.tcl
# set curr_wave [current_wave_config]
# if { [string length $curr_wave] == 0 } {
#   if { [llength [get_objects]] > 0} {
#     add_wave /
#     set_property needs_save false [current_wave_config]
#   } else {
#      send_msg_id Add_Wave-1 WARNING "No top level signals found. Simulator will start without a wave window. If you want to open a wave window go to 'File->New Waveform Configuration' or type 'create_wave_config' in the TCL console."
#   }
# }
# run 1000ns
xsim: Time (s): cpu = 00:00:04 ; elapsed = 00:00:07 . Memory (MB): peak = 2068.719 ; gain = 0.000
INFO: [USF-XSim-96] XSim completed. Design snapshot 'Modo_Temp_tb_behav' loaded.
INFO: [USF-XSim-97] XSim simulation ran for 1000ns
launch_simulation: Time (s): cpu = 00:00:04 ; elapsed = 00:00:13 . Memory (MB): peak = 2068.719 ; gain = 0.000
run 1 s
close_sim
INFO: [Simtcl 6-16] Simulation closed
exit
INFO: [Common 17-206] Exiting Vivado at Sun Jan 16 17:51:13 2022...
