#-----------------------------------------------------------
# Vivado v2021.1 (64-bit)
# SW Build 3247384 on Thu Jun 10 19:36:33 MDT 2021
# IP Build 3246043 on Fri Jun 11 00:30:35 MDT 2021
# Start of session at: Tue Dec 21 09:45:43 2021
# Process ID: 18944
# Current directory: C:/Users/Carlos/Documents/GitHub/Cronometro-VHDL-Trabajo-SED-2021-/project_1
# Command line: vivado.exe -gui_launcher_event rodinguilauncherevent23196 C:\Users\Carlos\Documents\GitHub\Cronometro-VHDL-Trabajo-SED-2021-\project_1\project_1.xpr
# Log file: C:/Users/Carlos/Documents/GitHub/Cronometro-VHDL-Trabajo-SED-2021-/project_1/vivado.log
# Journal file: C:/Users/Carlos/Documents/GitHub/Cronometro-VHDL-Trabajo-SED-2021-/project_1\vivado.jou
#-----------------------------------------------------------
start_gui
open_project C:/Users/Carlos/Documents/GitHub/Cronometro-VHDL-Trabajo-SED-2021-/project_1/project_1.xpr
WARNING: [filemgmt 56-3] Default IP Output Path : Could not find the directory 'C:/Users/Carlos/Documents/GitHub/Cronometro-VHDL-Trabajo-SED-2021-/project_1/project_1.gen/sources_1'.
Scanning sources...
Finished scanning sources
INFO: [IP_Flow 19-234] Refreshing IP repositories
INFO: [IP_Flow 19-1704] No user IP repositories specified
INFO: [IP_Flow 19-2313] Loaded Vivado IP repository 'E:/Vivado/2021.1/data/ip'.
open_project: Time (s): cpu = 00:00:15 ; elapsed = 00:00:07 . Memory (MB): peak = 1454.777 ; gain = 0.000
update_compile_order -fileset sources_1
close [ open C:/Users/Carlos/Documents/GitHub/Cronometro-VHDL-Trabajo-SED-2021-/project_1/project_1.srcs/sources_1/new/Ajedrez.vhd w ]
add_files C:/Users/Carlos/Documents/GitHub/Cronometro-VHDL-Trabajo-SED-2021-/project_1/project_1.srcs/sources_1/new/Ajedrez.vhd
update_compile_order -fileset sources_1
close [ open C:/Users/Carlos/Documents/GitHub/Cronometro-VHDL-Trabajo-SED-2021-/project_1/project_1.srcs/sources_1/new/MaquinaEstados.v w ]
add_files C:/Users/Carlos/Documents/GitHub/Cronometro-VHDL-Trabajo-SED-2021-/project_1/project_1.srcs/sources_1/new/MaquinaEstados.v
update_compile_order -fileset sources_1
export_ip_user_files -of_objects  [get_files C:/Users/Carlos/Documents/GitHub/Cronometro-VHDL-Trabajo-SED-2021-/project_1/project_1.srcs/sources_1/new/MaquinaEstados.v] -no_script -reset -force -quiet
remove_files  C:/Users/Carlos/Documents/GitHub/Cronometro-VHDL-Trabajo-SED-2021-/project_1/project_1.srcs/sources_1/new/MaquinaEstados.v
close [ open C:/Users/Carlos/Documents/GitHub/Cronometro-VHDL-Trabajo-SED-2021-/project_1/project_1.srcs/sources_1/new/MaquinaEstados.vhd w ]
add_files C:/Users/Carlos/Documents/GitHub/Cronometro-VHDL-Trabajo-SED-2021-/project_1/project_1.srcs/sources_1/new/MaquinaEstados.vhd
update_compile_order -fileset sources_1
close [ open C:/Users/Carlos/Documents/GitHub/Cronometro-VHDL-Trabajo-SED-2021-/project_1/project_1.srcs/sources_1/new/GestorEntradas.vhd w ]
add_files C:/Users/Carlos/Documents/GitHub/Cronometro-VHDL-Trabajo-SED-2021-/project_1/project_1.srcs/sources_1/new/GestorEntradas.vhd
update_compile_order -fileset sources_1
set_property top TOP [current_fileset]
update_compile_order -fileset sources_1
update_compile_order -fileset sources_1
reset_run synth_1
WARNING: [Vivado 12-1017] Problems encountered:
1. Failed to delete one or more files in run directory C:/Users/Carlos/Documents/GitHub/Cronometro-VHDL-Trabajo-SED-2021-/project_1/project_1.runs/synth_1

launch_runs impl_1 -to_step write_bitstream -jobs 6
[Tue Dec 21 12:03:40 2021] Launched synth_1...
Run output will be captured here: C:/Users/Carlos/Documents/GitHub/Cronometro-VHDL-Trabajo-SED-2021-/project_1/project_1.runs/synth_1/runme.log
[Tue Dec 21 12:03:40 2021] Launched impl_1...
Run output will be captured here: C:/Users/Carlos/Documents/GitHub/Cronometro-VHDL-Trabajo-SED-2021-/project_1/project_1.runs/impl_1/runme.log
reset_run synth_1
WARNING: [Vivado 12-1017] Problems encountered:
1. Failed to delete one or more files in run directory C:/Users/Carlos/Documents/GitHub/Cronometro-VHDL-Trabajo-SED-2021-/project_1/project_1.runs/synth_1

launch_runs impl_1 -to_step write_bitstream -jobs 6
[Tue Dec 21 12:04:57 2021] Launched synth_1...
Run output will be captured here: C:/Users/Carlos/Documents/GitHub/Cronometro-VHDL-Trabajo-SED-2021-/project_1/project_1.runs/synth_1/runme.log
[Tue Dec 21 12:04:57 2021] Launched impl_1...
Run output will be captured here: C:/Users/Carlos/Documents/GitHub/Cronometro-VHDL-Trabajo-SED-2021-/project_1/project_1.runs/impl_1/runme.log
reset_run synth_1
WARNING: [Vivado 12-1017] Problems encountered:
1. Failed to delete one or more files in run directory C:/Users/Carlos/Documents/GitHub/Cronometro-VHDL-Trabajo-SED-2021-/project_1/project_1.runs/synth_1

launch_runs impl_1 -to_step write_bitstream -jobs 6
[Tue Dec 21 12:05:54 2021] Launched synth_1...
Run output will be captured here: C:/Users/Carlos/Documents/GitHub/Cronometro-VHDL-Trabajo-SED-2021-/project_1/project_1.runs/synth_1/runme.log
[Tue Dec 21 12:05:54 2021] Launched impl_1...
Run output will be captured here: C:/Users/Carlos/Documents/GitHub/Cronometro-VHDL-Trabajo-SED-2021-/project_1/project_1.runs/impl_1/runme.log
reset_run synth_1
WARNING: [Vivado 12-1017] Problems encountered:
1. Failed to delete one or more files in run directory C:/Users/Carlos/Documents/GitHub/Cronometro-VHDL-Trabajo-SED-2021-/project_1/project_1.runs/synth_1

launch_runs impl_1 -to_step write_bitstream -jobs 6
[Tue Dec 21 12:07:52 2021] Launched synth_1...
Run output will be captured here: C:/Users/Carlos/Documents/GitHub/Cronometro-VHDL-Trabajo-SED-2021-/project_1/project_1.runs/synth_1/runme.log
[Tue Dec 21 12:07:52 2021] Launched impl_1...
Run output will be captured here: C:/Users/Carlos/Documents/GitHub/Cronometro-VHDL-Trabajo-SED-2021-/project_1/project_1.runs/impl_1/runme.log
reset_run synth_1
WARNING: [Vivado 12-1017] Problems encountered:
1. Failed to delete one or more files in run directory C:/Users/Carlos/Documents/GitHub/Cronometro-VHDL-Trabajo-SED-2021-/project_1/project_1.runs/synth_1

launch_runs impl_1 -to_step write_bitstream -jobs 6
[Tue Dec 21 12:09:26 2021] Launched synth_1...
Run output will be captured here: C:/Users/Carlos/Documents/GitHub/Cronometro-VHDL-Trabajo-SED-2021-/project_1/project_1.runs/synth_1/runme.log
[Tue Dec 21 12:09:26 2021] Launched impl_1...
Run output will be captured here: C:/Users/Carlos/Documents/GitHub/Cronometro-VHDL-Trabajo-SED-2021-/project_1/project_1.runs/impl_1/runme.log
reset_run synth_1
WARNING: [Vivado 12-1017] Problems encountered:
1. Failed to delete one or more files in run directory C:/Users/Carlos/Documents/GitHub/Cronometro-VHDL-Trabajo-SED-2021-/project_1/project_1.runs/synth_1

launch_runs impl_1 -to_step write_bitstream -jobs 6
[Tue Dec 21 12:11:03 2021] Launched synth_1...
Run output will be captured here: C:/Users/Carlos/Documents/GitHub/Cronometro-VHDL-Trabajo-SED-2021-/project_1/project_1.runs/synth_1/runme.log
[Tue Dec 21 12:11:03 2021] Launched impl_1...
Run output will be captured here: C:/Users/Carlos/Documents/GitHub/Cronometro-VHDL-Trabajo-SED-2021-/project_1/project_1.runs/impl_1/runme.log
reset_run synth_1
WARNING: [Vivado 12-1017] Problems encountered:
1. Failed to delete one or more files in run directory C:/Users/Carlos/Documents/GitHub/Cronometro-VHDL-Trabajo-SED-2021-/project_1/project_1.runs/synth_1

launch_runs impl_1 -to_step write_bitstream -jobs 6
[Tue Dec 21 12:18:43 2021] Launched synth_1...
Run output will be captured here: C:/Users/Carlos/Documents/GitHub/Cronometro-VHDL-Trabajo-SED-2021-/project_1/project_1.runs/synth_1/runme.log
[Tue Dec 21 12:18:43 2021] Launched impl_1...
Run output will be captured here: C:/Users/Carlos/Documents/GitHub/Cronometro-VHDL-Trabajo-SED-2021-/project_1/project_1.runs/impl_1/runme.log
reset_run impl_1
launch_runs impl_1 -jobs 6
[Tue Dec 21 12:20:52 2021] Launched impl_1...
Run output will be captured here: C:/Users/Carlos/Documents/GitHub/Cronometro-VHDL-Trabajo-SED-2021-/project_1/project_1.runs/impl_1/runme.log
reset_run synth_1
WARNING: [Vivado 12-1017] Problems encountered:
1. Failed to delete one or more files in run directory C:/Users/Carlos/Documents/GitHub/Cronometro-VHDL-Trabajo-SED-2021-/project_1/project_1.runs/synth_1

launch_runs impl_1 -jobs 6
[Tue Dec 21 12:23:13 2021] Launched synth_1...
Run output will be captured here: C:/Users/Carlos/Documents/GitHub/Cronometro-VHDL-Trabajo-SED-2021-/project_1/project_1.runs/synth_1/runme.log
[Tue Dec 21 12:23:13 2021] Launched impl_1...
Run output will be captured here: C:/Users/Carlos/Documents/GitHub/Cronometro-VHDL-Trabajo-SED-2021-/project_1/project_1.runs/impl_1/runme.log
open_run impl_1
INFO: [Device 21-403] Loading part xc7a100tcsg324-1
Netlist sorting complete. Time (s): cpu = 00:00:00 ; elapsed = 00:00:00 . Memory (MB): peak = 1454.777 ; gain = 0.000
INFO: [Netlist 29-17] Analyzing 3 Unisim elements for replacement
INFO: [Netlist 29-28] Unisim Transformation completed in 0 CPU seconds
INFO: [Project 1-479] Netlist was created with Vivado 2021.1
INFO: [Project 1-570] Preparing netlist for logic optimization
INFO: [Timing 38-478] Restoring timing data from binary archive.
INFO: [Common 17-41] Interrupt caught. Command should exit soon.
INFO: [Timing 38-479] Binary timing data restore complete.
INFO: [Project 1-856] Restoring constraints from binary archive.
INFO: [Project 1-853] Binary constraint restore complete.
Reading XDEF placement.
Reading placer database...
Reading XDEF routing.
Restored from archive | CPU: 0.000000 secs | Memory: 0.000000 MB |
Finished XDEF File Restore: Time (s): cpu = 00:00:00 ; elapsed = 00:00:00.009 . Memory (MB): peak = 1982.551 ; gain = 0.000
open_run: Time (s): cpu = 00:00:11 ; elapsed = 00:00:12 . Memory (MB): peak = 1982.551 ; gain = 527.773
INFO: [Common 17-344] 'open_run' was cancelled
launch_runs impl_1 -to_step write_bitstream -jobs 6
[Tue Dec 21 12:24:59 2021] Launched impl_1...
Run output will be captured here: C:/Users/Carlos/Documents/GitHub/Cronometro-VHDL-Trabajo-SED-2021-/project_1/project_1.runs/impl_1/runme.log
reset_run synth_1
WARNING: [Vivado 12-1017] Problems encountered:
1. Failed to delete one or more files in run directory C:/Users/Carlos/Documents/GitHub/Cronometro-VHDL-Trabajo-SED-2021-/project_1/project_1.runs/synth_1

launch_runs impl_1 -to_step write_bitstream -jobs 6
[Tue Dec 21 12:26:14 2021] Launched synth_1...
Run output will be captured here: C:/Users/Carlos/Documents/GitHub/Cronometro-VHDL-Trabajo-SED-2021-/project_1/project_1.runs/synth_1/runme.log
[Tue Dec 21 12:26:14 2021] Launched impl_1...
Run output will be captured here: C:/Users/Carlos/Documents/GitHub/Cronometro-VHDL-Trabajo-SED-2021-/project_1/project_1.runs/impl_1/runme.log
reset_run synth_1
WARNING: [Vivado 12-1017] Problems encountered:
1. Failed to delete one or more files in run directory C:/Users/Carlos/Documents/GitHub/Cronometro-VHDL-Trabajo-SED-2021-/project_1/project_1.runs/synth_1

launch_runs impl_1 -to_step write_bitstream -jobs 6
[Tue Dec 21 12:44:42 2021] Launched synth_1...
Run output will be captured here: C:/Users/Carlos/Documents/GitHub/Cronometro-VHDL-Trabajo-SED-2021-/project_1/project_1.runs/synth_1/runme.log
[Tue Dec 21 12:44:42 2021] Launched impl_1...
Run output will be captured here: C:/Users/Carlos/Documents/GitHub/Cronometro-VHDL-Trabajo-SED-2021-/project_1/project_1.runs/impl_1/runme.log
open_run impl_1
Netlist sorting complete. Time (s): cpu = 00:00:00 ; elapsed = 00:00:00.001 . Memory (MB): peak = 1982.551 ; gain = 0.000
INFO: [Netlist 29-17] Analyzing 3 Unisim elements for replacement
INFO: [Netlist 29-28] Unisim Transformation completed in 0 CPU seconds
INFO: [Project 1-479] Netlist was created with Vivado 2021.1
INFO: [Project 1-570] Preparing netlist for logic optimization
INFO: [Timing 38-478] Restoring timing data from binary archive.
INFO: [Timing 38-479] Binary timing data restore complete.
INFO: [Project 1-856] Restoring constraints from binary archive.
INFO: [Project 1-853] Binary constraint restore complete.
Reading XDEF placement.
Reading placer database...
Reading XDEF routing.
Read XDEF File: Time (s): cpu = 00:00:00 ; elapsed = 00:00:00.033 . Memory (MB): peak = 1997.371 ; gain = 0.000
Restored from archive | CPU: 0.000000 secs | Memory: 0.000000 MB |
Finished XDEF File Restore: Time (s): cpu = 00:00:00 ; elapsed = 00:00:00.033 . Memory (MB): peak = 1997.371 ; gain = 0.000
Netlist sorting complete. Time (s): cpu = 00:00:00 ; elapsed = 00:00:00 . Memory (MB): peak = 1997.371 ; gain = 0.000
INFO: [Project 1-111] Unisim Transformation Summary:
No Unisim elements were transformed.

WARNING: [Timing 38-313] There are no user specified timing constraints. Timing constraints are needed for proper timing analysis.
close_design
exit
INFO: [Common 17-206] Exiting Vivado at Tue Dec 21 12:51:51 2021...
