#-----------------------------------------------------------
# Vivado v2021.1 (64-bit)
# SW Build 3247384 on Thu Jun 10 19:36:33 MDT 2021
# IP Build 3246043 on Fri Jun 11 00:30:35 MDT 2021
# Start of session at: Sun Jan 16 20:11:54 2022
# Process ID: 16572
# Current directory: C:/Users/alejandro/Documents/GitHub/Cronometro-VHDL-Trabajo-SED-2021-/project_1
# Command line: vivado.exe -gui_launcher_event rodinguilauncherevent21848 C:\Users\alejandro\Documents\GitHub\Cronometro-VHDL-Trabajo-SED-2021-\project_1\project_1.xpr
# Log file: C:/Users/alejandro/Documents/GitHub/Cronometro-VHDL-Trabajo-SED-2021-/project_1/vivado.log
# Journal file: C:/Users/alejandro/Documents/GitHub/Cronometro-VHDL-Trabajo-SED-2021-/project_1\vivado.jou
#-----------------------------------------------------------
start_gui
open_project C:/Users/alejandro/Documents/GitHub/Cronometro-VHDL-Trabajo-SED-2021-/project_1/project_1.xpr
WARNING: [filemgmt 56-3] Default IP Output Path : Could not find the directory 'C:/Users/alejandro/Documents/GitHub/Cronometro-VHDL-Trabajo-SED-2021-/project_1/project_1.gen/sources_1'.
Scanning sources...
Finished scanning sources
INFO: [IP_Flow 19-234] Refreshing IP repositories
INFO: [IP_Flow 19-1704] No user IP repositories specified
INFO: [IP_Flow 19-2313] Loaded Vivado IP repository 'C:/Xilinx/Vivado/2021.1/data/ip'.
open_project: Time (s): cpu = 00:00:20 ; elapsed = 00:00:09 . Memory (MB): peak = 1105.945 ; gain = 0.000
update_compile_order -fileset sources_1
set_property top MaquinaEstados_tb [get_filesets sim_1]
set_property top_lib xil_defaultlib [get_filesets sim_1]
update_compile_order -fileset sim_1
launch_simulation
Command: launch_simulation 
INFO: [Vivado 12-12493] Simulation top is 'MaquinaEstados_tb'
INFO: [Vivado 12-5682] Launching behavioral simulation in 'C:/Users/alejandro/Documents/GitHub/Cronometro-VHDL-Trabajo-SED-2021-/project_1/project_1.sim/sim_1/behav/xsim'
INFO: [SIM-utils-51] Simulation object is 'sim_1'
INFO: [SIM-utils-72] Using boost library from 'C:/Xilinx/Vivado/2021.1/tps/boost_1_72_0'
INFO: [SIM-utils-54] Inspecting design source files for 'MaquinaEstados_tb' in fileset 'sim_1'...
INFO: [USF-XSim-97] Finding global include files...
INFO: [USF-XSim-98] Fetching design files from 'sim_1'...
INFO: [USF-XSim-2] XSim::Compile design
INFO: [USF-XSim-61] Executing 'COMPILE and ANALYZE' step in 'C:/Users/alejandro/Documents/GitHub/Cronometro-VHDL-Trabajo-SED-2021-/project_1/project_1.sim/sim_1/behav/xsim'
"xvhdl --incr --relax -prj MaquinaEstados_tb_vhdl.prj"
INFO: [VRFC 10-163] Analyzing VHDL file "C:/Users/alejandro/Documents/GitHub/Cronometro-VHDL-Trabajo-SED-2021-/project_1/project_1.srcs/sources_1/new/MaquinaEstados.vhd" into library xil_defaultlib
INFO: [VRFC 10-3107] analyzing entity 'MaquinaEstados'
INFO: [VRFC 10-163] Analyzing VHDL file "C:/Users/alejandro/Documents/GitHub/Cronometro-VHDL-Trabajo-SED-2021-/project_1/project_1.srcs/sim_1/new/MaquinaEstados_tb.vhd" into library xil_defaultlib
INFO: [VRFC 10-3107] analyzing entity 'MaquinaEstados_tb'
INFO: [USF-XSim-69] 'compile' step finished in '3' seconds
INFO: [USF-XSim-3] XSim::Elaborate design
INFO: [USF-XSim-61] Executing 'ELABORATE' step in 'C:/Users/alejandro/Documents/GitHub/Cronometro-VHDL-Trabajo-SED-2021-/project_1/project_1.sim/sim_1/behav/xsim'
"xelab -wto 2dc3eae9aa8849d6b9bafb2639e9c63f --incr --debug typical --relax --mt 2 -L xil_defaultlib -L secureip --snapshot MaquinaEstados_tb_behav xil_defaultlib.MaquinaEstados_tb -log elaborate.log"
Vivado Simulator v2021.1
Copyright 1986-1999, 2001-2021 Xilinx, Inc. All Rights Reserved.
Running: C:/Xilinx/Vivado/2021.1/bin/unwrapped/win64.o/xelab.exe -wto 2dc3eae9aa8849d6b9bafb2639e9c63f --incr --debug typical --relax --mt 2 -L xil_defaultlib -L secureip --snapshot MaquinaEstados_tb_behav xil_defaultlib.MaquinaEstados_tb -log elaborate.log 
Using 2 slave threads.
Starting static elaboration
Completed static elaboration
Starting simulation data flow analysis
Completed simulation data flow analysis
Time Resolution for simulation is 1ps
Compiling package std.standard
Compiling package std.textio
Compiling package ieee.std_logic_1164
Compiling package ieee.numeric_std
Compiling architecture behavioral of entity xil_defaultlib.clk10kHz [clk10khz_default]
Compiling architecture behavioral of entity xil_defaultlib.MaquinaEstados [maquinaestados_default]
Compiling architecture tb of entity xil_defaultlib.maquinaestados_tb
Built simulation snapshot MaquinaEstados_tb_behav

****** Webtalk v2021.1 (64-bit)
  **** SW Build 3247384 on Thu Jun 10 19:36:33 MDT 2021
  **** IP Build 3246043 on Fri Jun 11 00:30:35 MDT 2021
    ** Copyright 1986-2021 Xilinx, Inc. All Rights Reserved.

source C:/Users/alejandro/Documents/GitHub/Cronometro-VHDL-Trabajo-SED-2021-/project_1/project_1.sim/sim_1/behav/xsim/xsim.dir/MaquinaEstados_tb_behav/webtalk/xsim_webtalk.tcl -notrace
INFO: [Common 17-186] 'C:/Users/alejandro/Documents/GitHub/Cronometro-VHDL-Trabajo-SED-2021-/project_1/project_1.sim/sim_1/behav/xsim/xsim.dir/MaquinaEstados_tb_behav/webtalk/usage_statistics_ext_xsim.xml' has been successfully sent to Xilinx on Sun Jan 16 20:19:28 2022. For additional details about this file, please refer to the WebTalk help file at C:/Xilinx/Vivado/2021.1/doc/webtalk_introduction.html.
INFO: [Common 17-206] Exiting Webtalk at Sun Jan 16 20:19:28 2022...
run_program: Time (s): cpu = 00:00:01 ; elapsed = 00:00:10 . Memory (MB): peak = 1105.945 ; gain = 0.000
INFO: [USF-XSim-69] 'elaborate' step finished in '9' seconds
INFO: [USF-XSim-4] XSim::Simulate design
INFO: [USF-XSim-61] Executing 'SIMULATE' step in 'C:/Users/alejandro/Documents/GitHub/Cronometro-VHDL-Trabajo-SED-2021-/project_1/project_1.sim/sim_1/behav/xsim'
INFO: [USF-XSim-98] *** Running xsim
   with args "MaquinaEstados_tb_behav -key {Behavioral:sim_1:Functional:MaquinaEstados_tb} -tclbatch {MaquinaEstados_tb.tcl} -log {simulate.log}"
INFO: [USF-XSim-8] Loading simulator feature
Time resolution is 1 ps
source MaquinaEstados_tb.tcl
# set curr_wave [current_wave_config]
# if { [string length $curr_wave] == 0 } {
#   if { [llength [get_objects]] > 0} {
#     add_wave /
#     set_property needs_save false [current_wave_config]
#   } else {
#      send_msg_id Add_Wave-1 WARNING "No top level signals found. Simulator will start without a wave window. If you want to open a wave window go to 'File->New Waveform Configuration' or type 'create_wave_config' in the TCL console."
#   }
# }
# run 1000ns
xsim: Time (s): cpu = 00:00:11 ; elapsed = 00:00:11 . Memory (MB): peak = 1105.945 ; gain = 0.000
INFO: [USF-XSim-96] XSim completed. Design snapshot 'MaquinaEstados_tb_behav' loaded.
INFO: [USF-XSim-97] XSim simulation ran for 1000ns
launch_simulation: Time (s): cpu = 00:00:13 ; elapsed = 00:00:24 . Memory (MB): peak = 1105.945 ; gain = 0.000
close_sim
INFO: [Simtcl 6-16] Simulation closed
close_sim: Time (s): cpu = 00:00:04 ; elapsed = 00:00:09 . Memory (MB): peak = 1105.945 ; gain = 0.000
launch_simulation
Command: launch_simulation 
INFO: [Vivado 12-12493] Simulation top is 'MaquinaEstados_tb'
INFO: [Vivado 12-5682] Launching behavioral simulation in 'C:/Users/alejandro/Documents/GitHub/Cronometro-VHDL-Trabajo-SED-2021-/project_1/project_1.sim/sim_1/behav/xsim'
INFO: [SIM-utils-51] Simulation object is 'sim_1'
INFO: [SIM-utils-72] Using boost library from 'C:/Xilinx/Vivado/2021.1/tps/boost_1_72_0'
INFO: [SIM-utils-54] Inspecting design source files for 'MaquinaEstados_tb' in fileset 'sim_1'...
INFO: [USF-XSim-97] Finding global include files...
INFO: [USF-XSim-98] Fetching design files from 'sim_1'...
INFO: [USF-XSim-2] XSim::Compile design
INFO: [USF-XSim-61] Executing 'COMPILE and ANALYZE' step in 'C:/Users/alejandro/Documents/GitHub/Cronometro-VHDL-Trabajo-SED-2021-/project_1/project_1.sim/sim_1/behav/xsim'
"xvhdl --incr --relax -prj MaquinaEstados_tb_vhdl.prj"
INFO: [VRFC 10-163] Analyzing VHDL file "C:/Users/alejandro/Documents/GitHub/Cronometro-VHDL-Trabajo-SED-2021-/project_1/project_1.srcs/sim_1/new/MaquinaEstados_tb.vhd" into library xil_defaultlib
INFO: [VRFC 10-3107] analyzing entity 'MaquinaEstados_tb'
INFO: [USF-XSim-69] 'compile' step finished in '3' seconds
INFO: [USF-XSim-3] XSim::Elaborate design
INFO: [USF-XSim-61] Executing 'ELABORATE' step in 'C:/Users/alejandro/Documents/GitHub/Cronometro-VHDL-Trabajo-SED-2021-/project_1/project_1.sim/sim_1/behav/xsim'
"xelab -wto 2dc3eae9aa8849d6b9bafb2639e9c63f --incr --debug typical --relax --mt 2 -L xil_defaultlib -L secureip --snapshot MaquinaEstados_tb_behav xil_defaultlib.MaquinaEstados_tb -log elaborate.log"
Vivado Simulator v2021.1
Copyright 1986-1999, 2001-2021 Xilinx, Inc. All Rights Reserved.
Running: C:/Xilinx/Vivado/2021.1/bin/unwrapped/win64.o/xelab.exe -wto 2dc3eae9aa8849d6b9bafb2639e9c63f --incr --debug typical --relax --mt 2 -L xil_defaultlib -L secureip --snapshot MaquinaEstados_tb_behav xil_defaultlib.MaquinaEstados_tb -log elaborate.log 
Using 2 slave threads.
Starting static elaboration
Completed static elaboration
Starting simulation data flow analysis
Completed simulation data flow analysis
Time Resolution for simulation is 1ps
Compiling package std.standard
Compiling package std.textio
Compiling package ieee.std_logic_1164
Compiling package ieee.numeric_std
Compiling architecture behavioral of entity xil_defaultlib.clk10kHz [clk10khz_default]
Compiling architecture behavioral of entity xil_defaultlib.MaquinaEstados [maquinaestados_default]
Compiling architecture tb of entity xil_defaultlib.maquinaestados_tb
Built simulation snapshot MaquinaEstados_tb_behav
INFO: [USF-XSim-69] 'elaborate' step finished in '3' seconds
INFO: [USF-XSim-4] XSim::Simulate design
INFO: [USF-XSim-61] Executing 'SIMULATE' step in 'C:/Users/alejandro/Documents/GitHub/Cronometro-VHDL-Trabajo-SED-2021-/project_1/project_1.sim/sim_1/behav/xsim'
INFO: [USF-XSim-98] *** Running xsim
   with args "MaquinaEstados_tb_behav -key {Behavioral:sim_1:Functional:MaquinaEstados_tb} -tclbatch {MaquinaEstados_tb.tcl} -log {simulate.log}"
INFO: [USF-XSim-8] Loading simulator feature
Time resolution is 1 ps
source MaquinaEstados_tb.tcl
# set curr_wave [current_wave_config]
# if { [string length $curr_wave] == 0 } {
#   if { [llength [get_objects]] > 0} {
#     add_wave /
#     set_property needs_save false [current_wave_config]
#   } else {
#      send_msg_id Add_Wave-1 WARNING "No top level signals found. Simulator will start without a wave window. If you want to open a wave window go to 'File->New Waveform Configuration' or type 'create_wave_config' in the TCL console."
#   }
# }
# run 1000ns
INFO: [USF-XSim-96] XSim completed. Design snapshot 'MaquinaEstados_tb_behav' loaded.
INFO: [USF-XSim-97] XSim simulation ran for 1000ns
launch_simulation: Time (s): cpu = 00:00:07 ; elapsed = 00:00:11 . Memory (MB): peak = 1105.945 ; gain = 0.000
run 1 s
close_sim
INFO: [Simtcl 6-16] Simulation closed
launch_simulation
Command: launch_simulation 
INFO: [Vivado 12-12493] Simulation top is 'MaquinaEstados_tb'
INFO: [Vivado 12-5682] Launching behavioral simulation in 'C:/Users/alejandro/Documents/GitHub/Cronometro-VHDL-Trabajo-SED-2021-/project_1/project_1.sim/sim_1/behav/xsim'
INFO: [SIM-utils-51] Simulation object is 'sim_1'
INFO: [SIM-utils-72] Using boost library from 'C:/Xilinx/Vivado/2021.1/tps/boost_1_72_0'
INFO: [SIM-utils-54] Inspecting design source files for 'MaquinaEstados_tb' in fileset 'sim_1'...
INFO: [USF-XSim-97] Finding global include files...
INFO: [USF-XSim-98] Fetching design files from 'sim_1'...
INFO: [USF-XSim-2] XSim::Compile design
INFO: [USF-XSim-61] Executing 'COMPILE and ANALYZE' step in 'C:/Users/alejandro/Documents/GitHub/Cronometro-VHDL-Trabajo-SED-2021-/project_1/project_1.sim/sim_1/behav/xsim'
"xvhdl --incr --relax -prj MaquinaEstados_tb_vhdl.prj"
INFO: [VRFC 10-163] Analyzing VHDL file "C:/Users/alejandro/Documents/GitHub/Cronometro-VHDL-Trabajo-SED-2021-/project_1/project_1.srcs/sim_1/new/MaquinaEstados_tb.vhd" into library xil_defaultlib
INFO: [VRFC 10-3107] analyzing entity 'MaquinaEstados_tb'
INFO: [USF-XSim-69] 'compile' step finished in '3' seconds
INFO: [USF-XSim-3] XSim::Elaborate design
INFO: [USF-XSim-61] Executing 'ELABORATE' step in 'C:/Users/alejandro/Documents/GitHub/Cronometro-VHDL-Trabajo-SED-2021-/project_1/project_1.sim/sim_1/behav/xsim'
"xelab -wto 2dc3eae9aa8849d6b9bafb2639e9c63f --incr --debug typical --relax --mt 2 -L xil_defaultlib -L secureip --snapshot MaquinaEstados_tb_behav xil_defaultlib.MaquinaEstados_tb -log elaborate.log"
Vivado Simulator v2021.1
Copyright 1986-1999, 2001-2021 Xilinx, Inc. All Rights Reserved.
Running: C:/Xilinx/Vivado/2021.1/bin/unwrapped/win64.o/xelab.exe -wto 2dc3eae9aa8849d6b9bafb2639e9c63f --incr --debug typical --relax --mt 2 -L xil_defaultlib -L secureip --snapshot MaquinaEstados_tb_behav xil_defaultlib.MaquinaEstados_tb -log elaborate.log 
Using 2 slave threads.
Starting static elaboration
Completed static elaboration
Starting simulation data flow analysis
Completed simulation data flow analysis
Time Resolution for simulation is 1ps
Compiling package std.standard
Compiling package std.textio
Compiling package ieee.std_logic_1164
Compiling package ieee.numeric_std
Compiling architecture behavioral of entity xil_defaultlib.clk10kHz [clk10khz_default]
Compiling architecture behavioral of entity xil_defaultlib.MaquinaEstados [maquinaestados_default]
Compiling architecture tb of entity xil_defaultlib.maquinaestados_tb
Built simulation snapshot MaquinaEstados_tb_behav
INFO: [USF-XSim-69] 'elaborate' step finished in '2' seconds
INFO: [USF-XSim-4] XSim::Simulate design
INFO: [USF-XSim-61] Executing 'SIMULATE' step in 'C:/Users/alejandro/Documents/GitHub/Cronometro-VHDL-Trabajo-SED-2021-/project_1/project_1.sim/sim_1/behav/xsim'
INFO: [USF-XSim-98] *** Running xsim
   with args "MaquinaEstados_tb_behav -key {Behavioral:sim_1:Functional:MaquinaEstados_tb} -tclbatch {MaquinaEstados_tb.tcl} -log {simulate.log}"
INFO: [USF-XSim-8] Loading simulator feature
Time resolution is 1 ps
source MaquinaEstados_tb.tcl
# set curr_wave [current_wave_config]
# if { [string length $curr_wave] == 0 } {
#   if { [llength [get_objects]] > 0} {
#     add_wave /
#     set_property needs_save false [current_wave_config]
#   } else {
#      send_msg_id Add_Wave-1 WARNING "No top level signals found. Simulator will start without a wave window. If you want to open a wave window go to 'File->New Waveform Configuration' or type 'create_wave_config' in the TCL console."
#   }
# }
# run 1000ns
INFO: [USF-XSim-96] XSim completed. Design snapshot 'MaquinaEstados_tb_behav' loaded.
INFO: [USF-XSim-97] XSim simulation ran for 1000ns
launch_simulation: Time (s): cpu = 00:00:06 ; elapsed = 00:00:10 . Memory (MB): peak = 1105.945 ; gain = 0.000
run 1 s
close_sim
INFO: [Simtcl 6-16] Simulation closed
set_property top Ajedrez_tb [get_filesets sim_1]
set_property top_lib xil_defaultlib [get_filesets sim_1]
update_compile_order -fileset sim_1
launch_simulation
Command: launch_simulation 
INFO: [Vivado 12-12493] Simulation top is 'Ajedrez_tb'
INFO: [Vivado 12-5682] Launching behavioral simulation in 'C:/Users/alejandro/Documents/GitHub/Cronometro-VHDL-Trabajo-SED-2021-/project_1/project_1.sim/sim_1/behav/xsim'
INFO: [SIM-utils-51] Simulation object is 'sim_1'
INFO: [SIM-utils-72] Using boost library from 'C:/Xilinx/Vivado/2021.1/tps/boost_1_72_0'
INFO: [SIM-utils-54] Inspecting design source files for 'Ajedrez_tb' in fileset 'sim_1'...
INFO: [USF-XSim-97] Finding global include files...
INFO: [USF-XSim-98] Fetching design files from 'sim_1'...
INFO: [USF-XSim-2] XSim::Compile design
INFO: [USF-XSim-61] Executing 'COMPILE and ANALYZE' step in 'C:/Users/alejandro/Documents/GitHub/Cronometro-VHDL-Trabajo-SED-2021-/project_1/project_1.sim/sim_1/behav/xsim'
"xvhdl --incr --relax -prj Ajedrez_tb_vhdl.prj"
INFO: [VRFC 10-163] Analyzing VHDL file "C:/Users/alejandro/Documents/GitHub/Cronometro-VHDL-Trabajo-SED-2021-/project_1/project_1.srcs/sources_1/new/Ajedrez.vhd" into library xil_defaultlib
INFO: [VRFC 10-3107] analyzing entity 'Ajedrez'
INFO: [VRFC 10-163] Analyzing VHDL file "C:/Users/alejandro/Documents/GitHub/Cronometro-VHDL-Trabajo-SED-2021-/project_1/project_1.srcs/sim_1/new/Ajedrez_tb.vhd" into library xil_defaultlib
INFO: [VRFC 10-3107] analyzing entity 'Ajedrez_tb'
INFO: [USF-XSim-69] 'compile' step finished in '3' seconds
INFO: [USF-XSim-3] XSim::Elaborate design
INFO: [USF-XSim-61] Executing 'ELABORATE' step in 'C:/Users/alejandro/Documents/GitHub/Cronometro-VHDL-Trabajo-SED-2021-/project_1/project_1.sim/sim_1/behav/xsim'
"xelab -wto 2dc3eae9aa8849d6b9bafb2639e9c63f --incr --debug typical --relax --mt 2 -L xil_defaultlib -L secureip --snapshot Ajedrez_tb_behav xil_defaultlib.Ajedrez_tb -log elaborate.log"
Vivado Simulator v2021.1
Copyright 1986-1999, 2001-2021 Xilinx, Inc. All Rights Reserved.
Running: C:/Xilinx/Vivado/2021.1/bin/unwrapped/win64.o/xelab.exe -wto 2dc3eae9aa8849d6b9bafb2639e9c63f --incr --debug typical --relax --mt 2 -L xil_defaultlib -L secureip --snapshot Ajedrez_tb_behav xil_defaultlib.Ajedrez_tb -log elaborate.log 
Using 2 slave threads.
Starting static elaboration
Completed static elaboration
Starting simulation data flow analysis
Completed simulation data flow analysis
Time Resolution for simulation is 1ps
Compiling package std.standard
Compiling package std.textio
Compiling package ieee.std_logic_1164
Compiling package ieee.numeric_std
Compiling package ieee.std_logic_arith
Compiling package ieee.std_logic_unsigned
Compiling package ieee.std_logic_signed
Compiling architecture behavioral of entity xil_defaultlib.clk1Hz [clk1hz_default]
Compiling architecture behavioral of entity xil_defaultlib.Cuenta_atras [cuenta_atras_default]
Compiling architecture behavioral of entity xil_defaultlib.Ajedrez [ajedrez_default]
Compiling architecture tb of entity xil_defaultlib.ajedrez_tb
Built simulation snapshot Ajedrez_tb_behav

****** Webtalk v2021.1 (64-bit)
  **** SW Build 3247384 on Thu Jun 10 19:36:33 MDT 2021
  **** IP Build 3246043 on Fri Jun 11 00:30:35 MDT 2021
    ** Copyright 1986-2021 Xilinx, Inc. All Rights Reserved.

source C:/Users/alejandro/Documents/GitHub/Cronometro-VHDL-Trabajo-SED-2021-/project_1/project_1.sim/sim_1/behav/xsim/xsim.dir/Ajedrez_tb_behav/webtalk/xsim_webtalk.tcl -notrace
INFO: [Common 17-186] 'C:/Users/alejandro/Documents/GitHub/Cronometro-VHDL-Trabajo-SED-2021-/project_1/project_1.sim/sim_1/behav/xsim/xsim.dir/Ajedrez_tb_behav/webtalk/usage_statistics_ext_xsim.xml' has been successfully sent to Xilinx on Sun Jan 16 20:30:06 2022. For additional details about this file, please refer to the WebTalk help file at C:/Xilinx/Vivado/2021.1/doc/webtalk_introduction.html.
INFO: [Common 17-206] Exiting Webtalk at Sun Jan 16 20:30:06 2022...
run_program: Time (s): cpu = 00:00:00 ; elapsed = 00:00:10 . Memory (MB): peak = 1105.945 ; gain = 0.000
INFO: [USF-XSim-69] 'elaborate' step finished in '9' seconds
INFO: [USF-XSim-4] XSim::Simulate design
INFO: [USF-XSim-61] Executing 'SIMULATE' step in 'C:/Users/alejandro/Documents/GitHub/Cronometro-VHDL-Trabajo-SED-2021-/project_1/project_1.sim/sim_1/behav/xsim'
INFO: [USF-XSim-98] *** Running xsim
   with args "Ajedrez_tb_behav -key {Behavioral:sim_1:Functional:Ajedrez_tb} -tclbatch {Ajedrez_tb.tcl} -log {simulate.log}"
INFO: [USF-XSim-8] Loading simulator feature
Time resolution is 1 ps
source Ajedrez_tb.tcl
# set curr_wave [current_wave_config]
# if { [string length $curr_wave] == 0 } {
#   if { [llength [get_objects]] > 0} {
#     add_wave /
#     set_property needs_save false [current_wave_config]
#   } else {
#      send_msg_id Add_Wave-1 WARNING "No top level signals found. Simulator will start without a wave window. If you want to open a wave window go to 'File->New Waveform Configuration' or type 'create_wave_config' in the TCL console."
#   }
# }
# run 1000ns
xsim: Time (s): cpu = 00:00:05 ; elapsed = 00:00:08 . Memory (MB): peak = 1105.945 ; gain = 0.000
INFO: [USF-XSim-96] XSim completed. Design snapshot 'Ajedrez_tb_behav' loaded.
INFO: [USF-XSim-97] XSim simulation ran for 1000ns
launch_simulation: Time (s): cpu = 00:00:05 ; elapsed = 00:00:20 . Memory (MB): peak = 1105.945 ; gain = 0.000
run 1 s
close_sim
INFO: [Simtcl 6-16] Simulation closed
close_sim: Time (s): cpu = 00:00:01 ; elapsed = 00:00:09 . Memory (MB): peak = 1105.945 ; gain = 0.000
launch_simulation
Command: launch_simulation 
INFO: [Vivado 12-12493] Simulation top is 'Ajedrez_tb'
INFO: [Vivado 12-5682] Launching behavioral simulation in 'C:/Users/alejandro/Documents/GitHub/Cronometro-VHDL-Trabajo-SED-2021-/project_1/project_1.sim/sim_1/behav/xsim'
INFO: [SIM-utils-51] Simulation object is 'sim_1'
INFO: [SIM-utils-72] Using boost library from 'C:/Xilinx/Vivado/2021.1/tps/boost_1_72_0'
INFO: [SIM-utils-54] Inspecting design source files for 'Ajedrez_tb' in fileset 'sim_1'...
INFO: [USF-XSim-97] Finding global include files...
INFO: [USF-XSim-98] Fetching design files from 'sim_1'...
INFO: [USF-XSim-2] XSim::Compile design
INFO: [USF-XSim-61] Executing 'COMPILE and ANALYZE' step in 'C:/Users/alejandro/Documents/GitHub/Cronometro-VHDL-Trabajo-SED-2021-/project_1/project_1.sim/sim_1/behav/xsim'
"xvhdl --incr --relax -prj Ajedrez_tb_vhdl.prj"
INFO: [VRFC 10-163] Analyzing VHDL file "C:/Users/alejandro/Documents/GitHub/Cronometro-VHDL-Trabajo-SED-2021-/project_1/project_1.srcs/sim_1/new/Ajedrez_tb.vhd" into library xil_defaultlib
INFO: [VRFC 10-3107] analyzing entity 'Ajedrez_tb'
INFO: [USF-XSim-69] 'compile' step finished in '3' seconds
INFO: [USF-XSim-3] XSim::Elaborate design
INFO: [USF-XSim-61] Executing 'ELABORATE' step in 'C:/Users/alejandro/Documents/GitHub/Cronometro-VHDL-Trabajo-SED-2021-/project_1/project_1.sim/sim_1/behav/xsim'
"xelab -wto 2dc3eae9aa8849d6b9bafb2639e9c63f --incr --debug typical --relax --mt 2 -L xil_defaultlib -L secureip --snapshot Ajedrez_tb_behav xil_defaultlib.Ajedrez_tb -log elaborate.log"
Vivado Simulator v2021.1
Copyright 1986-1999, 2001-2021 Xilinx, Inc. All Rights Reserved.
Running: C:/Xilinx/Vivado/2021.1/bin/unwrapped/win64.o/xelab.exe -wto 2dc3eae9aa8849d6b9bafb2639e9c63f --incr --debug typical --relax --mt 2 -L xil_defaultlib -L secureip --snapshot Ajedrez_tb_behav xil_defaultlib.Ajedrez_tb -log elaborate.log 
Using 2 slave threads.
Starting static elaboration
Completed static elaboration
Starting simulation data flow analysis
Completed simulation data flow analysis
Time Resolution for simulation is 1ps
Compiling package std.standard
Compiling package std.textio
Compiling package ieee.std_logic_1164
Compiling package ieee.numeric_std
Compiling package ieee.std_logic_arith
Compiling package ieee.std_logic_unsigned
Compiling package ieee.std_logic_signed
Compiling architecture behavioral of entity xil_defaultlib.clk1Hz [clk1hz_default]
Compiling architecture behavioral of entity xil_defaultlib.Cuenta_atras [cuenta_atras_default]
Compiling architecture behavioral of entity xil_defaultlib.Ajedrez [ajedrez_default]
Compiling architecture tb of entity xil_defaultlib.ajedrez_tb
Built simulation snapshot Ajedrez_tb_behav
INFO: [USF-XSim-69] 'elaborate' step finished in '3' seconds
INFO: [USF-XSim-4] XSim::Simulate design
INFO: [USF-XSim-61] Executing 'SIMULATE' step in 'C:/Users/alejandro/Documents/GitHub/Cronometro-VHDL-Trabajo-SED-2021-/project_1/project_1.sim/sim_1/behav/xsim'
INFO: [USF-XSim-98] *** Running xsim
   with args "Ajedrez_tb_behav -key {Behavioral:sim_1:Functional:Ajedrez_tb} -tclbatch {Ajedrez_tb.tcl} -log {simulate.log}"
INFO: [USF-XSim-8] Loading simulator feature
Time resolution is 1 ps
source Ajedrez_tb.tcl
# set curr_wave [current_wave_config]
# if { [string length $curr_wave] == 0 } {
#   if { [llength [get_objects]] > 0} {
#     add_wave /
#     set_property needs_save false [current_wave_config]
#   } else {
#      send_msg_id Add_Wave-1 WARNING "No top level signals found. Simulator will start without a wave window. If you want to open a wave window go to 'File->New Waveform Configuration' or type 'create_wave_config' in the TCL console."
#   }
# }
# run 1000ns
xsim: Time (s): cpu = 00:00:04 ; elapsed = 00:00:07 . Memory (MB): peak = 1105.945 ; gain = 0.000
INFO: [USF-XSim-96] XSim completed. Design snapshot 'Ajedrez_tb_behav' loaded.
INFO: [USF-XSim-97] XSim simulation ran for 1000ns
launch_simulation: Time (s): cpu = 00:00:05 ; elapsed = 00:00:13 . Memory (MB): peak = 1105.945 ; gain = 0.000
run 1 s
close_sim
INFO: [Simtcl 6-16] Simulation closed
launch_simulation
Command: launch_simulation 
INFO: [Vivado 12-12493] Simulation top is 'Ajedrez_tb'
INFO: [Vivado 12-5682] Launching behavioral simulation in 'C:/Users/alejandro/Documents/GitHub/Cronometro-VHDL-Trabajo-SED-2021-/project_1/project_1.sim/sim_1/behav/xsim'
INFO: [SIM-utils-51] Simulation object is 'sim_1'
INFO: [SIM-utils-72] Using boost library from 'C:/Xilinx/Vivado/2021.1/tps/boost_1_72_0'
INFO: [SIM-utils-54] Inspecting design source files for 'Ajedrez_tb' in fileset 'sim_1'...
INFO: [USF-XSim-97] Finding global include files...
INFO: [USF-XSim-98] Fetching design files from 'sim_1'...
INFO: [USF-XSim-2] XSim::Compile design
INFO: [USF-XSim-61] Executing 'COMPILE and ANALYZE' step in 'C:/Users/alejandro/Documents/GitHub/Cronometro-VHDL-Trabajo-SED-2021-/project_1/project_1.sim/sim_1/behav/xsim'
"xvhdl --incr --relax -prj Ajedrez_tb_vhdl.prj"
INFO: [VRFC 10-163] Analyzing VHDL file "C:/Users/alejandro/Documents/GitHub/Cronometro-VHDL-Trabajo-SED-2021-/project_1/project_1.srcs/sources_1/new/Ajedrez.vhd" into library xil_defaultlib
INFO: [VRFC 10-3107] analyzing entity 'Ajedrez'
INFO: [USF-XSim-69] 'compile' step finished in '3' seconds
INFO: [USF-XSim-3] XSim::Elaborate design
INFO: [USF-XSim-61] Executing 'ELABORATE' step in 'C:/Users/alejandro/Documents/GitHub/Cronometro-VHDL-Trabajo-SED-2021-/project_1/project_1.sim/sim_1/behav/xsim'
"xelab -wto 2dc3eae9aa8849d6b9bafb2639e9c63f --incr --debug typical --relax --mt 2 -L xil_defaultlib -L secureip --snapshot Ajedrez_tb_behav xil_defaultlib.Ajedrez_tb -log elaborate.log"
Vivado Simulator v2021.1
Copyright 1986-1999, 2001-2021 Xilinx, Inc. All Rights Reserved.
Running: C:/Xilinx/Vivado/2021.1/bin/unwrapped/win64.o/xelab.exe -wto 2dc3eae9aa8849d6b9bafb2639e9c63f --incr --debug typical --relax --mt 2 -L xil_defaultlib -L secureip --snapshot Ajedrez_tb_behav xil_defaultlib.Ajedrez_tb -log elaborate.log 
Using 2 slave threads.
Starting static elaboration
Completed static elaboration
Starting simulation data flow analysis
Completed simulation data flow analysis
Time Resolution for simulation is 1ps
Compiling package std.standard
Compiling package std.textio
Compiling package ieee.std_logic_1164
Compiling package ieee.numeric_std
Compiling package ieee.std_logic_arith
Compiling package ieee.std_logic_unsigned
Compiling package ieee.std_logic_signed
Compiling architecture behavioral of entity xil_defaultlib.clk1Hz [clk1hz_default]
Compiling architecture behavioral of entity xil_defaultlib.Cuenta_atras [cuenta_atras_default]
Compiling architecture behavioral of entity xil_defaultlib.Ajedrez [ajedrez_default]
Compiling architecture tb of entity xil_defaultlib.ajedrez_tb
Built simulation snapshot Ajedrez_tb_behav
INFO: [USF-XSim-69] 'elaborate' step finished in '2' seconds
INFO: [USF-XSim-4] XSim::Simulate design
INFO: [USF-XSim-61] Executing 'SIMULATE' step in 'C:/Users/alejandro/Documents/GitHub/Cronometro-VHDL-Trabajo-SED-2021-/project_1/project_1.sim/sim_1/behav/xsim'
INFO: [USF-XSim-98] *** Running xsim
   with args "Ajedrez_tb_behav -key {Behavioral:sim_1:Functional:Ajedrez_tb} -tclbatch {Ajedrez_tb.tcl} -log {simulate.log}"
INFO: [USF-XSim-8] Loading simulator feature
Time resolution is 1 ps
source Ajedrez_tb.tcl
# set curr_wave [current_wave_config]
# if { [string length $curr_wave] == 0 } {
#   if { [llength [get_objects]] > 0} {
#     add_wave /
#     set_property needs_save false [current_wave_config]
#   } else {
#      send_msg_id Add_Wave-1 WARNING "No top level signals found. Simulator will start without a wave window. If you want to open a wave window go to 'File->New Waveform Configuration' or type 'create_wave_config' in the TCL console."
#   }
# }
# run 1000ns
INFO: [USF-XSim-96] XSim completed. Design snapshot 'Ajedrez_tb_behav' loaded.
INFO: [USF-XSim-97] XSim simulation ran for 1000ns
launch_simulation: Time (s): cpu = 00:00:04 ; elapsed = 00:00:10 . Memory (MB): peak = 1105.945 ; gain = 0.000
run 1 s
run 1 s
close_sim
INFO: [Simtcl 6-16] Simulation closed
launch_simulation
Command: launch_simulation 
INFO: [Vivado 12-12493] Simulation top is 'Ajedrez_tb'
INFO: [Vivado 12-5682] Launching behavioral simulation in 'C:/Users/alejandro/Documents/GitHub/Cronometro-VHDL-Trabajo-SED-2021-/project_1/project_1.sim/sim_1/behav/xsim'
INFO: [SIM-utils-51] Simulation object is 'sim_1'
INFO: [SIM-utils-72] Using boost library from 'C:/Xilinx/Vivado/2021.1/tps/boost_1_72_0'
INFO: [SIM-utils-54] Inspecting design source files for 'Ajedrez_tb' in fileset 'sim_1'...
INFO: [USF-XSim-97] Finding global include files...
INFO: [USF-XSim-98] Fetching design files from 'sim_1'...
INFO: [USF-XSim-2] XSim::Compile design
INFO: [USF-XSim-61] Executing 'COMPILE and ANALYZE' step in 'C:/Users/alejandro/Documents/GitHub/Cronometro-VHDL-Trabajo-SED-2021-/project_1/project_1.sim/sim_1/behav/xsim'
"xvhdl --incr --relax -prj Ajedrez_tb_vhdl.prj"
INFO: [USF-XSim-69] 'compile' step finished in '2' seconds
INFO: [USF-XSim-3] XSim::Elaborate design
INFO: [USF-XSim-61] Executing 'ELABORATE' step in 'C:/Users/alejandro/Documents/GitHub/Cronometro-VHDL-Trabajo-SED-2021-/project_1/project_1.sim/sim_1/behav/xsim'
"xelab -wto 2dc3eae9aa8849d6b9bafb2639e9c63f --incr --debug typical --relax --mt 2 -L xil_defaultlib -L secureip --snapshot Ajedrez_tb_behav xil_defaultlib.Ajedrez_tb -log elaborate.log"
Vivado Simulator v2021.1
Copyright 1986-1999, 2001-2021 Xilinx, Inc. All Rights Reserved.
Running: C:/Xilinx/Vivado/2021.1/bin/unwrapped/win64.o/xelab.exe -wto 2dc3eae9aa8849d6b9bafb2639e9c63f --incr --debug typical --relax --mt 2 -L xil_defaultlib -L secureip --snapshot Ajedrez_tb_behav xil_defaultlib.Ajedrez_tb -log elaborate.log 
Using 2 slave threads.
Starting static elaboration
Completed static elaboration
INFO: [XSIM 43-4323] No Change in HDL. Linking previously generated obj files to create kernel
INFO: [USF-XSim-69] 'elaborate' step finished in '3' seconds
INFO: [USF-XSim-4] XSim::Simulate design
INFO: [USF-XSim-61] Executing 'SIMULATE' step in 'C:/Users/alejandro/Documents/GitHub/Cronometro-VHDL-Trabajo-SED-2021-/project_1/project_1.sim/sim_1/behav/xsim'
INFO: [USF-XSim-98] *** Running xsim
   with args "Ajedrez_tb_behav -key {Behavioral:sim_1:Functional:Ajedrez_tb} -tclbatch {Ajedrez_tb.tcl} -log {simulate.log}"
INFO: [USF-XSim-8] Loading simulator feature
Time resolution is 1 ps
source Ajedrez_tb.tcl
# set curr_wave [current_wave_config]
# if { [string length $curr_wave] == 0 } {
#   if { [llength [get_objects]] > 0} {
#     add_wave /
#     set_property needs_save false [current_wave_config]
#   } else {
#      send_msg_id Add_Wave-1 WARNING "No top level signals found. Simulator will start without a wave window. If you want to open a wave window go to 'File->New Waveform Configuration' or type 'create_wave_config' in the TCL console."
#   }
# }
# run 1000ns
INFO: [USF-XSim-96] XSim completed. Design snapshot 'Ajedrez_tb_behav' loaded.
INFO: [USF-XSim-97] XSim simulation ran for 1000ns
launch_simulation: Time (s): cpu = 00:00:04 ; elapsed = 00:00:09 . Memory (MB): peak = 1105.945 ; gain = 0.000
run 1 s
close_sim
INFO: [Simtcl 6-16] Simulation closed
set_property top MaquinaEstados_tb [get_filesets sim_1]
set_property top_lib xil_defaultlib [get_filesets sim_1]
update_compile_order -fileset sim_1
launch_simulation
Command: launch_simulation 
INFO: [Vivado 12-12493] Simulation top is 'MaquinaEstados_tb'
INFO: [Vivado 12-5682] Launching behavioral simulation in 'C:/Users/alejandro/Documents/GitHub/Cronometro-VHDL-Trabajo-SED-2021-/project_1/project_1.sim/sim_1/behav/xsim'
INFO: [SIM-utils-51] Simulation object is 'sim_1'
INFO: [SIM-utils-72] Using boost library from 'C:/Xilinx/Vivado/2021.1/tps/boost_1_72_0'
INFO: [SIM-utils-54] Inspecting design source files for 'MaquinaEstados_tb' in fileset 'sim_1'...
INFO: [USF-XSim-97] Finding global include files...
INFO: [USF-XSim-98] Fetching design files from 'sim_1'...
INFO: [USF-XSim-2] XSim::Compile design
INFO: [USF-XSim-61] Executing 'COMPILE and ANALYZE' step in 'C:/Users/alejandro/Documents/GitHub/Cronometro-VHDL-Trabajo-SED-2021-/project_1/project_1.sim/sim_1/behav/xsim'
"xvhdl --incr --relax -prj MaquinaEstados_tb_vhdl.prj"
INFO: [VRFC 10-163] Analyzing VHDL file "C:/Users/alejandro/Documents/GitHub/Cronometro-VHDL-Trabajo-SED-2021-/project_1/project_1.srcs/sources_1/new/MaquinaEstados.vhd" into library xil_defaultlib
INFO: [VRFC 10-3107] analyzing entity 'MaquinaEstados'
INFO: [USF-XSim-69] 'compile' step finished in '3' seconds
INFO: [USF-XSim-3] XSim::Elaborate design
INFO: [USF-XSim-61] Executing 'ELABORATE' step in 'C:/Users/alejandro/Documents/GitHub/Cronometro-VHDL-Trabajo-SED-2021-/project_1/project_1.sim/sim_1/behav/xsim'
"xelab -wto 2dc3eae9aa8849d6b9bafb2639e9c63f --incr --debug typical --relax --mt 2 -L xil_defaultlib -L secureip --snapshot MaquinaEstados_tb_behav xil_defaultlib.MaquinaEstados_tb -log elaborate.log"
Vivado Simulator v2021.1
Copyright 1986-1999, 2001-2021 Xilinx, Inc. All Rights Reserved.
Running: C:/Xilinx/Vivado/2021.1/bin/unwrapped/win64.o/xelab.exe -wto 2dc3eae9aa8849d6b9bafb2639e9c63f --incr --debug typical --relax --mt 2 -L xil_defaultlib -L secureip --snapshot MaquinaEstados_tb_behav xil_defaultlib.MaquinaEstados_tb -log elaborate.log 
Using 2 slave threads.
Starting static elaboration
Completed static elaboration
Starting simulation data flow analysis
Completed simulation data flow analysis
ERROR: [XSIM 43-3249] File C:/Users/alejandro/Documents/GitHub/Cronometro-VHDL-Trabajo-SED-2021-/project_1/project_1.srcs/sources_1/new/MaquinaEstados.vhd, line 31. Unresolved signal "estadosiguiente" is multiply driven.
INFO: [USF-XSim-69] 'elaborate' step finished in '2' seconds
INFO: [USF-XSim-99] Step results log file:'C:/Users/alejandro/Documents/GitHub/Cronometro-VHDL-Trabajo-SED-2021-/project_1/project_1.sim/sim_1/behav/xsim/elaborate.log'
ERROR: [USF-XSim-62] 'elaborate' step failed with error(s). Please check the Tcl console output or 'C:/Users/alejandro/Documents/GitHub/Cronometro-VHDL-Trabajo-SED-2021-/project_1/project_1.sim/sim_1/behav/xsim/elaborate.log' file for more information.
ERROR: [Vivado 12-4473] Detected error while running simulation. Please correct the issue and retry this operation.
ERROR: [Common 17-39] 'launch_simulation' failed due to earlier errors.
launch_simulation
Command: launch_simulation 
INFO: [Vivado 12-12493] Simulation top is 'MaquinaEstados_tb'
INFO: [Vivado 12-5682] Launching behavioral simulation in 'C:/Users/alejandro/Documents/GitHub/Cronometro-VHDL-Trabajo-SED-2021-/project_1/project_1.sim/sim_1/behav/xsim'
INFO: [SIM-utils-51] Simulation object is 'sim_1'
INFO: [SIM-utils-72] Using boost library from 'C:/Xilinx/Vivado/2021.1/tps/boost_1_72_0'
INFO: [SIM-utils-54] Inspecting design source files for 'MaquinaEstados_tb' in fileset 'sim_1'...
INFO: [USF-XSim-97] Finding global include files...
INFO: [USF-XSim-98] Fetching design files from 'sim_1'...
INFO: [USF-XSim-2] XSim::Compile design
INFO: [USF-XSim-61] Executing 'COMPILE and ANALYZE' step in 'C:/Users/alejandro/Documents/GitHub/Cronometro-VHDL-Trabajo-SED-2021-/project_1/project_1.sim/sim_1/behav/xsim'
"xvhdl --incr --relax -prj MaquinaEstados_tb_vhdl.prj"
INFO: [USF-XSim-69] 'compile' step finished in '2' seconds
INFO: [USF-XSim-3] XSim::Elaborate design
INFO: [USF-XSim-61] Executing 'ELABORATE' step in 'C:/Users/alejandro/Documents/GitHub/Cronometro-VHDL-Trabajo-SED-2021-/project_1/project_1.sim/sim_1/behav/xsim'
"xelab -wto 2dc3eae9aa8849d6b9bafb2639e9c63f --incr --debug typical --relax --mt 2 -L xil_defaultlib -L secureip --snapshot MaquinaEstados_tb_behav xil_defaultlib.MaquinaEstados_tb -log elaborate.log"
Vivado Simulator v2021.1
Copyright 1986-1999, 2001-2021 Xilinx, Inc. All Rights Reserved.
Running: C:/Xilinx/Vivado/2021.1/bin/unwrapped/win64.o/xelab.exe -wto 2dc3eae9aa8849d6b9bafb2639e9c63f --incr --debug typical --relax --mt 2 -L xil_defaultlib -L secureip --snapshot MaquinaEstados_tb_behav xil_defaultlib.MaquinaEstados_tb -log elaborate.log 
Using 2 slave threads.
Starting static elaboration
Completed static elaboration
Starting simulation data flow analysis
Completed simulation data flow analysis
ERROR: [XSIM 43-3249] File C:/Users/alejandro/Documents/GitHub/Cronometro-VHDL-Trabajo-SED-2021-/project_1/project_1.srcs/sources_1/new/MaquinaEstados.vhd, line 31. Unresolved signal "estadosiguiente" is multiply driven.
INFO: [USF-XSim-69] 'elaborate' step finished in '2' seconds
INFO: [USF-XSim-99] Step results log file:'C:/Users/alejandro/Documents/GitHub/Cronometro-VHDL-Trabajo-SED-2021-/project_1/project_1.sim/sim_1/behav/xsim/elaborate.log'
ERROR: [USF-XSim-62] 'elaborate' step failed with error(s). Please check the Tcl console output or 'C:/Users/alejandro/Documents/GitHub/Cronometro-VHDL-Trabajo-SED-2021-/project_1/project_1.sim/sim_1/behav/xsim/elaborate.log' file for more information.
ERROR: [Vivado 12-4473] Detected error while running simulation. Please correct the issue and retry this operation.
ERROR: [Common 17-39] 'launch_simulation' failed due to earlier errors.
launch_simulation
Command: launch_simulation 
INFO: [Vivado 12-12493] Simulation top is 'MaquinaEstados_tb'
INFO: [Vivado 12-5682] Launching behavioral simulation in 'C:/Users/alejandro/Documents/GitHub/Cronometro-VHDL-Trabajo-SED-2021-/project_1/project_1.sim/sim_1/behav/xsim'
INFO: [SIM-utils-51] Simulation object is 'sim_1'
INFO: [SIM-utils-72] Using boost library from 'C:/Xilinx/Vivado/2021.1/tps/boost_1_72_0'
INFO: [SIM-utils-54] Inspecting design source files for 'MaquinaEstados_tb' in fileset 'sim_1'...
INFO: [USF-XSim-97] Finding global include files...
INFO: [USF-XSim-98] Fetching design files from 'sim_1'...
INFO: [USF-XSim-2] XSim::Compile design
INFO: [USF-XSim-61] Executing 'COMPILE and ANALYZE' step in 'C:/Users/alejandro/Documents/GitHub/Cronometro-VHDL-Trabajo-SED-2021-/project_1/project_1.sim/sim_1/behav/xsim'
"xvhdl --incr --relax -prj MaquinaEstados_tb_vhdl.prj"
INFO: [VRFC 10-163] Analyzing VHDL file "C:/Users/alejandro/Documents/GitHub/Cronometro-VHDL-Trabajo-SED-2021-/project_1/project_1.srcs/sources_1/new/MaquinaEstados.vhd" into library xil_defaultlib
INFO: [VRFC 10-3107] analyzing entity 'MaquinaEstados'
INFO: [USF-XSim-69] 'compile' step finished in '2' seconds
INFO: [USF-XSim-3] XSim::Elaborate design
INFO: [USF-XSim-61] Executing 'ELABORATE' step in 'C:/Users/alejandro/Documents/GitHub/Cronometro-VHDL-Trabajo-SED-2021-/project_1/project_1.sim/sim_1/behav/xsim'
"xelab -wto 2dc3eae9aa8849d6b9bafb2639e9c63f --incr --debug typical --relax --mt 2 -L xil_defaultlib -L secureip --snapshot MaquinaEstados_tb_behav xil_defaultlib.MaquinaEstados_tb -log elaborate.log"
Vivado Simulator v2021.1
Copyright 1986-1999, 2001-2021 Xilinx, Inc. All Rights Reserved.
Running: C:/Xilinx/Vivado/2021.1/bin/unwrapped/win64.o/xelab.exe -wto 2dc3eae9aa8849d6b9bafb2639e9c63f --incr --debug typical --relax --mt 2 -L xil_defaultlib -L secureip --snapshot MaquinaEstados_tb_behav xil_defaultlib.MaquinaEstados_tb -log elaborate.log 
Using 2 slave threads.
Starting static elaboration
Completed static elaboration
Starting simulation data flow analysis
Completed simulation data flow analysis
ERROR: [XSIM 43-3249] File C:/Users/alejandro/Documents/GitHub/Cronometro-VHDL-Trabajo-SED-2021-/project_1/project_1.srcs/sources_1/new/MaquinaEstados.vhd, line 31. Unresolved signal "estadosiguiente" is multiply driven.
INFO: [USF-XSim-69] 'elaborate' step finished in '3' seconds
INFO: [USF-XSim-99] Step results log file:'C:/Users/alejandro/Documents/GitHub/Cronometro-VHDL-Trabajo-SED-2021-/project_1/project_1.sim/sim_1/behav/xsim/elaborate.log'
ERROR: [USF-XSim-62] 'elaborate' step failed with error(s). Please check the Tcl console output or 'C:/Users/alejandro/Documents/GitHub/Cronometro-VHDL-Trabajo-SED-2021-/project_1/project_1.sim/sim_1/behav/xsim/elaborate.log' file for more information.
ERROR: [Vivado 12-4473] Detected error while running simulation. Please correct the issue and retry this operation.
ERROR: [Common 17-39] 'launch_simulation' failed due to earlier errors.
launch_simulation
Command: launch_simulation 
INFO: [Vivado 12-12493] Simulation top is 'MaquinaEstados_tb'
INFO: [Vivado 12-5682] Launching behavioral simulation in 'C:/Users/alejandro/Documents/GitHub/Cronometro-VHDL-Trabajo-SED-2021-/project_1/project_1.sim/sim_1/behav/xsim'
INFO: [SIM-utils-51] Simulation object is 'sim_1'
INFO: [SIM-utils-72] Using boost library from 'C:/Xilinx/Vivado/2021.1/tps/boost_1_72_0'
INFO: [SIM-utils-54] Inspecting design source files for 'MaquinaEstados_tb' in fileset 'sim_1'...
INFO: [USF-XSim-97] Finding global include files...
INFO: [USF-XSim-98] Fetching design files from 'sim_1'...
INFO: [USF-XSim-2] XSim::Compile design
INFO: [USF-XSim-61] Executing 'COMPILE and ANALYZE' step in 'C:/Users/alejandro/Documents/GitHub/Cronometro-VHDL-Trabajo-SED-2021-/project_1/project_1.sim/sim_1/behav/xsim'
"xvhdl --incr --relax -prj MaquinaEstados_tb_vhdl.prj"
INFO: [VRFC 10-163] Analyzing VHDL file "C:/Users/alejandro/Documents/GitHub/Cronometro-VHDL-Trabajo-SED-2021-/project_1/project_1.srcs/sources_1/new/MaquinaEstados.vhd" into library xil_defaultlib
INFO: [VRFC 10-3107] analyzing entity 'MaquinaEstados'
INFO: [USF-XSim-69] 'compile' step finished in '2' seconds
INFO: [USF-XSim-3] XSim::Elaborate design
INFO: [USF-XSim-61] Executing 'ELABORATE' step in 'C:/Users/alejandro/Documents/GitHub/Cronometro-VHDL-Trabajo-SED-2021-/project_1/project_1.sim/sim_1/behav/xsim'
"xelab -wto 2dc3eae9aa8849d6b9bafb2639e9c63f --incr --debug typical --relax --mt 2 -L xil_defaultlib -L secureip --snapshot MaquinaEstados_tb_behav xil_defaultlib.MaquinaEstados_tb -log elaborate.log"
Vivado Simulator v2021.1
Copyright 1986-1999, 2001-2021 Xilinx, Inc. All Rights Reserved.
Running: C:/Xilinx/Vivado/2021.1/bin/unwrapped/win64.o/xelab.exe -wto 2dc3eae9aa8849d6b9bafb2639e9c63f --incr --debug typical --relax --mt 2 -L xil_defaultlib -L secureip --snapshot MaquinaEstados_tb_behav xil_defaultlib.MaquinaEstados_tb -log elaborate.log 
Using 2 slave threads.
Starting static elaboration
Completed static elaboration
Starting simulation data flow analysis
Completed simulation data flow analysis
Time Resolution for simulation is 1ps
Compiling package std.standard
Compiling package std.textio
Compiling package ieee.std_logic_1164
Compiling package ieee.numeric_std
Compiling architecture behavioral of entity xil_defaultlib.clk10kHz [clk10khz_default]
Compiling architecture behavioral of entity xil_defaultlib.MaquinaEstados [maquinaestados_default]
Compiling architecture tb of entity xil_defaultlib.maquinaestados_tb
Built simulation snapshot MaquinaEstados_tb_behav
INFO: [USF-XSim-69] 'elaborate' step finished in '3' seconds
INFO: [USF-XSim-4] XSim::Simulate design
INFO: [USF-XSim-61] Executing 'SIMULATE' step in 'C:/Users/alejandro/Documents/GitHub/Cronometro-VHDL-Trabajo-SED-2021-/project_1/project_1.sim/sim_1/behav/xsim'
INFO: [USF-XSim-98] *** Running xsim
   with args "MaquinaEstados_tb_behav -key {Behavioral:sim_1:Functional:MaquinaEstados_tb} -tclbatch {MaquinaEstados_tb.tcl} -log {simulate.log}"
INFO: [USF-XSim-8] Loading simulator feature
Time resolution is 1 ps
source MaquinaEstados_tb.tcl
# set curr_wave [current_wave_config]
# if { [string length $curr_wave] == 0 } {
#   if { [llength [get_objects]] > 0} {
#     add_wave /
#     set_property needs_save false [current_wave_config]
#   } else {
#      send_msg_id Add_Wave-1 WARNING "No top level signals found. Simulator will start without a wave window. If you want to open a wave window go to 'File->New Waveform Configuration' or type 'create_wave_config' in the TCL console."
#   }
# }
# run 1000ns
xsim: Time (s): cpu = 00:00:04 ; elapsed = 00:00:09 . Memory (MB): peak = 1105.945 ; gain = 0.000
INFO: [USF-XSim-96] XSim completed. Design snapshot 'MaquinaEstados_tb_behav' loaded.
INFO: [USF-XSim-97] XSim simulation ran for 1000ns
launch_simulation: Time (s): cpu = 00:00:04 ; elapsed = 00:00:14 . Memory (MB): peak = 1105.945 ; gain = 0.000
run 1 s
close_sim
INFO: [Simtcl 6-16] Simulation closed
launch_simulation
Command: launch_simulation 
INFO: [Vivado 12-12493] Simulation top is 'MaquinaEstados_tb'
INFO: [Vivado 12-5682] Launching behavioral simulation in 'C:/Users/alejandro/Documents/GitHub/Cronometro-VHDL-Trabajo-SED-2021-/project_1/project_1.sim/sim_1/behav/xsim'
INFO: [SIM-utils-51] Simulation object is 'sim_1'
INFO: [SIM-utils-72] Using boost library from 'C:/Xilinx/Vivado/2021.1/tps/boost_1_72_0'
INFO: [SIM-utils-54] Inspecting design source files for 'MaquinaEstados_tb' in fileset 'sim_1'...
INFO: [USF-XSim-97] Finding global include files...
INFO: [USF-XSim-98] Fetching design files from 'sim_1'...
INFO: [USF-XSim-2] XSim::Compile design
INFO: [USF-XSim-61] Executing 'COMPILE and ANALYZE' step in 'C:/Users/alejandro/Documents/GitHub/Cronometro-VHDL-Trabajo-SED-2021-/project_1/project_1.sim/sim_1/behav/xsim'
"xvhdl --incr --relax -prj MaquinaEstados_tb_vhdl.prj"
INFO: [USF-XSim-69] 'compile' step finished in '3' seconds
INFO: [USF-XSim-3] XSim::Elaborate design
INFO: [USF-XSim-61] Executing 'ELABORATE' step in 'C:/Users/alejandro/Documents/GitHub/Cronometro-VHDL-Trabajo-SED-2021-/project_1/project_1.sim/sim_1/behav/xsim'
"xelab -wto 2dc3eae9aa8849d6b9bafb2639e9c63f --incr --debug typical --relax --mt 2 -L xil_defaultlib -L secureip --snapshot MaquinaEstados_tb_behav xil_defaultlib.MaquinaEstados_tb -log elaborate.log"
Vivado Simulator v2021.1
Copyright 1986-1999, 2001-2021 Xilinx, Inc. All Rights Reserved.
Running: C:/Xilinx/Vivado/2021.1/bin/unwrapped/win64.o/xelab.exe -wto 2dc3eae9aa8849d6b9bafb2639e9c63f --incr --debug typical --relax --mt 2 -L xil_defaultlib -L secureip --snapshot MaquinaEstados_tb_behav xil_defaultlib.MaquinaEstados_tb -log elaborate.log 
Using 2 slave threads.
Starting static elaboration
Completed static elaboration
INFO: [XSIM 43-4323] No Change in HDL. Linking previously generated obj files to create kernel
INFO: [USF-XSim-69] 'elaborate' step finished in '2' seconds
INFO: [USF-XSim-4] XSim::Simulate design
INFO: [USF-XSim-61] Executing 'SIMULATE' step in 'C:/Users/alejandro/Documents/GitHub/Cronometro-VHDL-Trabajo-SED-2021-/project_1/project_1.sim/sim_1/behav/xsim'
INFO: [USF-XSim-98] *** Running xsim
   with args "MaquinaEstados_tb_behav -key {Behavioral:sim_1:Functional:MaquinaEstados_tb} -tclbatch {MaquinaEstados_tb.tcl} -log {simulate.log}"
INFO: [USF-XSim-8] Loading simulator feature
Time resolution is 1 ps
source MaquinaEstados_tb.tcl
# set curr_wave [current_wave_config]
# if { [string length $curr_wave] == 0 } {
#   if { [llength [get_objects]] > 0} {
#     add_wave /
#     set_property needs_save false [current_wave_config]
#   } else {
#      send_msg_id Add_Wave-1 WARNING "No top level signals found. Simulator will start without a wave window. If you want to open a wave window go to 'File->New Waveform Configuration' or type 'create_wave_config' in the TCL console."
#   }
# }
# run 1000ns
xsim: Time (s): cpu = 00:00:03 ; elapsed = 00:00:08 . Memory (MB): peak = 1105.945 ; gain = 0.000
INFO: [USF-XSim-96] XSim completed. Design snapshot 'MaquinaEstados_tb_behav' loaded.
INFO: [USF-XSim-97] XSim simulation ran for 1000ns
launch_simulation: Time (s): cpu = 00:00:04 ; elapsed = 00:00:13 . Memory (MB): peak = 1105.945 ; gain = 0.000
run 1 s
run 1 s
close_sim
INFO: [Simtcl 6-16] Simulation closed
launch_simulation
Command: launch_simulation 
INFO: [Vivado 12-12493] Simulation top is 'MaquinaEstados_tb'
INFO: [Vivado 12-5682] Launching behavioral simulation in 'C:/Users/alejandro/Documents/GitHub/Cronometro-VHDL-Trabajo-SED-2021-/project_1/project_1.sim/sim_1/behav/xsim'
INFO: [SIM-utils-51] Simulation object is 'sim_1'
INFO: [SIM-utils-72] Using boost library from 'C:/Xilinx/Vivado/2021.1/tps/boost_1_72_0'
INFO: [SIM-utils-54] Inspecting design source files for 'MaquinaEstados_tb' in fileset 'sim_1'...
INFO: [USF-XSim-97] Finding global include files...
INFO: [USF-XSim-98] Fetching design files from 'sim_1'...
INFO: [USF-XSim-2] XSim::Compile design
INFO: [USF-XSim-61] Executing 'COMPILE and ANALYZE' step in 'C:/Users/alejandro/Documents/GitHub/Cronometro-VHDL-Trabajo-SED-2021-/project_1/project_1.sim/sim_1/behav/xsim'
"xvhdl --incr --relax -prj MaquinaEstados_tb_vhdl.prj"
INFO: [USF-XSim-69] 'compile' step finished in '2' seconds
INFO: [USF-XSim-3] XSim::Elaborate design
INFO: [USF-XSim-61] Executing 'ELABORATE' step in 'C:/Users/alejandro/Documents/GitHub/Cronometro-VHDL-Trabajo-SED-2021-/project_1/project_1.sim/sim_1/behav/xsim'
"xelab -wto 2dc3eae9aa8849d6b9bafb2639e9c63f --incr --debug typical --relax --mt 2 -L xil_defaultlib -L secureip --snapshot MaquinaEstados_tb_behav xil_defaultlib.MaquinaEstados_tb -log elaborate.log"
Vivado Simulator v2021.1
Copyright 1986-1999, 2001-2021 Xilinx, Inc. All Rights Reserved.
Running: C:/Xilinx/Vivado/2021.1/bin/unwrapped/win64.o/xelab.exe -wto 2dc3eae9aa8849d6b9bafb2639e9c63f --incr --debug typical --relax --mt 2 -L xil_defaultlib -L secureip --snapshot MaquinaEstados_tb_behav xil_defaultlib.MaquinaEstados_tb -log elaborate.log 
Using 2 slave threads.
Starting static elaboration
Completed static elaboration
INFO: [XSIM 43-4323] No Change in HDL. Linking previously generated obj files to create kernel
INFO: [USF-XSim-69] 'elaborate' step finished in '3' seconds
INFO: [USF-XSim-4] XSim::Simulate design
INFO: [USF-XSim-61] Executing 'SIMULATE' step in 'C:/Users/alejandro/Documents/GitHub/Cronometro-VHDL-Trabajo-SED-2021-/project_1/project_1.sim/sim_1/behav/xsim'
INFO: [USF-XSim-98] *** Running xsim
   with args "MaquinaEstados_tb_behav -key {Behavioral:sim_1:Functional:MaquinaEstados_tb} -tclbatch {MaquinaEstados_tb.tcl} -log {simulate.log}"
INFO: [USF-XSim-8] Loading simulator feature
Time resolution is 1 ps
source MaquinaEstados_tb.tcl
# set curr_wave [current_wave_config]
# if { [string length $curr_wave] == 0 } {
#   if { [llength [get_objects]] > 0} {
#     add_wave /
#     set_property needs_save false [current_wave_config]
#   } else {
#      send_msg_id Add_Wave-1 WARNING "No top level signals found. Simulator will start without a wave window. If you want to open a wave window go to 'File->New Waveform Configuration' or type 'create_wave_config' in the TCL console."
#   }
# }
# run 1000ns
INFO: [USF-XSim-96] XSim completed. Design snapshot 'MaquinaEstados_tb_behav' loaded.
INFO: [USF-XSim-97] XSim simulation ran for 1000ns
launch_simulation: Time (s): cpu = 00:00:05 ; elapsed = 00:00:09 . Memory (MB): peak = 1105.945 ; gain = 0.000
run 1 s
close_sim
INFO: [Simtcl 6-16] Simulation closed
launch_simulation
Command: launch_simulation 
INFO: [Vivado 12-12493] Simulation top is 'MaquinaEstados_tb'
INFO: [Vivado 12-5682] Launching behavioral simulation in 'C:/Users/alejandro/Documents/GitHub/Cronometro-VHDL-Trabajo-SED-2021-/project_1/project_1.sim/sim_1/behav/xsim'
INFO: [SIM-utils-51] Simulation object is 'sim_1'
INFO: [SIM-utils-72] Using boost library from 'C:/Xilinx/Vivado/2021.1/tps/boost_1_72_0'
INFO: [SIM-utils-54] Inspecting design source files for 'MaquinaEstados_tb' in fileset 'sim_1'...
INFO: [USF-XSim-97] Finding global include files...
INFO: [USF-XSim-98] Fetching design files from 'sim_1'...
INFO: [USF-XSim-2] XSim::Compile design
INFO: [USF-XSim-61] Executing 'COMPILE and ANALYZE' step in 'C:/Users/alejandro/Documents/GitHub/Cronometro-VHDL-Trabajo-SED-2021-/project_1/project_1.sim/sim_1/behav/xsim'
"xvhdl --incr --relax -prj MaquinaEstados_tb_vhdl.prj"
INFO: [VRFC 10-163] Analyzing VHDL file "C:/Users/alejandro/Documents/GitHub/Cronometro-VHDL-Trabajo-SED-2021-/project_1/project_1.srcs/sources_1/new/MaquinaEstados.vhd" into library xil_defaultlib
INFO: [VRFC 10-3107] analyzing entity 'MaquinaEstados'
INFO: [USF-XSim-69] 'compile' step finished in '2' seconds
INFO: [USF-XSim-3] XSim::Elaborate design
INFO: [USF-XSim-61] Executing 'ELABORATE' step in 'C:/Users/alejandro/Documents/GitHub/Cronometro-VHDL-Trabajo-SED-2021-/project_1/project_1.sim/sim_1/behav/xsim'
"xelab -wto 2dc3eae9aa8849d6b9bafb2639e9c63f --incr --debug typical --relax --mt 2 -L xil_defaultlib -L secureip --snapshot MaquinaEstados_tb_behav xil_defaultlib.MaquinaEstados_tb -log elaborate.log"
Vivado Simulator v2021.1
Copyright 1986-1999, 2001-2021 Xilinx, Inc. All Rights Reserved.
Running: C:/Xilinx/Vivado/2021.1/bin/unwrapped/win64.o/xelab.exe -wto 2dc3eae9aa8849d6b9bafb2639e9c63f --incr --debug typical --relax --mt 2 -L xil_defaultlib -L secureip --snapshot MaquinaEstados_tb_behav xil_defaultlib.MaquinaEstados_tb -log elaborate.log 
Using 2 slave threads.
Starting static elaboration
Completed static elaboration
Starting simulation data flow analysis
Completed simulation data flow analysis
Time Resolution for simulation is 1ps
Compiling package std.standard
Compiling package std.textio
Compiling package ieee.std_logic_1164
Compiling package ieee.numeric_std
Compiling architecture behavioral of entity xil_defaultlib.clk10kHz [clk10khz_default]
Compiling architecture behavioral of entity xil_defaultlib.MaquinaEstados [maquinaestados_default]
Compiling architecture tb of entity xil_defaultlib.maquinaestados_tb
Built simulation snapshot MaquinaEstados_tb_behav
INFO: [USF-XSim-69] 'elaborate' step finished in '3' seconds
INFO: [USF-XSim-4] XSim::Simulate design
INFO: [USF-XSim-61] Executing 'SIMULATE' step in 'C:/Users/alejandro/Documents/GitHub/Cronometro-VHDL-Trabajo-SED-2021-/project_1/project_1.sim/sim_1/behav/xsim'
INFO: [USF-XSim-98] *** Running xsim
   with args "MaquinaEstados_tb_behav -key {Behavioral:sim_1:Functional:MaquinaEstados_tb} -tclbatch {MaquinaEstados_tb.tcl} -log {simulate.log}"
INFO: [USF-XSim-8] Loading simulator feature
Time resolution is 1 ps
source MaquinaEstados_tb.tcl
# set curr_wave [current_wave_config]
# if { [string length $curr_wave] == 0 } {
#   if { [llength [get_objects]] > 0} {
#     add_wave /
#     set_property needs_save false [current_wave_config]
#   } else {
#      send_msg_id Add_Wave-1 WARNING "No top level signals found. Simulator will start without a wave window. If you want to open a wave window go to 'File->New Waveform Configuration' or type 'create_wave_config' in the TCL console."
#   }
# }
# run 1000ns
INFO: [USF-XSim-96] XSim completed. Design snapshot 'MaquinaEstados_tb_behav' loaded.
INFO: [USF-XSim-97] XSim simulation ran for 1000ns
launch_simulation: Time (s): cpu = 00:00:05 ; elapsed = 00:00:11 . Memory (MB): peak = 1157.996 ; gain = 1.168
run 1 s
close_sim
INFO: [Simtcl 6-16] Simulation closed
set_property top TOP [get_filesets sim_1]
set_property top_lib xil_defaultlib [get_filesets sim_1]
update_compile_order -fileset sim_1
reset_run synth_1
launch_runs impl_1 -to_step write_bitstream -jobs 4
[Sun Jan 16 22:13:25 2022] Launched synth_1...
Run output will be captured here: C:/Users/alejandro/Documents/GitHub/Cronometro-VHDL-Trabajo-SED-2021-/project_1/project_1.runs/synth_1/runme.log
[Sun Jan 16 22:13:26 2022] Launched impl_1...
Run output will be captured here: C:/Users/alejandro/Documents/GitHub/Cronometro-VHDL-Trabajo-SED-2021-/project_1/project_1.runs/impl_1/runme.log
reset_run synth_1
launch_runs impl_1 -to_step write_bitstream -jobs 4
[Sun Jan 16 22:15:46 2022] Launched synth_1...
Run output will be captured here: C:/Users/alejandro/Documents/GitHub/Cronometro-VHDL-Trabajo-SED-2021-/project_1/project_1.runs/synth_1/runme.log
[Sun Jan 16 22:15:46 2022] Launched impl_1...
Run output will be captured here: C:/Users/alejandro/Documents/GitHub/Cronometro-VHDL-Trabajo-SED-2021-/project_1/project_1.runs/impl_1/runme.log
exit
INFO: [Common 17-206] Exiting Vivado at Sun Jan 16 22:18:36 2022...
