#-----------------------------------------------------------
# Vivado v2021.1 (64-bit)
# SW Build 3247384 on Thu Jun 10 19:36:33 MDT 2021
# IP Build 3246043 on Fri Jun 11 00:30:35 MDT 2021
# Start of session at: Tue Oct 26 13:20:21 2021
# Process ID: 4472
# Current directory: D:/UNIVERSIDAD/CUARTO/SISTEMAS ELECTRNICOS DIGITALES/project_1
# Command line: vivado.exe -gui_launcher_event rodinguilauncherevent15780 D:\UNIVERSIDAD\CUARTO\SISTEMAS ELECTRNICOS DIGITALES\project_1\project_1.xpr
# Log file: D:/UNIVERSIDAD/CUARTO/SISTEMAS ELECTRNICOS DIGITALES/project_1/vivado.log
# Journal file: D:/UNIVERSIDAD/CUARTO/SISTEMAS ELECTRNICOS DIGITALES/project_1\vivado.jou
#-----------------------------------------------------------
start_gui
open_project {D:/UNIVERSIDAD/CUARTO/SISTEMAS ELECTRNICOS DIGITALES/project_1/project_1.xpr}
WARNING: [filemgmt 56-3] Default IP Output Path : Could not find the directory 'D:/UNIVERSIDAD/CUARTO/SISTEMAS ELECTRNICOS DIGITALES/project_1/project_1.gen/sources_1'.
Scanning sources...
Finished scanning sources
INFO: [IP_Flow 19-234] Refreshing IP repositories
INFO: [IP_Flow 19-1704] No user IP repositories specified
INFO: [IP_Flow 19-2313] Loaded Vivado IP repository 'E:/Vivado/2021.1/data/ip'.
open_project: Time (s): cpu = 00:00:18 ; elapsed = 00:00:09 . Memory (MB): peak = 1122.281 ; gain = 0.000
update_compile_order -fileset sources_1
exit
INFO: [Common 17-206] Exiting Vivado at Tue Oct 26 13:22:48 2021...
